to download: 89 teams
  ok Brighton & Hove Albion FC -> brighton.svg
  ok CD Eldense -> eldense.svg
  ok CD Guadalajara -> cd-guadalajara.svg
  ok CD Numancia de Soria -> numancia.svg
  ok Cercle Brugge KSV -> cercle-brugge.svg
  ok Charlton Athletic FC -> charlton.svg
  ok Crystal Palace FC -> crystal-palace.svg
  ok Esbjerg fB -> esbjerg.svg
  ok Everton FC -> everton.svg
  ok FC Augsburg -> augsburg.svg
  ok FC Baník Ostrava -> banik.svg
  ok FC Basel 1893 -> basel.svg
  ok FC Nantes -> nantes.svg
  ok FC Nordsjælland -> nordsjaelland.svg
  ok FC Salzburg -> salzburg.svg
  ok FC Slovan Liberec -> liberec.svg
  ok FC St. Pauli -> st-pauli.svg
  ok FC Viktoria Plzeň -> viktoria-plzen.svg
  ok FC Zlín -> zlin.svg
  ok FCV Dender EH -> fcv-dender-eh.svg
  ok FK Dukla Praha -> dukla.svg
  ok FK Jablonec -> jablonec.svg
  ok FK Mladá Boleslav -> mlada-boleslav.svg
  ok FK Pardubice -> pardubice.svg
  ok FK Teplice -> teplice.svg
  ok Fulham FC -> fulham.svg
  ok Hamburger SV -> hamburger-sv.svg
  ok Hull City AFC -> hull-city.svg
  ok KAA Gent -> gent.svg
  ok KRC Genk -> genk.svg
  ok KV Mechelen -> mechelen.svg
  ok KVC Westerlo -> westerlo.svg
  ok Kifisias FC -> kifisia.svg
  ok Le Havre AC -> le-havre-ac.svg
  ok Leeds United FC -> leeds-united.svg
  ok Levadiakos FC -> levadiakos.svg
  ok Lille OSC -> lille.svg
  ok Lincoln City FC -> lincoln-city.svg
  ok Lyngby Boldklub -> lyngby.svg
  ok MFK Karviná -> karvina.svg
  ok Malmö FF -> malmo.svg
  ok Manchester United FC -> manchester-united.svg
  ok Nottingham Forest FC -> nottingham-forest.svg
  ok OFI FC -> ofi.svg
  ok OGC Nice Côte d'Azur -> nice.svg
  ok Odense Boldklub -> odense-boldklub.svg
  ok Olympique Lyonnais -> lyon.svg
  ok Orihuela CF -> orihuela-cf.svg
  ok Oud-Heverlee Leuven -> oud-heverlee-leuven.svg
  ok Ourense CF -> ourense-cf.svg
  ok PAE APS Atromitos Athens -> atromitos.svg
  ok PAOK Thessaloniki FC -> paok.svg
  ok Panaitolikos GFS Agrinio -> panetolikos.svg
  ok Panathinaikos FC -> panathinaikos.svg
  ok Panserraikos FC -> panserraikos.svg
  ok Paris FC -> paris-fc.svg
  ok Port Vale FC -> port-vale.svg
  ok RAAL La Louvière -> raal-la-louviere.svg
  ok RC Strasbourg Alsace -> rc-strasbourg-alsace.svg
  ok RSC Anderlecht -> anderlecht.svg
  ok Racing Club de Lens -> rc-lens.svg
  ok Rangers FC -> rangers.svg
  ok RasenBallsport Leipzig -> rb-leipzig.svg
  ok Real Murcia CF -> murcia.svg
  ok Real Ávila CF -> real-avila.svg
  ok Royal Antwerp FC -> antwerp.svg
  ok Royal Charleroi SC -> charleroi.svg
  ok Royal Standard de Liège -> standard-liege.svg
  ok SC Freiburg -> freiburg.svg
  ok SD Logroñés -> logrones.svg
  ok SD Ponferradina -> ponferradina.svg
  ok SK Sigma Olomouc -> olomouc.svg
  ok SV Werder Bremen -> werder-bremen.svg
  ok SV Zulte Waregem -> zulte-waregem.svg
  ok Silkeborg IF -> silkeborg.svg
  ok Sint-Truidense VV -> sint-truidense.svg
  ok Stade Brestois 29 -> brest.svg
  ok Stade Rennais FC -> rennes.svg
  ok Sunderland AFC -> sunderland.svg
  ok Sønderjyske Fodbold -> sonderjyske.svg
  ok TSG 1899 Hoffenheim -> hoffenheim.svg
  ok Toulouse FC -> toulouse.svg
  ok Vejle Boldklub -> vejle-boldklub.svg
  ok VfB Stuttgart 1893 -> vfb-stuttgart.svg
  ok VfL Wolfsburg -> wolfsburg.svg
  ok Viborg FF -> viborg.svg
  ok Volos New Football Club -> volos.svg
  ok West Ham United FC -> west-ham.svg
  ok Wrexham FC -> wrexham.svg

[summary] fresh=89 cached=0 fail=0 mapped=89 banned=False
