2026-01-27 14:10:35,323 - OptaPipeline - INFO - ================================================================================
2026-01-27 14:10:35,323 - OptaPipeline - INFO - 🚀 OPTA PIPELINE - MULTI-COMPETITION MODE
2026-01-27 14:10:35,323 - OptaPipeline - INFO - ================================================================================
2026-01-27 14:10:35,323 - OptaPipeline - INFO - 📊 Processing 4 competition(s):
2026-01-27 14:10:35,323 - OptaPipeline - INFO -    • Spain_Copa_del_Rey (2025-2026)
2026-01-27 14:10:35,323 - OptaPipeline - INFO -    • Spain_Primera_Division (2025-2026)
2026-01-27 14:10:35,323 - OptaPipeline - INFO -    • Spain_Super_Cup (2025-2026)
2026-01-27 14:10:35,323 - OptaPipeline - INFO -    • UEFA_Champions_League (2025-2026)
2026-01-27 14:10:35,323 - OptaPipeline - INFO - ================================================================================
2026-01-27 14:10:35,323 - OptaPipeline - INFO - 🏆 COMPETITION 1/4: Spain_Copa_del_Rey
2026-01-27 14:10:35,323 - OptaPipeline - INFO - 📅 Season: 2025-2026
2026-01-27 14:10:35,323 - OptaPipeline - INFO - ================================================================================
2026-01-27 14:10:35,323 - OptaPipeline - INFO - 🔍 Scraping match URLs...
2026-01-27 14:10:35,323 - OptaPipeline - INFO - 🔍 Scraping matches from: https://www.scoresway.com/en_GB/soccer/copa-del-rey-2025-2026/3lmujqli8r9m12i28wgjxnnys/results
2026-01-27 14:10:35,323 - OptaPipeline - INFO -    Filtering for team: Barcelona
2026-01-27 14:10:56,330 - OptaPipeline - INFO - ✓ Opta widget loaded
2026-01-27 14:10:56,400 - OptaPipeline - INFO - ✅ Scraped 2 matches
2026-01-27 14:10:56,485 - OptaPipeline - INFO - 💾 Saved 2 matches to: /Users/rishirajsinharay/Desktop/Final-Masters-Project/opta_pipeline/data/result/Spain_Copa_del_Rey/2025-2026/matches_urls.csv
2026-01-27 14:10:56,485 - OptaPipeline - INFO - ⬇️  Downloading match data...
2026-01-27 14:10:56,486 - OptaPipeline - INFO - [1/2] Match: 62gdakw1aqqhoomsor9xrhg4
2026-01-27 14:10:56,486 - OptaPipeline - INFO -    ⏭️  Already exists: 62gdakw1aqqhoomsor9xrhg4
2026-01-27 14:10:56,486 - OptaPipeline - INFO - [2/2] Match: 3sx6fp8e2gg1kinflvk8ejg2c
2026-01-27 14:10:56,486 - OptaPipeline - INFO -    ⏭️  Already exists: 3sx6fp8e2gg1kinflvk8ejg2c
2026-01-27 14:10:56,486 - OptaPipeline - INFO - 📊 Downloaded: 2, Skipped: 0
2026-01-27 14:10:56,486 - OptaPipeline - INFO - 🔄 Transforming data to parquet...
2026-01-27 14:10:56,486 - OptaPipeline - INFO - 📋 Transforming Match Info...
2026-01-27 14:10:56,486 - OptaPipeline - INFO - 🔄 Found 2 matchdata files
2026-01-27 14:10:56,486 - OptaPipeline - INFO - 
[1/2] Processing: 3sx6fp8e2gg1kinflvk8ejg2c
2026-01-27 14:10:56,506 - OptaPipeline - INFO -    ✅ match: 2025-12-16_GUA_vs_BAR_3sx6fp8e2gg1kinflvk8ejg2c.parquet
2026-01-27 14:10:56,507 - OptaPipeline - INFO - 
[2/2] Processing: 62gdakw1aqqhoomsor9xrhg4
2026-01-27 14:10:56,514 - OptaPipeline - INFO -    ✅ match: 2026-01-15_RAC_vs_BAR_62gdakw1aqqhoomsor9xrhg4.parquet
2026-01-27 14:10:56,515 - OptaPipeline - INFO - 
✅ Transformed 2/2 match files
2026-01-27 14:10:56,515 - OptaPipeline - INFO - ⚽ Transforming Match Events...
2026-01-27 14:10:56,516 - OptaPipeline - INFO - 🔄 Found 2 matchdata files
2026-01-27 14:10:56,516 - OptaPipeline - INFO - 
[1/2] Processing: 3sx6fp8e2gg1kinflvk8ejg2c
2026-01-27 14:10:56,954 - OptaPipeline - INFO -    ✅ match_event: 2025-12-16_GUA_vs_BAR_3sx6fp8e2gg1kinflvk8ejg2c.parquet (1704 events)
2026-01-27 14:10:56,955 - OptaPipeline - INFO - 
[2/2] Processing: 62gdakw1aqqhoomsor9xrhg4
2026-01-27 14:10:57,411 - OptaPipeline - INFO -    ✅ match_event: 2026-01-15_RAC_vs_BAR_62gdakw1aqqhoomsor9xrhg4.parquet (1762 events)
2026-01-27 14:10:57,412 - OptaPipeline - INFO - 
✅ Transformed 2/2 match events
2026-01-27 14:10:57,412 - OptaPipeline - INFO - ================================================================================
2026-01-27 14:10:57,412 - OptaPipeline - INFO - 🏆 COMPETITION 2/4: Spain_Primera_Division
2026-01-27 14:10:57,412 - OptaPipeline - INFO - 📅 Season: 2025-2026
2026-01-27 14:10:57,412 - OptaPipeline - INFO - ================================================================================
2026-01-27 14:10:57,412 - OptaPipeline - INFO - 🔍 Scraping match URLs...
2026-01-27 14:10:57,412 - OptaPipeline - INFO - 🔍 Scraping matches from: https://www.scoresway.com/en_GB/soccer/primera-divisi%C3%B3n-2025-2026/80zg2v1cuqcfhphn56u4qpyqc/results
2026-01-27 14:10:57,412 - OptaPipeline - INFO -    Filtering for team: Barcelona
2026-01-27 14:11:14,059 - OptaPipeline - INFO - ✓ Opta widget loaded
2026-01-27 14:11:14,168 - OptaPipeline - INFO - ✅ Scraped 21 matches
2026-01-27 14:11:14,248 - OptaPipeline - INFO - 💾 Saved 21 matches to: /Users/rishirajsinharay/Desktop/Final-Masters-Project/opta_pipeline/data/result/Spain_Primera_Division/2025-2026/matches_urls.csv
2026-01-27 14:11:14,248 - OptaPipeline - INFO - ⬇️  Downloading match data...
2026-01-27 14:11:14,248 - OptaPipeline - INFO - [1/21] Match: 257ci0bd6g6l3uk1fn5a0ob2s
2026-01-27 14:11:14,248 - OptaPipeline - INFO -    ⏭️  Already exists: 257ci0bd6g6l3uk1fn5a0ob2s
2026-01-27 14:11:14,248 - OptaPipeline - INFO - [2/21] Match: 20boml0nnzxlvqvyy0ylfxdlg
2026-01-27 14:11:14,248 - OptaPipeline - INFO -    ⏭️  Already exists: 20boml0nnzxlvqvyy0ylfxdlg
2026-01-27 14:11:14,248 - OptaPipeline - INFO - [3/21] Match: 1v9qqviahmnia4ewmzd4aejv8
2026-01-27 14:11:14,248 - OptaPipeline - INFO -    ⏭️  Already exists: 1v9qqviahmnia4ewmzd4aejv8
2026-01-27 14:11:14,249 - OptaPipeline - INFO - [4/21] Match: 1rvgcgz2ftmamcay54gz2qtjo
2026-01-27 14:11:14,249 - OptaPipeline - INFO -    ⏭️  Already exists: 1rvgcgz2ftmamcay54gz2qtjo
2026-01-27 14:11:14,249 - OptaPipeline - INFO - [5/21] Match: 1oi5jmg0ldrmljyz46todfbpw
2026-01-27 14:11:14,249 - OptaPipeline - INFO -    ⏭️  Already exists: 1oi5jmg0ldrmljyz46todfbpw
2026-01-27 14:11:14,249 - OptaPipeline - INFO - [6/21] Match: 1myp00g7w796yt6ts8ojdkys4
2026-01-27 14:11:14,249 - OptaPipeline - INFO -    ⏭️  Already exists: 1myp00g7w796yt6ts8ojdkys4
2026-01-27 14:11:14,249 - OptaPipeline - INFO - [7/21] Match: 1gkqfp2d7qi9h6k34k3mo8zkk
2026-01-27 14:11:14,249 - OptaPipeline - INFO -    ⏭️  Already exists: 1gkqfp2d7qi9h6k34k3mo8zkk
2026-01-27 14:11:14,249 - OptaPipeline - INFO - [8/21] Match: 1dk2hnl09qux7z4fqn1qxq238
2026-01-27 14:11:14,249 - OptaPipeline - INFO -    ⏭️  Already exists: 1dk2hnl09qux7z4fqn1qxq238
2026-01-27 14:11:14,249 - OptaPipeline - INFO - [9/21] Match: 1a7radhhole7vfnciarzauq6s
2026-01-27 14:11:14,249 - OptaPipeline - INFO -    ⏭️  Already exists: 1a7radhhole7vfnciarzauq6s
2026-01-27 14:11:14,249 - OptaPipeline - INFO - [10/21] Match: 16t0fdut4ky4b4es7i0trovtg
2026-01-27 14:11:14,249 - OptaPipeline - INFO -    ⏭️  Already exists: 16t0fdut4ky4b4es7i0trovtg
2026-01-27 14:11:14,249 - OptaPipeline - INFO - [11/21] Match: 113wccwt50kebz0thqf0fxkpg
2026-01-27 14:11:14,249 - OptaPipeline - INFO -    ⏭️  Already exists: 113wccwt50kebz0thqf0fxkpg
2026-01-27 14:11:14,249 - OptaPipeline - INFO - [12/21] Match: ytxz0i1eppxxqupm27ktuln8
2026-01-27 14:11:14,249 - OptaPipeline - INFO -    ⏭️  Already exists: ytxz0i1eppxxqupm27ktuln8
2026-01-27 14:11:14,249 - OptaPipeline - INFO - [13/21] Match: txn45zihl3cp2bv3lj5rmot0
2026-01-27 14:11:14,249 - OptaPipeline - INFO -    ⏭️  Already exists: txn45zihl3cp2bv3lj5rmot0
2026-01-27 14:11:14,249 - OptaPipeline - INFO - [14/21] Match: rbyhgw1kyp0ghg2qpvznvvv8
2026-01-27 14:11:14,249 - OptaPipeline - INFO -    ⏭️  Already exists: rbyhgw1kyp0ghg2qpvznvvv8
2026-01-27 14:11:14,249 - OptaPipeline - INFO - [15/21] Match: mh9g8wbjyoe3ub3ouu0nnsb8
2026-01-27 14:11:14,249 - OptaPipeline - INFO -    ⏭️  Already exists: mh9g8wbjyoe3ub3ouu0nnsb8
2026-01-27 14:11:14,249 - OptaPipeline - INFO - [16/21] Match: kkl8x55qltpl4g1v5260df6c
2026-01-27 14:11:14,249 - OptaPipeline - INFO -    ⏭️  Already exists: kkl8x55qltpl4g1v5260df6c
2026-01-27 14:11:14,249 - OptaPipeline - INFO - [17/21] Match: ekk0usjk6blgzpziu4ho01zo
2026-01-27 14:11:14,249 - OptaPipeline - INFO -    ⏭️  Already exists: ekk0usjk6blgzpziu4ho01zo
2026-01-27 14:11:14,249 - OptaPipeline - INFO - [18/21] Match: b88u5e429cnb6ng0i5t4f9jo
2026-01-27 14:11:14,249 - OptaPipeline - INFO -    ⏭️  Already exists: b88u5e429cnb6ng0i5t4f9jo
2026-01-27 14:11:14,249 - OptaPipeline - INFO - [19/21] Match: a4rapcrtfjbf1vihoi65rm6s
2026-01-27 14:11:14,249 - OptaPipeline - INFO -    ⏭️  Already exists: a4rapcrtfjbf1vihoi65rm6s
2026-01-27 14:11:14,249 - OptaPipeline - INFO - [20/21] Match: 5pp18hcr9ery2hv17q7q6eqc
2026-01-27 14:11:14,249 - OptaPipeline - INFO -    ⏭️  Already exists: 5pp18hcr9ery2hv17q7q6eqc
2026-01-27 14:11:14,249 - OptaPipeline - INFO - [21/21] Match: 2d4xobwd1t1rd2kxlcjmqcyc
2026-01-27 14:11:14,249 - OptaPipeline - INFO -    ⏭️  Already exists: 2d4xobwd1t1rd2kxlcjmqcyc
2026-01-27 14:11:14,250 - OptaPipeline - INFO - 📊 Downloaded: 21, Skipped: 0
2026-01-27 14:11:14,250 - OptaPipeline - INFO - 🔄 Transforming data to parquet...
2026-01-27 14:11:14,250 - OptaPipeline - INFO - 📋 Transforming Match Info...
2026-01-27 14:11:14,250 - OptaPipeline - INFO - 🔄 Found 21 matchdata files
2026-01-27 14:11:14,250 - OptaPipeline - INFO - 
[1/21] Processing: 113wccwt50kebz0thqf0fxkpg
2026-01-27 14:11:14,258 - OptaPipeline - INFO -    ✅ match: 2025-11-02_BAR_vs_ELC_113wccwt50kebz0thqf0fxkpg.parquet
2026-01-27 14:11:14,258 - OptaPipeline - INFO - 
[2/21] Processing: 16t0fdut4ky4b4es7i0trovtg
2026-01-27 14:11:14,268 - OptaPipeline - INFO -    ✅ match: 2025-11-09_CEL_vs_BAR_16t0fdut4ky4b4es7i0trovtg.parquet
2026-01-27 14:11:14,268 - OptaPipeline - INFO - 
[3/21] Processing: 1a7radhhole7vfnciarzauq6s
2026-01-27 14:11:14,277 - OptaPipeline - INFO -    ✅ match: 2025-11-22_BAR_vs_ATH_1a7radhhole7vfnciarzauq6s.parquet
2026-01-27 14:11:14,277 - OptaPipeline - INFO - 
[4/21] Processing: 1dk2hnl09qux7z4fqn1qxq238
2026-01-27 14:11:14,284 - OptaPipeline - INFO -    ✅ match: 2025-11-29_BAR_vs_ALA_1dk2hnl09qux7z4fqn1qxq238.parquet
2026-01-27 14:11:14,284 - OptaPipeline - INFO - 
[5/21] Processing: 1gkqfp2d7qi9h6k34k3mo8zkk
2026-01-27 14:11:14,292 - OptaPipeline - INFO -    ✅ match: 2025-12-06_BET_vs_BAR_1gkqfp2d7qi9h6k34k3mo8zkk.parquet
2026-01-27 14:11:14,292 - OptaPipeline - INFO - 
[6/21] Processing: 1myp00g7w796yt6ts8ojdkys4
2026-01-27 14:11:14,314 - OptaPipeline - INFO -    ✅ match: 2025-12-13_BAR_vs_OSA_1myp00g7w796yt6ts8ojdkys4.parquet
2026-01-27 14:11:14,315 - OptaPipeline - INFO - 
[7/21] Processing: 1oi5jmg0ldrmljyz46todfbpw
2026-01-27 14:11:14,322 - OptaPipeline - INFO -    ✅ match: 2025-12-21_VIL_vs_BAR_1oi5jmg0ldrmljyz46todfbpw.parquet
2026-01-27 14:11:14,322 - OptaPipeline - INFO - 
[8/21] Processing: 1rvgcgz2ftmamcay54gz2qtjo
2026-01-27 14:11:14,330 - OptaPipeline - INFO -    ✅ match: 2026-01-03_ESP_vs_BAR_1rvgcgz2ftmamcay54gz2qtjo.parquet
2026-01-27 14:11:14,330 - OptaPipeline - INFO - 
[9/21] Processing: 1v9qqviahmnia4ewmzd4aejv8
2026-01-27 14:11:14,339 - OptaPipeline - INFO -    ✅ match: 2025-12-02_BAR_vs_ATM_1v9qqviahmnia4ewmzd4aejv8.parquet
2026-01-27 14:11:14,339 - OptaPipeline - INFO - 
[10/21] Processing: 20boml0nnzxlvqvyy0ylfxdlg
2026-01-27 14:11:14,347 - OptaPipeline - INFO -    ✅ match: 2026-01-18_RSO_vs_BAR_20boml0nnzxlvqvyy0ylfxdlg.parquet
2026-01-27 14:11:14,347 - OptaPipeline - INFO - 
[11/21] Processing: 257ci0bd6g6l3uk1fn5a0ob2s
2026-01-27 14:11:14,355 - OptaPipeline - INFO -    ✅ match: 2026-01-25_BAR_vs_OVI_257ci0bd6g6l3uk1fn5a0ob2s.parquet
2026-01-27 14:11:14,355 - OptaPipeline - INFO - 
[12/21] Processing: 2d4xobwd1t1rd2kxlcjmqcyc
2026-01-27 14:11:14,361 - OptaPipeline - INFO -    ✅ match: 2025-08-16_MLL_vs_BAR_2d4xobwd1t1rd2kxlcjmqcyc.parquet
2026-01-27 14:11:14,362 - OptaPipeline - INFO - 
[13/21] Processing: 5pp18hcr9ery2hv17q7q6eqc
2026-01-27 14:11:14,369 - OptaPipeline - INFO -    ✅ match: 2025-08-23_LEV_vs_BAR_5pp18hcr9ery2hv17q7q6eqc.parquet
2026-01-27 14:11:14,369 - OptaPipeline - INFO - 
[14/21] Processing: a4rapcrtfjbf1vihoi65rm6s
2026-01-27 14:11:14,377 - OptaPipeline - INFO -    ✅ match: 2025-08-31_RAY_vs_BAR_a4rapcrtfjbf1vihoi65rm6s.parquet
2026-01-27 14:11:14,377 - OptaPipeline - INFO - 
[15/21] Processing: b88u5e429cnb6ng0i5t4f9jo
2026-01-27 14:11:14,384 - OptaPipeline - INFO -    ✅ match: 2025-09-14_BAR_vs_VAL_b88u5e429cnb6ng0i5t4f9jo.parquet
2026-01-27 14:11:14,384 - OptaPipeline - INFO - 
[16/21] Processing: ekk0usjk6blgzpziu4ho01zo
2026-01-27 14:11:14,391 - OptaPipeline - INFO -    ✅ match: 2025-09-21_BAR_vs_GET_ekk0usjk6blgzpziu4ho01zo.parquet
2026-01-27 14:11:14,391 - OptaPipeline - INFO - 
[17/21] Processing: kkl8x55qltpl4g1v5260df6c
2026-01-27 14:11:14,412 - OptaPipeline - INFO -    ✅ match: 2025-09-25_OVI_vs_BAR_kkl8x55qltpl4g1v5260df6c.parquet
2026-01-27 14:11:14,413 - OptaPipeline - INFO - 
[18/21] Processing: mh9g8wbjyoe3ub3ouu0nnsb8
2026-01-27 14:11:14,421 - OptaPipeline - INFO -    ✅ match: 2025-09-28_BAR_vs_RSO_mh9g8wbjyoe3ub3ouu0nnsb8.parquet
2026-01-27 14:11:14,421 - OptaPipeline - INFO - 
[19/21] Processing: rbyhgw1kyp0ghg2qpvznvvv8
2026-01-27 14:11:14,429 - OptaPipeline - INFO -    ✅ match: 2025-10-05_SEV_vs_BAR_rbyhgw1kyp0ghg2qpvznvvv8.parquet
2026-01-27 14:11:14,429 - OptaPipeline - INFO - 
[20/21] Processing: txn45zihl3cp2bv3lj5rmot0
2026-01-27 14:11:14,437 - OptaPipeline - INFO -    ✅ match: 2025-10-18_BAR_vs_GIR_txn45zihl3cp2bv3lj5rmot0.parquet
2026-01-27 14:11:14,437 - OptaPipeline - INFO - 
[21/21] Processing: ytxz0i1eppxxqupm27ktuln8
2026-01-27 14:11:14,446 - OptaPipeline - INFO -    ✅ match: 2025-10-26_RMA_vs_BAR_ytxz0i1eppxxqupm27ktuln8.parquet
2026-01-27 14:11:14,446 - OptaPipeline - INFO - 
✅ Transformed 21/21 match files
2026-01-27 14:11:14,446 - OptaPipeline - INFO - ⚽ Transforming Match Events...
2026-01-27 14:11:14,447 - OptaPipeline - INFO - 🔄 Found 21 matchdata files
2026-01-27 14:11:14,448 - OptaPipeline - INFO - 
[1/21] Processing: 113wccwt50kebz0thqf0fxkpg
2026-01-27 14:11:14,855 - OptaPipeline - INFO -    ✅ match_event: 2025-11-02_BAR_vs_ELC_113wccwt50kebz0thqf0fxkpg.parquet (1627 events)
2026-01-27 14:11:14,857 - OptaPipeline - INFO - 
[2/21] Processing: 16t0fdut4ky4b4es7i0trovtg
2026-01-27 14:11:15,376 - OptaPipeline - INFO -    ✅ match_event: 2025-11-09_CEL_vs_BAR_16t0fdut4ky4b4es7i0trovtg.parquet (1918 events)
2026-01-27 14:11:15,378 - OptaPipeline - INFO - 
[3/21] Processing: 1a7radhhole7vfnciarzauq6s
2026-01-27 14:11:15,839 - OptaPipeline - INFO -    ✅ match_event: 2025-11-22_BAR_vs_ATH_1a7radhhole7vfnciarzauq6s.parquet (1793 events)
2026-01-27 14:11:15,841 - OptaPipeline - INFO - 
[4/21] Processing: 1dk2hnl09qux7z4fqn1qxq238
2026-01-27 14:11:16,323 - OptaPipeline - INFO -    ✅ match_event: 2025-11-29_BAR_vs_ALA_1dk2hnl09qux7z4fqn1qxq238.parquet (1861 events)
2026-01-27 14:11:16,324 - OptaPipeline - INFO - 
[5/21] Processing: 1gkqfp2d7qi9h6k34k3mo8zkk
2026-01-27 14:11:16,792 - OptaPipeline - INFO -    ✅ match_event: 2025-12-06_BET_vs_BAR_1gkqfp2d7qi9h6k34k3mo8zkk.parquet (1775 events)
2026-01-27 14:11:16,793 - OptaPipeline - INFO - 
[6/21] Processing: 1myp00g7w796yt6ts8ojdkys4
2026-01-27 14:11:17,241 - OptaPipeline - INFO -    ✅ match_event: 2025-12-13_BAR_vs_OSA_1myp00g7w796yt6ts8ojdkys4.parquet (1710 events)
2026-01-27 14:11:17,243 - OptaPipeline - INFO - 
[7/21] Processing: 1oi5jmg0ldrmljyz46todfbpw
2026-01-27 14:11:17,695 - OptaPipeline - INFO -    ✅ match_event: 2025-12-21_VIL_vs_BAR_1oi5jmg0ldrmljyz46todfbpw.parquet (1769 events)
2026-01-27 14:11:17,696 - OptaPipeline - INFO - 
[8/21] Processing: 1rvgcgz2ftmamcay54gz2qtjo
2026-01-27 14:11:18,106 - OptaPipeline - INFO -    ✅ match_event: 2026-01-03_ESP_vs_BAR_1rvgcgz2ftmamcay54gz2qtjo.parquet (1570 events)
2026-01-27 14:11:18,107 - OptaPipeline - INFO - 
[9/21] Processing: 1v9qqviahmnia4ewmzd4aejv8
2026-01-27 14:11:18,571 - OptaPipeline - INFO -    ✅ match_event: 2025-12-02_BAR_vs_ATM_1v9qqviahmnia4ewmzd4aejv8.parquet (1824 events)
2026-01-27 14:11:18,572 - OptaPipeline - INFO - 
[10/21] Processing: 20boml0nnzxlvqvyy0ylfxdlg
2026-01-27 14:11:19,019 - OptaPipeline - INFO -    ✅ match_event: 2026-01-18_RSO_vs_BAR_20boml0nnzxlvqvyy0ylfxdlg.parquet (1725 events)
2026-01-27 14:11:19,020 - OptaPipeline - INFO - 
[11/21] Processing: 257ci0bd6g6l3uk1fn5a0ob2s
2026-01-27 14:11:19,485 - OptaPipeline - INFO -    ✅ match_event: 2026-01-25_BAR_vs_OVI_257ci0bd6g6l3uk1fn5a0ob2s.parquet (1784 events)
2026-01-27 14:11:19,486 - OptaPipeline - INFO - 
[12/21] Processing: 2d4xobwd1t1rd2kxlcjmqcyc
2026-01-27 14:11:19,896 - OptaPipeline - INFO -    ✅ match_event: 2025-08-16_MLL_vs_BAR_2d4xobwd1t1rd2kxlcjmqcyc.parquet (1500 events)
2026-01-27 14:11:19,897 - OptaPipeline - INFO - 
[13/21] Processing: 5pp18hcr9ery2hv17q7q6eqc
2026-01-27 14:11:20,361 - OptaPipeline - INFO -    ✅ match_event: 2025-08-23_LEV_vs_BAR_5pp18hcr9ery2hv17q7q6eqc.parquet (1780 events)
2026-01-27 14:11:20,363 - OptaPipeline - INFO - 
[14/21] Processing: a4rapcrtfjbf1vihoi65rm6s
2026-01-27 14:11:20,786 - OptaPipeline - INFO -    ✅ match_event: 2025-08-31_RAY_vs_BAR_a4rapcrtfjbf1vihoi65rm6s.parquet (1663 events)
2026-01-27 14:11:20,787 - OptaPipeline - INFO - 
[15/21] Processing: b88u5e429cnb6ng0i5t4f9jo
2026-01-27 14:11:21,238 - OptaPipeline - INFO -    ✅ match_event: 2025-09-14_BAR_vs_VAL_b88u5e429cnb6ng0i5t4f9jo.parquet (1684 events)
2026-01-27 14:11:21,239 - OptaPipeline - INFO - 
[16/21] Processing: ekk0usjk6blgzpziu4ho01zo
2026-01-27 14:11:21,718 - OptaPipeline - INFO -    ✅ match_event: 2025-09-21_BAR_vs_GET_ekk0usjk6blgzpziu4ho01zo.parquet (1839 events)
2026-01-27 14:11:21,719 - OptaPipeline - INFO - 
[17/21] Processing: kkl8x55qltpl4g1v5260df6c
2026-01-27 14:11:22,188 - OptaPipeline - INFO -    ✅ match_event: 2025-09-25_OVI_vs_BAR_kkl8x55qltpl4g1v5260df6c.parquet (1783 events)
2026-01-27 14:11:22,189 - OptaPipeline - INFO - 
[18/21] Processing: mh9g8wbjyoe3ub3ouu0nnsb8
2026-01-27 14:11:22,675 - OptaPipeline - INFO -    ✅ match_event: 2025-09-28_BAR_vs_RSO_mh9g8wbjyoe3ub3ouu0nnsb8.parquet (1794 events)
2026-01-27 14:11:22,676 - OptaPipeline - INFO - 
[19/21] Processing: rbyhgw1kyp0ghg2qpvznvvv8
2026-01-27 14:11:23,082 - OptaPipeline - INFO -    ✅ match_event: 2025-10-05_SEV_vs_BAR_rbyhgw1kyp0ghg2qpvznvvv8.parquet (1523 events)
2026-01-27 14:11:23,083 - OptaPipeline - INFO - 
[20/21] Processing: txn45zihl3cp2bv3lj5rmot0
2026-01-27 14:11:23,552 - OptaPipeline - INFO -    ✅ match_event: 2025-10-18_BAR_vs_GIR_txn45zihl3cp2bv3lj5rmot0.parquet (1743 events)
2026-01-27 14:11:23,553 - OptaPipeline - INFO - 
[21/21] Processing: ytxz0i1eppxxqupm27ktuln8
2026-01-27 14:11:24,026 - OptaPipeline - INFO -    ✅ match_event: 2025-10-26_RMA_vs_BAR_ytxz0i1eppxxqupm27ktuln8.parquet (1783 events)
2026-01-27 14:11:24,027 - OptaPipeline - INFO - 
✅ Transformed 21/21 match events
2026-01-27 14:11:24,028 - OptaPipeline - INFO - ================================================================================
2026-01-27 14:11:24,028 - OptaPipeline - INFO - 🏆 COMPETITION 3/4: Spain_Super_Cup
2026-01-27 14:11:24,028 - OptaPipeline - INFO - 📅 Season: 2025-2026
2026-01-27 14:11:24,028 - OptaPipeline - INFO - ================================================================================
2026-01-27 14:11:24,028 - OptaPipeline - INFO - 🔍 Scraping match URLs...
2026-01-27 14:11:24,028 - OptaPipeline - INFO - 🔍 Scraping matches from: https://www.scoresway.com/en_GB/soccer/supercopa-de-espana-2025-2026/calfow53qyurf0wi9rr96m6tw/results
2026-01-27 14:11:24,028 - OptaPipeline - INFO -    Filtering for team: Barcelona
2026-01-27 14:11:43,762 - OptaPipeline - INFO - ✓ Opta widget loaded
2026-01-27 14:11:43,771 - OptaPipeline - INFO - ✅ Scraped 2 matches
2026-01-27 14:11:43,853 - OptaPipeline - INFO - 💾 Saved 2 matches to: /Users/rishirajsinharay/Desktop/Final-Masters-Project/opta_pipeline/data/result/Spain_Super_Cup/2025-2026/matches_urls.csv
2026-01-27 14:11:43,853 - OptaPipeline - INFO - ⬇️  Downloading match data...
2026-01-27 14:11:43,854 - OptaPipeline - INFO - [1/2] Match: 18rkqb1lhon6ne1hdb6d15as
2026-01-27 14:11:43,854 - OptaPipeline - INFO -    ⏭️  Already exists: 18rkqb1lhon6ne1hdb6d15as
2026-01-27 14:11:43,854 - OptaPipeline - INFO - [2/2] Match: z5hatp2undeejhiga4xoytjo
2026-01-27 14:11:43,854 - OptaPipeline - INFO -    ⏭️  Already exists: z5hatp2undeejhiga4xoytjo
2026-01-27 14:11:43,854 - OptaPipeline - INFO - 📊 Downloaded: 2, Skipped: 0
2026-01-27 14:11:43,854 - OptaPipeline - INFO - 🔄 Transforming data to parquet...
2026-01-27 14:11:43,854 - OptaPipeline - INFO - 📋 Transforming Match Info...
2026-01-27 14:11:43,854 - OptaPipeline - INFO - 🔄 Found 2 matchdata files
2026-01-27 14:11:43,854 - OptaPipeline - INFO - 
[1/2] Processing: 18rkqb1lhon6ne1hdb6d15as
2026-01-27 14:11:43,863 - OptaPipeline - INFO -    ✅ match: 2026-01-11_BAR_vs_RMA_18rkqb1lhon6ne1hdb6d15as.parquet
2026-01-27 14:11:43,863 - OptaPipeline - INFO - 
[2/2] Processing: z5hatp2undeejhiga4xoytjo
2026-01-27 14:11:43,871 - OptaPipeline - INFO -    ✅ match: 2026-01-07_BAR_vs_ATH_z5hatp2undeejhiga4xoytjo.parquet
2026-01-27 14:11:43,871 - OptaPipeline - INFO - 
✅ Transformed 2/2 match files
2026-01-27 14:11:43,871 - OptaPipeline - INFO - ⚽ Transforming Match Events...
2026-01-27 14:11:43,873 - OptaPipeline - INFO - 🔄 Found 2 matchdata files
2026-01-27 14:11:43,873 - OptaPipeline - INFO - 
[1/2] Processing: 18rkqb1lhon6ne1hdb6d15as
2026-01-27 14:11:44,321 - OptaPipeline - INFO -    ✅ match_event: 2026-01-11_BAR_vs_RMA_18rkqb1lhon6ne1hdb6d15as.parquet (1726 events)
2026-01-27 14:11:44,323 - OptaPipeline - INFO - 
[2/2] Processing: z5hatp2undeejhiga4xoytjo
2026-01-27 14:11:44,786 - OptaPipeline - INFO -    ✅ match_event: 2026-01-07_BAR_vs_ATH_z5hatp2undeejhiga4xoytjo.parquet (1759 events)
2026-01-27 14:11:44,788 - OptaPipeline - INFO - 
✅ Transformed 2/2 match events
2026-01-27 14:11:44,788 - OptaPipeline - INFO - ================================================================================
2026-01-27 14:11:44,788 - OptaPipeline - INFO - 🏆 COMPETITION 4/4: UEFA_Champions_League
2026-01-27 14:11:44,788 - OptaPipeline - INFO - 📅 Season: 2025-2026
2026-01-27 14:11:44,788 - OptaPipeline - INFO - ================================================================================
2026-01-27 14:11:44,788 - OptaPipeline - INFO - 🔍 Scraping match URLs...
2026-01-27 14:11:44,788 - OptaPipeline - INFO - 🔍 Scraping matches from: https://www.scoresway.com/en_GB/soccer/uefa-champions-league-2025-2026/2mr0u0l78k2gdsm79q56tb2fo/results
2026-01-27 14:11:44,788 - OptaPipeline - INFO -    Filtering for team: Barcelona
2026-01-27 14:12:03,704 - OptaPipeline - INFO - ✓ Opta widget loaded
2026-01-27 14:12:03,816 - OptaPipeline - INFO - ✅ Scraped 7 matches
2026-01-27 14:12:03,900 - OptaPipeline - INFO - 💾 Saved 7 matches to: /Users/rishirajsinharay/Desktop/Final-Masters-Project/opta_pipeline/data/result/UEFA_Champions_League/2025-2026/matches_urls.csv
2026-01-27 14:12:03,900 - OptaPipeline - INFO - ⬇️  Downloading match data...
2026-01-27 14:12:03,901 - OptaPipeline - INFO - [1/7] Match: 61upafdbc4mwkdmp1k5ajqu50
2026-01-27 14:12:03,901 - OptaPipeline - INFO -    ⏭️  Already exists: 61upafdbc4mwkdmp1k5ajqu50
2026-01-27 14:12:03,901 - OptaPipeline - INFO - [2/7] Match: 5q05t4o4el0d6rhmncz6pxqms
2026-01-27 14:12:03,901 - OptaPipeline - INFO -    ⏭️  Already exists: 5q05t4o4el0d6rhmncz6pxqms
2026-01-27 14:12:03,901 - OptaPipeline - INFO - [3/7] Match: 5iss7tc562nnymg0uiewtt0r8
2026-01-27 14:12:03,901 - OptaPipeline - INFO -    ⏭️  Already exists: 5iss7tc562nnymg0uiewtt0r8
2026-01-27 14:12:03,901 - OptaPipeline - INFO - [4/7] Match: 5fbfmxmdror7xvtcq3a41pkpg
2026-01-27 14:12:03,901 - OptaPipeline - INFO -    ⏭️  Already exists: 5fbfmxmdror7xvtcq3a41pkpg
2026-01-27 14:12:03,901 - OptaPipeline - INFO - [5/7] Match: 547fv6pkd98zbsl3ha92ih0d0
2026-01-27 14:12:03,901 - OptaPipeline - INFO -    ⏭️  Already exists: 547fv6pkd98zbsl3ha92ih0d0
2026-01-27 14:12:03,901 - OptaPipeline - INFO - [6/7] Match: 535v16ejka2ckhekin6euxg5w
2026-01-27 14:12:03,901 - OptaPipeline - INFO -    ⏭️  Already exists: 535v16ejka2ckhekin6euxg5w
2026-01-27 14:12:03,901 - OptaPipeline - INFO - [7/7] Match: 4x2w9j51dk7kc90orh6vkm2hg
2026-01-27 14:12:03,901 - OptaPipeline - INFO -    ⏭️  Already exists: 4x2w9j51dk7kc90orh6vkm2hg
2026-01-27 14:12:03,901 - OptaPipeline - INFO - 📊 Downloaded: 7, Skipped: 0
2026-01-27 14:12:03,901 - OptaPipeline - INFO - 🔄 Transforming data to parquet...
2026-01-27 14:12:03,902 - OptaPipeline - INFO - 📋 Transforming Match Info...
2026-01-27 14:12:03,902 - OptaPipeline - INFO - 🔄 Found 7 matchdata files
2026-01-27 14:12:03,902 - OptaPipeline - INFO - 
[1/7] Processing: 4x2w9j51dk7kc90orh6vkm2hg
2026-01-27 14:12:03,910 - OptaPipeline - INFO -    ✅ match: 2025-09-18_NEW_vs_BAR_4x2w9j51dk7kc90orh6vkm2hg.parquet
2026-01-27 14:12:03,910 - OptaPipeline - INFO - 
[2/7] Processing: 535v16ejka2ckhekin6euxg5w
2026-01-27 14:12:03,918 - OptaPipeline - INFO -    ✅ match: 2025-10-01_BAR_vs_PSG_535v16ejka2ckhekin6euxg5w.parquet
2026-01-27 14:12:03,918 - OptaPipeline - INFO - 
[3/7] Processing: 547fv6pkd98zbsl3ha92ih0d0
2026-01-27 14:12:03,927 - OptaPipeline - INFO -    ✅ match: 2025-10-21_BAR_vs_OLY_547fv6pkd98zbsl3ha92ih0d0.parquet
2026-01-27 14:12:03,927 - OptaPipeline - INFO - 
[4/7] Processing: 5fbfmxmdror7xvtcq3a41pkpg
2026-01-27 14:12:03,935 - OptaPipeline - INFO -    ✅ match: 2025-11-05_CLU_vs_BAR_5fbfmxmdror7xvtcq3a41pkpg.parquet
2026-01-27 14:12:03,935 - OptaPipeline - INFO - 
[5/7] Processing: 5iss7tc562nnymg0uiewtt0r8
2026-01-27 14:12:03,942 - OptaPipeline - INFO -    ✅ match: 2025-11-25_CHE_vs_BAR_5iss7tc562nnymg0uiewtt0r8.parquet
2026-01-27 14:12:03,942 - OptaPipeline - INFO - 
[6/7] Processing: 5q05t4o4el0d6rhmncz6pxqms
2026-01-27 14:12:03,950 - OptaPipeline - INFO -    ✅ match: 2025-12-09_BAR_vs_SGE_5q05t4o4el0d6rhmncz6pxqms.parquet
2026-01-27 14:12:03,950 - OptaPipeline - INFO - 
[7/7] Processing: 61upafdbc4mwkdmp1k5ajqu50
2026-01-27 14:12:03,975 - OptaPipeline - INFO -    ✅ match: 2026-01-21_SLA_vs_BAR_61upafdbc4mwkdmp1k5ajqu50.parquet
2026-01-27 14:12:03,975 - OptaPipeline - INFO - 
✅ Transformed 7/7 match files
2026-01-27 14:12:03,975 - OptaPipeline - INFO - ⚽ Transforming Match Events...
2026-01-27 14:12:03,977 - OptaPipeline - INFO - 🔄 Found 7 matchdata files
2026-01-27 14:12:03,977 - OptaPipeline - INFO - 
[1/7] Processing: 4x2w9j51dk7kc90orh6vkm2hg
2026-01-27 14:12:04,410 - OptaPipeline - INFO -    ✅ match_event: 2025-09-18_NEW_vs_BAR_4x2w9j51dk7kc90orh6vkm2hg.parquet (1690 events)
2026-01-27 14:12:04,412 - OptaPipeline - INFO - 
[2/7] Processing: 535v16ejka2ckhekin6euxg5w
2026-01-27 14:12:04,827 - OptaPipeline - INFO -    ✅ match_event: 2025-10-01_BAR_vs_PSG_535v16ejka2ckhekin6euxg5w.parquet (1657 events)
2026-01-27 14:12:04,828 - OptaPipeline - INFO - 
[3/7] Processing: 547fv6pkd98zbsl3ha92ih0d0
2026-01-27 14:12:05,251 - OptaPipeline - INFO -    ✅ match_event: 2025-10-21_BAR_vs_OLY_547fv6pkd98zbsl3ha92ih0d0.parquet (1661 events)
2026-01-27 14:12:05,252 - OptaPipeline - INFO - 
[4/7] Processing: 5fbfmxmdror7xvtcq3a41pkpg
2026-01-27 14:12:05,709 - OptaPipeline - INFO -    ✅ match_event: 2025-11-05_CLU_vs_BAR_5fbfmxmdror7xvtcq3a41pkpg.parquet (1670 events)
2026-01-27 14:12:05,710 - OptaPipeline - INFO - 
[5/7] Processing: 5iss7tc562nnymg0uiewtt0r8
2026-01-27 14:12:06,137 - OptaPipeline - INFO -    ✅ match_event: 2025-11-25_CHE_vs_BAR_5iss7tc562nnymg0uiewtt0r8.parquet (1694 events)
2026-01-27 14:12:06,138 - OptaPipeline - INFO - 
[6/7] Processing: 5q05t4o4el0d6rhmncz6pxqms
2026-01-27 14:12:06,637 - OptaPipeline - INFO -    ✅ match_event: 2025-12-09_BAR_vs_SGE_5q05t4o4el0d6rhmncz6pxqms.parquet (1893 events)
2026-01-27 14:12:06,638 - OptaPipeline - INFO - 
[7/7] Processing: 61upafdbc4mwkdmp1k5ajqu50
2026-01-27 14:12:07,090 - OptaPipeline - INFO -    ✅ match_event: 2026-01-21_SLA_vs_BAR_61upafdbc4mwkdmp1k5ajqu50.parquet (1715 events)
2026-01-27 14:12:07,092 - OptaPipeline - INFO - 
✅ Transformed 7/7 match events
2026-01-27 14:12:07,092 - OptaPipeline - INFO - ================================================================================
2026-01-27 14:12:07,092 - OptaPipeline - INFO - 📈 FINAL SUMMARY - ALL COMPETITIONS
2026-01-27 14:12:07,092 - OptaPipeline - INFO - ================================================================================
2026-01-27 14:12:07,092 - OptaPipeline - INFO - ✅ Successful: 4/4
2026-01-27 14:12:07,092 - OptaPipeline - INFO - ❌ Failed: 0/4
2026-01-27 14:12:07,092 - OptaPipeline - INFO - Match parquets: 32
2026-01-27 14:12:07,092 - OptaPipeline - INFO - Event parquets: 32
2026-01-27 14:27:45,396 - OptaPipeline - INFO - ================================================================================
2026-01-27 14:27:45,396 - OptaPipeline - INFO - 🚀 OPTA PIPELINE - MULTI-COMPETITION MODE
2026-01-27 14:27:45,396 - OptaPipeline - INFO - ================================================================================
2026-01-27 14:27:45,396 - OptaPipeline - INFO - 📊 Processing 4 competition(s):
2026-01-27 14:27:45,396 - OptaPipeline - INFO -    • Spain_Copa_del_Rey (2025-2026)
2026-01-27 14:27:45,396 - OptaPipeline - INFO -    • Spain_Primera_Division (2025-2026)
2026-01-27 14:27:45,396 - OptaPipeline - INFO -    • Spain_Super_Cup (2025-2026)
2026-01-27 14:27:45,396 - OptaPipeline - INFO -    • UEFA_Champions_League (2025-2026)
2026-01-27 14:27:45,396 - OptaPipeline - INFO - ================================================================================
2026-01-27 14:27:45,396 - OptaPipeline - INFO - 🏆 COMPETITION 1/4: Spain_Copa_del_Rey
2026-01-27 14:27:45,396 - OptaPipeline - INFO - 📅 Season: 2025-2026
2026-01-27 14:27:45,396 - OptaPipeline - INFO - ================================================================================
2026-01-27 14:27:45,396 - OptaPipeline - INFO - 🔍 Scraping match URLs...
2026-01-27 14:27:45,396 - OptaPipeline - INFO - 🔍 Scraping matches from: https://www.scoresway.com/en_GB/soccer/copa-del-rey-2025-2026/3lmujqli8r9m12i28wgjxnnys/results
2026-01-27 14:27:45,396 - OptaPipeline - INFO -    Filtering for team: Barcelona
2026-01-27 14:28:05,877 - OptaPipeline - INFO - ✓ Opta widget loaded
2026-01-27 14:28:05,940 - OptaPipeline - INFO - ✅ Scraped 2 matches
2026-01-27 14:28:06,021 - OptaPipeline - INFO - 💾 Saved 2 matches to: /Users/rishirajsinharay/Desktop/Final-Masters-Project/opta_pipeline/data/result/Spain_Copa_del_Rey/2025-2026/matches_urls.csv
2026-01-27 14:28:06,022 - OptaPipeline - INFO - ⬇️  Downloading match data...
2026-01-27 14:28:06,022 - OptaPipeline - INFO - [1/2] Match: 62gdakw1aqqhoomsor9xrhg4
2026-01-27 14:28:06,022 - OptaPipeline - INFO -    ⏭️  Already exists: 62gdakw1aqqhoomsor9xrhg4
2026-01-27 14:28:06,022 - OptaPipeline - INFO - [2/2] Match: 3sx6fp8e2gg1kinflvk8ejg2c
2026-01-27 14:28:06,022 - OptaPipeline - INFO -    ⏭️  Already exists: 3sx6fp8e2gg1kinflvk8ejg2c
2026-01-27 14:28:06,022 - OptaPipeline - INFO - 📊 Downloaded: 2, Skipped: 0
2026-01-27 14:28:06,022 - OptaPipeline - INFO - 🔄 Transforming data to parquet...
2026-01-27 14:28:06,022 - OptaPipeline - INFO - 📋 Transforming Match Info...
2026-01-27 14:28:06,023 - OptaPipeline - INFO - 🔄 Found 2 matchdata files
2026-01-27 14:28:06,023 - OptaPipeline - INFO - 
[1/2] Processing: 3sx6fp8e2gg1kinflvk8ejg2c
2026-01-27 14:28:06,043 - OptaPipeline - INFO -    ✅ match: 2025-12-16_GUA_vs_BAR_3sx6fp8e2gg1kinflvk8ejg2c.parquet
2026-01-27 14:28:06,043 - OptaPipeline - INFO - 
[2/2] Processing: 62gdakw1aqqhoomsor9xrhg4
2026-01-27 14:28:06,053 - OptaPipeline - INFO -    ✅ match: 2026-01-15_RAC_vs_BAR_62gdakw1aqqhoomsor9xrhg4.parquet
2026-01-27 14:28:06,053 - OptaPipeline - INFO - 
✅ Transformed 2/2 match files
2026-01-27 14:28:06,053 - OptaPipeline - INFO - ⚽ Transforming Match Events...
2026-01-27 14:28:06,055 - OptaPipeline - INFO - 🔄 Found 2 matchdata files
2026-01-27 14:28:06,055 - OptaPipeline - INFO - 
[1/2] Processing: 3sx6fp8e2gg1kinflvk8ejg2c
2026-01-27 14:28:06,489 - OptaPipeline - INFO -    ✅ match_event: 2025-12-16_GUA_vs_BAR_3sx6fp8e2gg1kinflvk8ejg2c.parquet (1704 events)
2026-01-27 14:28:06,490 - OptaPipeline - INFO - 
[2/2] Processing: 62gdakw1aqqhoomsor9xrhg4
2026-01-27 14:28:06,945 - OptaPipeline - INFO -    ✅ match_event: 2026-01-15_RAC_vs_BAR_62gdakw1aqqhoomsor9xrhg4.parquet (1762 events)
2026-01-27 14:28:06,946 - OptaPipeline - INFO - 
✅ Transformed 2/2 match events
2026-01-27 14:28:06,946 - OptaPipeline - INFO - ================================================================================
2026-01-27 14:28:06,946 - OptaPipeline - INFO - 🏆 COMPETITION 2/4: Spain_Primera_Division
2026-01-27 14:28:06,946 - OptaPipeline - INFO - 📅 Season: 2025-2026
2026-01-27 14:28:06,946 - OptaPipeline - INFO - ================================================================================
2026-01-27 14:28:06,946 - OptaPipeline - INFO - 🔍 Scraping match URLs...
2026-01-27 14:28:06,946 - OptaPipeline - INFO - 🔍 Scraping matches from: https://www.scoresway.com/en_GB/soccer/primera-divisi%C3%B3n-2025-2026/80zg2v1cuqcfhphn56u4qpyqc/results
2026-01-27 14:28:06,946 - OptaPipeline - INFO -    Filtering for team: Barcelona
2026-01-27 14:28:25,957 - OptaPipeline - INFO - ✓ Opta widget loaded
2026-01-27 14:28:26,066 - OptaPipeline - INFO - ✅ Scraped 21 matches
2026-01-27 14:28:26,148 - OptaPipeline - INFO - 💾 Saved 21 matches to: /Users/rishirajsinharay/Desktop/Final-Masters-Project/opta_pipeline/data/result/Spain_Primera_Division/2025-2026/matches_urls.csv
2026-01-27 14:28:26,148 - OptaPipeline - INFO - ⬇️  Downloading match data...
2026-01-27 14:28:26,149 - OptaPipeline - INFO - [1/21] Match: 257ci0bd6g6l3uk1fn5a0ob2s
2026-01-27 14:28:26,149 - OptaPipeline - INFO -    ⏭️  Already exists: 257ci0bd6g6l3uk1fn5a0ob2s
2026-01-27 14:28:26,149 - OptaPipeline - INFO - [2/21] Match: 20boml0nnzxlvqvyy0ylfxdlg
2026-01-27 14:28:26,149 - OptaPipeline - INFO -    ⏭️  Already exists: 20boml0nnzxlvqvyy0ylfxdlg
2026-01-27 14:28:26,149 - OptaPipeline - INFO - [3/21] Match: 1v9qqviahmnia4ewmzd4aejv8
2026-01-27 14:28:26,149 - OptaPipeline - INFO -    ⏭️  Already exists: 1v9qqviahmnia4ewmzd4aejv8
2026-01-27 14:28:26,149 - OptaPipeline - INFO - [4/21] Match: 1rvgcgz2ftmamcay54gz2qtjo
2026-01-27 14:28:26,149 - OptaPipeline - INFO -    ⏭️  Already exists: 1rvgcgz2ftmamcay54gz2qtjo
2026-01-27 14:28:26,149 - OptaPipeline - INFO - [5/21] Match: 1oi5jmg0ldrmljyz46todfbpw
2026-01-27 14:28:26,149 - OptaPipeline - INFO -    ⏭️  Already exists: 1oi5jmg0ldrmljyz46todfbpw
2026-01-27 14:28:26,149 - OptaPipeline - INFO - [6/21] Match: 1myp00g7w796yt6ts8ojdkys4
2026-01-27 14:28:26,149 - OptaPipeline - INFO -    ⏭️  Already exists: 1myp00g7w796yt6ts8ojdkys4
2026-01-27 14:28:26,149 - OptaPipeline - INFO - [7/21] Match: 1gkqfp2d7qi9h6k34k3mo8zkk
2026-01-27 14:28:26,149 - OptaPipeline - INFO -    ⏭️  Already exists: 1gkqfp2d7qi9h6k34k3mo8zkk
2026-01-27 14:28:26,149 - OptaPipeline - INFO - [8/21] Match: 1dk2hnl09qux7z4fqn1qxq238
2026-01-27 14:28:26,149 - OptaPipeline - INFO -    ⏭️  Already exists: 1dk2hnl09qux7z4fqn1qxq238
2026-01-27 14:28:26,149 - OptaPipeline - INFO - [9/21] Match: 1a7radhhole7vfnciarzauq6s
2026-01-27 14:28:26,149 - OptaPipeline - INFO -    ⏭️  Already exists: 1a7radhhole7vfnciarzauq6s
2026-01-27 14:28:26,149 - OptaPipeline - INFO - [10/21] Match: 16t0fdut4ky4b4es7i0trovtg
2026-01-27 14:28:26,149 - OptaPipeline - INFO -    ⏭️  Already exists: 16t0fdut4ky4b4es7i0trovtg
2026-01-27 14:28:26,149 - OptaPipeline - INFO - [11/21] Match: 113wccwt50kebz0thqf0fxkpg
2026-01-27 14:28:26,149 - OptaPipeline - INFO -    ⏭️  Already exists: 113wccwt50kebz0thqf0fxkpg
2026-01-27 14:28:26,149 - OptaPipeline - INFO - [12/21] Match: ytxz0i1eppxxqupm27ktuln8
2026-01-27 14:28:26,149 - OptaPipeline - INFO -    ⏭️  Already exists: ytxz0i1eppxxqupm27ktuln8
2026-01-27 14:28:26,149 - OptaPipeline - INFO - [13/21] Match: txn45zihl3cp2bv3lj5rmot0
2026-01-27 14:28:26,150 - OptaPipeline - INFO -    ⏭️  Already exists: txn45zihl3cp2bv3lj5rmot0
2026-01-27 14:28:26,150 - OptaPipeline - INFO - [14/21] Match: rbyhgw1kyp0ghg2qpvznvvv8
2026-01-27 14:28:26,150 - OptaPipeline - INFO -    ⏭️  Already exists: rbyhgw1kyp0ghg2qpvznvvv8
2026-01-27 14:28:26,150 - OptaPipeline - INFO - [15/21] Match: mh9g8wbjyoe3ub3ouu0nnsb8
2026-01-27 14:28:26,150 - OptaPipeline - INFO -    ⏭️  Already exists: mh9g8wbjyoe3ub3ouu0nnsb8
2026-01-27 14:28:26,150 - OptaPipeline - INFO - [16/21] Match: kkl8x55qltpl4g1v5260df6c
2026-01-27 14:28:26,150 - OptaPipeline - INFO -    ⏭️  Already exists: kkl8x55qltpl4g1v5260df6c
2026-01-27 14:28:26,150 - OptaPipeline - INFO - [17/21] Match: ekk0usjk6blgzpziu4ho01zo
2026-01-27 14:28:26,150 - OptaPipeline - INFO -    ⏭️  Already exists: ekk0usjk6blgzpziu4ho01zo
2026-01-27 14:28:26,150 - OptaPipeline - INFO - [18/21] Match: b88u5e429cnb6ng0i5t4f9jo
2026-01-27 14:28:26,150 - OptaPipeline - INFO -    ⏭️  Already exists: b88u5e429cnb6ng0i5t4f9jo
2026-01-27 14:28:26,150 - OptaPipeline - INFO - [19/21] Match: a4rapcrtfjbf1vihoi65rm6s
2026-01-27 14:28:26,150 - OptaPipeline - INFO -    ⏭️  Already exists: a4rapcrtfjbf1vihoi65rm6s
2026-01-27 14:28:26,150 - OptaPipeline - INFO - [20/21] Match: 5pp18hcr9ery2hv17q7q6eqc
2026-01-27 14:28:26,150 - OptaPipeline - INFO -    ⏭️  Already exists: 5pp18hcr9ery2hv17q7q6eqc
2026-01-27 14:28:26,150 - OptaPipeline - INFO - [21/21] Match: 2d4xobwd1t1rd2kxlcjmqcyc
2026-01-27 14:28:26,150 - OptaPipeline - INFO -    ⏭️  Already exists: 2d4xobwd1t1rd2kxlcjmqcyc
2026-01-27 14:28:26,150 - OptaPipeline - INFO - 📊 Downloaded: 21, Skipped: 0
2026-01-27 14:28:26,150 - OptaPipeline - INFO - 🔄 Transforming data to parquet...
2026-01-27 14:28:26,150 - OptaPipeline - INFO - 📋 Transforming Match Info...
2026-01-27 14:28:26,150 - OptaPipeline - INFO - 🔄 Found 21 matchdata files
2026-01-27 14:28:26,150 - OptaPipeline - INFO - 
[1/21] Processing: 113wccwt50kebz0thqf0fxkpg
2026-01-27 14:28:26,159 - OptaPipeline - INFO -    ✅ match: 2025-11-02_BAR_vs_ELC_113wccwt50kebz0thqf0fxkpg.parquet
2026-01-27 14:28:26,160 - OptaPipeline - INFO - 
[2/21] Processing: 16t0fdut4ky4b4es7i0trovtg
2026-01-27 14:28:26,169 - OptaPipeline - INFO -    ✅ match: 2025-11-09_CEL_vs_BAR_16t0fdut4ky4b4es7i0trovtg.parquet
2026-01-27 14:28:26,169 - OptaPipeline - INFO - 
[3/21] Processing: 1a7radhhole7vfnciarzauq6s
2026-01-27 14:28:26,178 - OptaPipeline - INFO -    ✅ match: 2025-11-22_BAR_vs_ATH_1a7radhhole7vfnciarzauq6s.parquet
2026-01-27 14:28:26,178 - OptaPipeline - INFO - 
[4/21] Processing: 1dk2hnl09qux7z4fqn1qxq238
2026-01-27 14:28:26,185 - OptaPipeline - INFO -    ✅ match: 2025-11-29_BAR_vs_ALA_1dk2hnl09qux7z4fqn1qxq238.parquet
2026-01-27 14:28:26,185 - OptaPipeline - INFO - 
[5/21] Processing: 1gkqfp2d7qi9h6k34k3mo8zkk
2026-01-27 14:28:26,192 - OptaPipeline - INFO -    ✅ match: 2025-12-06_BET_vs_BAR_1gkqfp2d7qi9h6k34k3mo8zkk.parquet
2026-01-27 14:28:26,193 - OptaPipeline - INFO - 
[6/21] Processing: 1myp00g7w796yt6ts8ojdkys4
2026-01-27 14:28:26,214 - OptaPipeline - INFO -    ✅ match: 2025-12-13_BAR_vs_OSA_1myp00g7w796yt6ts8ojdkys4.parquet
2026-01-27 14:28:26,214 - OptaPipeline - INFO - 
[7/21] Processing: 1oi5jmg0ldrmljyz46todfbpw
2026-01-27 14:28:26,221 - OptaPipeline - INFO -    ✅ match: 2025-12-21_VIL_vs_BAR_1oi5jmg0ldrmljyz46todfbpw.parquet
2026-01-27 14:28:26,221 - OptaPipeline - INFO - 
[8/21] Processing: 1rvgcgz2ftmamcay54gz2qtjo
2026-01-27 14:28:26,229 - OptaPipeline - INFO -    ✅ match: 2026-01-03_ESP_vs_BAR_1rvgcgz2ftmamcay54gz2qtjo.parquet
2026-01-27 14:28:26,229 - OptaPipeline - INFO - 
[9/21] Processing: 1v9qqviahmnia4ewmzd4aejv8
2026-01-27 14:28:26,238 - OptaPipeline - INFO -    ✅ match: 2025-12-02_BAR_vs_ATM_1v9qqviahmnia4ewmzd4aejv8.parquet
2026-01-27 14:28:26,239 - OptaPipeline - INFO - 
[10/21] Processing: 20boml0nnzxlvqvyy0ylfxdlg
2026-01-27 14:28:26,247 - OptaPipeline - INFO -    ✅ match: 2026-01-18_RSO_vs_BAR_20boml0nnzxlvqvyy0ylfxdlg.parquet
2026-01-27 14:28:26,247 - OptaPipeline - INFO - 
[11/21] Processing: 257ci0bd6g6l3uk1fn5a0ob2s
2026-01-27 14:28:26,254 - OptaPipeline - INFO -    ✅ match: 2026-01-25_BAR_vs_OVI_257ci0bd6g6l3uk1fn5a0ob2s.parquet
2026-01-27 14:28:26,254 - OptaPipeline - INFO - 
[12/21] Processing: 2d4xobwd1t1rd2kxlcjmqcyc
2026-01-27 14:28:26,260 - OptaPipeline - INFO -    ✅ match: 2025-08-16_MLL_vs_BAR_2d4xobwd1t1rd2kxlcjmqcyc.parquet
2026-01-27 14:28:26,260 - OptaPipeline - INFO - 
[13/21] Processing: 5pp18hcr9ery2hv17q7q6eqc
2026-01-27 14:28:26,267 - OptaPipeline - INFO -    ✅ match: 2025-08-23_LEV_vs_BAR_5pp18hcr9ery2hv17q7q6eqc.parquet
2026-01-27 14:28:26,268 - OptaPipeline - INFO - 
[14/21] Processing: a4rapcrtfjbf1vihoi65rm6s
2026-01-27 14:28:26,275 - OptaPipeline - INFO -    ✅ match: 2025-08-31_RAY_vs_BAR_a4rapcrtfjbf1vihoi65rm6s.parquet
2026-01-27 14:28:26,276 - OptaPipeline - INFO - 
[15/21] Processing: b88u5e429cnb6ng0i5t4f9jo
2026-01-27 14:28:26,282 - OptaPipeline - INFO -    ✅ match: 2025-09-14_BAR_vs_VAL_b88u5e429cnb6ng0i5t4f9jo.parquet
2026-01-27 14:28:26,282 - OptaPipeline - INFO - 
[16/21] Processing: ekk0usjk6blgzpziu4ho01zo
2026-01-27 14:28:26,289 - OptaPipeline - INFO -    ✅ match: 2025-09-21_BAR_vs_GET_ekk0usjk6blgzpziu4ho01zo.parquet
2026-01-27 14:28:26,290 - OptaPipeline - INFO - 
[17/21] Processing: kkl8x55qltpl4g1v5260df6c
2026-01-27 14:28:26,309 - OptaPipeline - INFO -    ✅ match: 2025-09-25_OVI_vs_BAR_kkl8x55qltpl4g1v5260df6c.parquet
2026-01-27 14:28:26,310 - OptaPipeline - INFO - 
[18/21] Processing: mh9g8wbjyoe3ub3ouu0nnsb8
2026-01-27 14:28:26,318 - OptaPipeline - INFO -    ✅ match: 2025-09-28_BAR_vs_RSO_mh9g8wbjyoe3ub3ouu0nnsb8.parquet
2026-01-27 14:28:26,318 - OptaPipeline - INFO - 
[19/21] Processing: rbyhgw1kyp0ghg2qpvznvvv8
2026-01-27 14:28:26,326 - OptaPipeline - INFO -    ✅ match: 2025-10-05_SEV_vs_BAR_rbyhgw1kyp0ghg2qpvznvvv8.parquet
2026-01-27 14:28:26,326 - OptaPipeline - INFO - 
[20/21] Processing: txn45zihl3cp2bv3lj5rmot0
2026-01-27 14:28:26,334 - OptaPipeline - INFO -    ✅ match: 2025-10-18_BAR_vs_GIR_txn45zihl3cp2bv3lj5rmot0.parquet
2026-01-27 14:28:26,335 - OptaPipeline - INFO - 
[21/21] Processing: ytxz0i1eppxxqupm27ktuln8
2026-01-27 14:28:26,343 - OptaPipeline - INFO -    ✅ match: 2025-10-26_RMA_vs_BAR_ytxz0i1eppxxqupm27ktuln8.parquet
2026-01-27 14:28:26,343 - OptaPipeline - INFO - 
✅ Transformed 21/21 match files
2026-01-27 14:28:26,343 - OptaPipeline - INFO - ⚽ Transforming Match Events...
2026-01-27 14:28:26,345 - OptaPipeline - INFO - 🔄 Found 21 matchdata files
2026-01-27 14:28:26,345 - OptaPipeline - INFO - 
[1/21] Processing: 113wccwt50kebz0thqf0fxkpg
2026-01-27 14:28:26,755 - OptaPipeline - INFO -    ✅ match_event: 2025-11-02_BAR_vs_ELC_113wccwt50kebz0thqf0fxkpg.parquet (1627 events)
2026-01-27 14:28:26,757 - OptaPipeline - INFO - 
[2/21] Processing: 16t0fdut4ky4b4es7i0trovtg
2026-01-27 14:28:27,257 - OptaPipeline - INFO -    ✅ match_event: 2025-11-09_CEL_vs_BAR_16t0fdut4ky4b4es7i0trovtg.parquet (1918 events)
2026-01-27 14:28:27,258 - OptaPipeline - INFO - 
[3/21] Processing: 1a7radhhole7vfnciarzauq6s
2026-01-27 14:28:27,733 - OptaPipeline - INFO -    ✅ match_event: 2025-11-22_BAR_vs_ATH_1a7radhhole7vfnciarzauq6s.parquet (1793 events)
2026-01-27 14:28:27,734 - OptaPipeline - INFO - 
[4/21] Processing: 1dk2hnl09qux7z4fqn1qxq238
2026-01-27 14:28:28,215 - OptaPipeline - INFO -    ✅ match_event: 2025-11-29_BAR_vs_ALA_1dk2hnl09qux7z4fqn1qxq238.parquet (1861 events)
2026-01-27 14:28:28,216 - OptaPipeline - INFO - 
[5/21] Processing: 1gkqfp2d7qi9h6k34k3mo8zkk
2026-01-27 14:28:28,668 - OptaPipeline - INFO -    ✅ match_event: 2025-12-06_BET_vs_BAR_1gkqfp2d7qi9h6k34k3mo8zkk.parquet (1775 events)
2026-01-27 14:28:28,669 - OptaPipeline - INFO - 
[6/21] Processing: 1myp00g7w796yt6ts8ojdkys4
2026-01-27 14:28:29,128 - OptaPipeline - INFO -    ✅ match_event: 2025-12-13_BAR_vs_OSA_1myp00g7w796yt6ts8ojdkys4.parquet (1710 events)
2026-01-27 14:28:29,130 - OptaPipeline - INFO - 
[7/21] Processing: 1oi5jmg0ldrmljyz46todfbpw
2026-01-27 14:28:29,587 - OptaPipeline - INFO -    ✅ match_event: 2025-12-21_VIL_vs_BAR_1oi5jmg0ldrmljyz46todfbpw.parquet (1769 events)
2026-01-27 14:28:29,588 - OptaPipeline - INFO - 
[8/21] Processing: 1rvgcgz2ftmamcay54gz2qtjo
2026-01-27 14:28:29,994 - OptaPipeline - INFO -    ✅ match_event: 2026-01-03_ESP_vs_BAR_1rvgcgz2ftmamcay54gz2qtjo.parquet (1570 events)
2026-01-27 14:28:29,996 - OptaPipeline - INFO - 
[9/21] Processing: 1v9qqviahmnia4ewmzd4aejv8
2026-01-27 14:28:30,462 - OptaPipeline - INFO -    ✅ match_event: 2025-12-02_BAR_vs_ATM_1v9qqviahmnia4ewmzd4aejv8.parquet (1824 events)
2026-01-27 14:28:30,463 - OptaPipeline - INFO - 
[10/21] Processing: 20boml0nnzxlvqvyy0ylfxdlg
2026-01-27 14:28:30,915 - OptaPipeline - INFO -    ✅ match_event: 2026-01-18_RSO_vs_BAR_20boml0nnzxlvqvyy0ylfxdlg.parquet (1725 events)
2026-01-27 14:28:30,916 - OptaPipeline - INFO - 
[11/21] Processing: 257ci0bd6g6l3uk1fn5a0ob2s
2026-01-27 14:28:31,391 - OptaPipeline - INFO -    ✅ match_event: 2026-01-25_BAR_vs_OVI_257ci0bd6g6l3uk1fn5a0ob2s.parquet (1784 events)
2026-01-27 14:28:31,392 - OptaPipeline - INFO - 
[12/21] Processing: 2d4xobwd1t1rd2kxlcjmqcyc
2026-01-27 14:28:31,787 - OptaPipeline - INFO -    ✅ match_event: 2025-08-16_MLL_vs_BAR_2d4xobwd1t1rd2kxlcjmqcyc.parquet (1500 events)
2026-01-27 14:28:31,788 - OptaPipeline - INFO - 
[13/21] Processing: 5pp18hcr9ery2hv17q7q6eqc
2026-01-27 14:28:32,266 - OptaPipeline - INFO -    ✅ match_event: 2025-08-23_LEV_vs_BAR_5pp18hcr9ery2hv17q7q6eqc.parquet (1780 events)
2026-01-27 14:28:32,267 - OptaPipeline - INFO - 
[14/21] Processing: a4rapcrtfjbf1vihoi65rm6s
2026-01-27 14:28:32,683 - OptaPipeline - INFO -    ✅ match_event: 2025-08-31_RAY_vs_BAR_a4rapcrtfjbf1vihoi65rm6s.parquet (1663 events)
2026-01-27 14:28:32,684 - OptaPipeline - INFO - 
[15/21] Processing: b88u5e429cnb6ng0i5t4f9jo
2026-01-27 14:28:33,137 - OptaPipeline - INFO -    ✅ match_event: 2025-09-14_BAR_vs_VAL_b88u5e429cnb6ng0i5t4f9jo.parquet (1684 events)
2026-01-27 14:28:33,138 - OptaPipeline - INFO - 
[16/21] Processing: ekk0usjk6blgzpziu4ho01zo
2026-01-27 14:28:33,621 - OptaPipeline - INFO -    ✅ match_event: 2025-09-21_BAR_vs_GET_ekk0usjk6blgzpziu4ho01zo.parquet (1839 events)
2026-01-27 14:28:33,622 - OptaPipeline - INFO - 
[17/21] Processing: kkl8x55qltpl4g1v5260df6c
2026-01-27 14:28:34,093 - OptaPipeline - INFO -    ✅ match_event: 2025-09-25_OVI_vs_BAR_kkl8x55qltpl4g1v5260df6c.parquet (1783 events)
2026-01-27 14:28:34,094 - OptaPipeline - INFO - 
[18/21] Processing: mh9g8wbjyoe3ub3ouu0nnsb8
2026-01-27 14:28:34,583 - OptaPipeline - INFO -    ✅ match_event: 2025-09-28_BAR_vs_RSO_mh9g8wbjyoe3ub3ouu0nnsb8.parquet (1794 events)
2026-01-27 14:28:34,584 - OptaPipeline - INFO - 
[19/21] Processing: rbyhgw1kyp0ghg2qpvznvvv8
2026-01-27 14:28:34,990 - OptaPipeline - INFO -    ✅ match_event: 2025-10-05_SEV_vs_BAR_rbyhgw1kyp0ghg2qpvznvvv8.parquet (1523 events)
2026-01-27 14:28:34,991 - OptaPipeline - INFO - 
[20/21] Processing: txn45zihl3cp2bv3lj5rmot0
2026-01-27 14:28:35,458 - OptaPipeline - INFO -    ✅ match_event: 2025-10-18_BAR_vs_GIR_txn45zihl3cp2bv3lj5rmot0.parquet (1743 events)
2026-01-27 14:28:35,459 - OptaPipeline - INFO - 
[21/21] Processing: ytxz0i1eppxxqupm27ktuln8
2026-01-27 14:28:35,925 - OptaPipeline - INFO -    ✅ match_event: 2025-10-26_RMA_vs_BAR_ytxz0i1eppxxqupm27ktuln8.parquet (1783 events)
2026-01-27 14:28:35,927 - OptaPipeline - INFO - 
✅ Transformed 21/21 match events
2026-01-27 14:28:35,927 - OptaPipeline - INFO - ================================================================================
2026-01-27 14:28:35,927 - OptaPipeline - INFO - 🏆 COMPETITION 3/4: Spain_Super_Cup
2026-01-27 14:28:35,927 - OptaPipeline - INFO - 📅 Season: 2025-2026
2026-01-27 14:28:35,927 - OptaPipeline - INFO - ================================================================================
2026-01-27 14:28:35,927 - OptaPipeline - INFO - 🔍 Scraping match URLs...
2026-01-27 14:28:35,927 - OptaPipeline - INFO - 🔍 Scraping matches from: https://www.scoresway.com/en_GB/soccer/supercopa-de-espana-2025-2026/calfow53qyurf0wi9rr96m6tw/results
2026-01-27 14:28:35,927 - OptaPipeline - INFO -    Filtering for team: Barcelona
2026-01-27 14:28:55,160 - OptaPipeline - INFO - ✓ Opta widget loaded
2026-01-27 14:28:55,176 - OptaPipeline - INFO - ✅ Scraped 2 matches
2026-01-27 14:28:55,259 - OptaPipeline - INFO - 💾 Saved 2 matches to: /Users/rishirajsinharay/Desktop/Final-Masters-Project/opta_pipeline/data/result/Spain_Super_Cup/2025-2026/matches_urls.csv
2026-01-27 14:28:55,259 - OptaPipeline - INFO - ⬇️  Downloading match data...
2026-01-27 14:28:55,260 - OptaPipeline - INFO - [1/2] Match: 18rkqb1lhon6ne1hdb6d15as
2026-01-27 14:28:55,260 - OptaPipeline - INFO -    ⏭️  Already exists: 18rkqb1lhon6ne1hdb6d15as
2026-01-27 14:28:55,260 - OptaPipeline - INFO - [2/2] Match: z5hatp2undeejhiga4xoytjo
2026-01-27 14:28:55,260 - OptaPipeline - INFO -    ⏭️  Already exists: z5hatp2undeejhiga4xoytjo
2026-01-27 14:28:55,260 - OptaPipeline - INFO - 📊 Downloaded: 2, Skipped: 0
2026-01-27 14:28:55,260 - OptaPipeline - INFO - 🔄 Transforming data to parquet...
2026-01-27 14:28:55,260 - OptaPipeline - INFO - 📋 Transforming Match Info...
2026-01-27 14:28:55,260 - OptaPipeline - INFO - 🔄 Found 2 matchdata files
2026-01-27 14:28:55,260 - OptaPipeline - INFO - 
[1/2] Processing: 18rkqb1lhon6ne1hdb6d15as
2026-01-27 14:28:55,270 - OptaPipeline - INFO -    ✅ match: 2026-01-11_BAR_vs_RMA_18rkqb1lhon6ne1hdb6d15as.parquet
2026-01-27 14:28:55,270 - OptaPipeline - INFO - 
[2/2] Processing: z5hatp2undeejhiga4xoytjo
2026-01-27 14:28:55,278 - OptaPipeline - INFO -    ✅ match: 2026-01-07_BAR_vs_ATH_z5hatp2undeejhiga4xoytjo.parquet
2026-01-27 14:28:55,278 - OptaPipeline - INFO - 
✅ Transformed 2/2 match files
2026-01-27 14:28:55,278 - OptaPipeline - INFO - ⚽ Transforming Match Events...
2026-01-27 14:28:55,280 - OptaPipeline - INFO - 🔄 Found 2 matchdata files
2026-01-27 14:28:55,280 - OptaPipeline - INFO - 
[1/2] Processing: 18rkqb1lhon6ne1hdb6d15as
2026-01-27 14:28:55,722 - OptaPipeline - INFO -    ✅ match_event: 2026-01-11_BAR_vs_RMA_18rkqb1lhon6ne1hdb6d15as.parquet (1726 events)
2026-01-27 14:28:55,723 - OptaPipeline - INFO - 
[2/2] Processing: z5hatp2undeejhiga4xoytjo
2026-01-27 14:28:56,201 - OptaPipeline - INFO -    ✅ match_event: 2026-01-07_BAR_vs_ATH_z5hatp2undeejhiga4xoytjo.parquet (1759 events)
2026-01-27 14:28:56,202 - OptaPipeline - INFO - 
✅ Transformed 2/2 match events
2026-01-27 14:28:56,202 - OptaPipeline - INFO - ================================================================================
2026-01-27 14:28:56,202 - OptaPipeline - INFO - 🏆 COMPETITION 4/4: UEFA_Champions_League
2026-01-27 14:28:56,202 - OptaPipeline - INFO - 📅 Season: 2025-2026
2026-01-27 14:28:56,202 - OptaPipeline - INFO - ================================================================================
2026-01-27 14:28:56,202 - OptaPipeline - INFO - 🔍 Scraping match URLs...
2026-01-27 14:28:56,202 - OptaPipeline - INFO - 🔍 Scraping matches from: https://www.scoresway.com/en_GB/soccer/uefa-champions-league-2025-2026/2mr0u0l78k2gdsm79q56tb2fo/results
2026-01-27 14:28:56,202 - OptaPipeline - INFO -    Filtering for team: Barcelona
2026-01-27 14:29:13,245 - OptaPipeline - INFO - ✓ Opta widget loaded
2026-01-27 14:29:13,347 - OptaPipeline - INFO - ✅ Scraped 7 matches
2026-01-27 14:29:13,429 - OptaPipeline - INFO - 💾 Saved 7 matches to: /Users/rishirajsinharay/Desktop/Final-Masters-Project/opta_pipeline/data/result/UEFA_Champions_League/2025-2026/matches_urls.csv
2026-01-27 14:29:13,429 - OptaPipeline - INFO - ⬇️  Downloading match data...
2026-01-27 14:29:13,430 - OptaPipeline - INFO - [1/7] Match: 61upafdbc4mwkdmp1k5ajqu50
2026-01-27 14:29:13,430 - OptaPipeline - INFO -    ⏭️  Already exists: 61upafdbc4mwkdmp1k5ajqu50
2026-01-27 14:29:13,430 - OptaPipeline - INFO - [2/7] Match: 5q05t4o4el0d6rhmncz6pxqms
2026-01-27 14:29:13,430 - OptaPipeline - INFO -    ⏭️  Already exists: 5q05t4o4el0d6rhmncz6pxqms
2026-01-27 14:29:13,430 - OptaPipeline - INFO - [3/7] Match: 5iss7tc562nnymg0uiewtt0r8
2026-01-27 14:29:13,430 - OptaPipeline - INFO -    ⏭️  Already exists: 5iss7tc562nnymg0uiewtt0r8
2026-01-27 14:29:13,430 - OptaPipeline - INFO - [4/7] Match: 5fbfmxmdror7xvtcq3a41pkpg
2026-01-27 14:29:13,430 - OptaPipeline - INFO -    ⏭️  Already exists: 5fbfmxmdror7xvtcq3a41pkpg
2026-01-27 14:29:13,430 - OptaPipeline - INFO - [5/7] Match: 547fv6pkd98zbsl3ha92ih0d0
2026-01-27 14:29:13,430 - OptaPipeline - INFO -    ⏭️  Already exists: 547fv6pkd98zbsl3ha92ih0d0
2026-01-27 14:29:13,430 - OptaPipeline - INFO - [6/7] Match: 535v16ejka2ckhekin6euxg5w
2026-01-27 14:29:13,430 - OptaPipeline - INFO -    ⏭️  Already exists: 535v16ejka2ckhekin6euxg5w
2026-01-27 14:29:13,430 - OptaPipeline - INFO - [7/7] Match: 4x2w9j51dk7kc90orh6vkm2hg
2026-01-27 14:29:13,430 - OptaPipeline - INFO -    ⏭️  Already exists: 4x2w9j51dk7kc90orh6vkm2hg
2026-01-27 14:29:13,430 - OptaPipeline - INFO - 📊 Downloaded: 7, Skipped: 0
2026-01-27 14:29:13,430 - OptaPipeline - INFO - 🔄 Transforming data to parquet...
2026-01-27 14:29:13,430 - OptaPipeline - INFO - 📋 Transforming Match Info...
2026-01-27 14:29:13,431 - OptaPipeline - INFO - 🔄 Found 7 matchdata files
2026-01-27 14:29:13,431 - OptaPipeline - INFO - 
[1/7] Processing: 4x2w9j51dk7kc90orh6vkm2hg
2026-01-27 14:29:13,439 - OptaPipeline - INFO -    ✅ match: 2025-09-18_NEW_vs_BAR_4x2w9j51dk7kc90orh6vkm2hg.parquet
2026-01-27 14:29:13,440 - OptaPipeline - INFO - 
[2/7] Processing: 535v16ejka2ckhekin6euxg5w
2026-01-27 14:29:13,449 - OptaPipeline - INFO -    ✅ match: 2025-10-01_BAR_vs_PSG_535v16ejka2ckhekin6euxg5w.parquet
2026-01-27 14:29:13,449 - OptaPipeline - INFO - 
[3/7] Processing: 547fv6pkd98zbsl3ha92ih0d0
2026-01-27 14:29:13,458 - OptaPipeline - INFO -    ✅ match: 2025-10-21_BAR_vs_OLY_547fv6pkd98zbsl3ha92ih0d0.parquet
2026-01-27 14:29:13,458 - OptaPipeline - INFO - 
[4/7] Processing: 5fbfmxmdror7xvtcq3a41pkpg
2026-01-27 14:29:13,467 - OptaPipeline - INFO -    ✅ match: 2025-11-05_CLU_vs_BAR_5fbfmxmdror7xvtcq3a41pkpg.parquet
2026-01-27 14:29:13,467 - OptaPipeline - INFO - 
[5/7] Processing: 5iss7tc562nnymg0uiewtt0r8
2026-01-27 14:29:13,475 - OptaPipeline - INFO -    ✅ match: 2025-11-25_CHE_vs_BAR_5iss7tc562nnymg0uiewtt0r8.parquet
2026-01-27 14:29:13,475 - OptaPipeline - INFO - 
[6/7] Processing: 5q05t4o4el0d6rhmncz6pxqms
2026-01-27 14:29:13,483 - OptaPipeline - INFO -    ✅ match: 2025-12-09_BAR_vs_SGE_5q05t4o4el0d6rhmncz6pxqms.parquet
2026-01-27 14:29:13,483 - OptaPipeline - INFO - 
[7/7] Processing: 61upafdbc4mwkdmp1k5ajqu50
2026-01-27 14:29:13,509 - OptaPipeline - INFO -    ✅ match: 2026-01-21_SLA_vs_BAR_61upafdbc4mwkdmp1k5ajqu50.parquet
2026-01-27 14:29:13,510 - OptaPipeline - INFO - 
✅ Transformed 7/7 match files
2026-01-27 14:29:13,510 - OptaPipeline - INFO - ⚽ Transforming Match Events...
2026-01-27 14:29:13,511 - OptaPipeline - INFO - 🔄 Found 7 matchdata files
2026-01-27 14:29:13,512 - OptaPipeline - INFO - 
[1/7] Processing: 4x2w9j51dk7kc90orh6vkm2hg
2026-01-27 14:29:13,936 - OptaPipeline - INFO -    ✅ match_event: 2025-09-18_NEW_vs_BAR_4x2w9j51dk7kc90orh6vkm2hg.parquet (1690 events)
2026-01-27 14:29:13,937 - OptaPipeline - INFO - 
[2/7] Processing: 535v16ejka2ckhekin6euxg5w
2026-01-27 14:29:14,361 - OptaPipeline - INFO -    ✅ match_event: 2025-10-01_BAR_vs_PSG_535v16ejka2ckhekin6euxg5w.parquet (1657 events)
2026-01-27 14:29:14,362 - OptaPipeline - INFO - 
[3/7] Processing: 547fv6pkd98zbsl3ha92ih0d0
2026-01-27 14:29:14,798 - OptaPipeline - INFO -    ✅ match_event: 2025-10-21_BAR_vs_OLY_547fv6pkd98zbsl3ha92ih0d0.parquet (1661 events)
2026-01-27 14:29:14,800 - OptaPipeline - INFO - 
[4/7] Processing: 5fbfmxmdror7xvtcq3a41pkpg
2026-01-27 14:29:15,242 - OptaPipeline - INFO -    ✅ match_event: 2025-11-05_CLU_vs_BAR_5fbfmxmdror7xvtcq3a41pkpg.parquet (1670 events)
2026-01-27 14:29:15,243 - OptaPipeline - INFO - 
[5/7] Processing: 5iss7tc562nnymg0uiewtt0r8
2026-01-27 14:29:15,686 - OptaPipeline - INFO -    ✅ match_event: 2025-11-25_CHE_vs_BAR_5iss7tc562nnymg0uiewtt0r8.parquet (1694 events)
2026-01-27 14:29:15,687 - OptaPipeline - INFO - 
[6/7] Processing: 5q05t4o4el0d6rhmncz6pxqms
2026-01-27 14:29:16,192 - OptaPipeline - INFO -    ✅ match_event: 2025-12-09_BAR_vs_SGE_5q05t4o4el0d6rhmncz6pxqms.parquet (1893 events)
2026-01-27 14:29:16,193 - OptaPipeline - INFO - 
[7/7] Processing: 61upafdbc4mwkdmp1k5ajqu50
2026-01-27 14:29:16,653 - OptaPipeline - INFO -    ✅ match_event: 2026-01-21_SLA_vs_BAR_61upafdbc4mwkdmp1k5ajqu50.parquet (1715 events)
2026-01-27 14:29:16,654 - OptaPipeline - INFO - 
✅ Transformed 7/7 match events
2026-01-27 14:29:16,654 - OptaPipeline - INFO - ================================================================================
2026-01-27 14:29:16,654 - OptaPipeline - INFO - 📈 FINAL SUMMARY - ALL COMPETITIONS
2026-01-27 14:29:16,654 - OptaPipeline - INFO - ================================================================================
2026-01-27 14:29:16,654 - OptaPipeline - INFO - ✅ Successful: 4/4
2026-01-27 14:29:16,654 - OptaPipeline - INFO - ❌ Failed: 0/4
2026-01-27 14:29:16,654 - OptaPipeline - INFO - Match parquets: 32
2026-01-27 14:29:16,654 - OptaPipeline - INFO - Event parquets: 32
