2026-01-26 16:33:51,743 - OptaPipeline - INFO - ================================================================================
2026-01-26 16:33:51,743 - OptaPipeline - INFO - 🚀 OPTA PIPELINE - MULTI-COMPETITION MODE
2026-01-26 16:33:51,743 - OptaPipeline - INFO - ================================================================================
2026-01-26 16:33:51,743 - OptaPipeline - INFO - 📊 Processing 4 competition(s):
2026-01-26 16:33:51,743 - OptaPipeline - INFO -    • Spain_Copa_del_Rey (2025-2026)
2026-01-26 16:33:51,743 - OptaPipeline - INFO -    • Spain_Primera_Division (2025-2026)
2026-01-26 16:33:51,744 - OptaPipeline - INFO -    • Spain_Super_Cup (2025-2026)
2026-01-26 16:33:51,744 - OptaPipeline - INFO -    • UEFA_Champions_League (2025-2026)
2026-01-26 16:33:51,744 - OptaPipeline - INFO - ================================================================================
2026-01-26 16:33:51,744 - OptaPipeline - INFO - 🏆 COMPETITION 1/4: Spain_Copa_del_Rey
2026-01-26 16:33:51,744 - OptaPipeline - INFO - 📅 Season: 2025-2026
2026-01-26 16:33:51,744 - OptaPipeline - INFO - ================================================================================
2026-01-26 16:33:51,744 - OptaPipeline - INFO - 🔍 Scraping match URLs...
2026-01-26 16:33:51,744 - OptaPipeline - INFO - 🔍 Scraping matches from: https://www.scoresway.com/en_GB/soccer/copa-del-rey-2025-2026/3lmujqli8r9m12i28wgjxnnys/results
2026-01-26 16:33:51,744 - OptaPipeline - INFO -    Filtering for team: Barcelona
2026-01-26 16:34:07,350 - OptaPipeline - INFO - ✓ Opta widget loaded
2026-01-26 16:34:07,420 - OptaPipeline - INFO - ✅ Scraped 2 matches
2026-01-26 16:34:07,503 - OptaPipeline - INFO - 💾 Saved 2 matches to: data/result/Spain_Copa_del_Rey/2025-2026/matches_urls.csv
2026-01-26 16:34:07,503 - OptaPipeline - INFO - ⬇️  Downloading match data...
2026-01-26 16:34:07,504 - OptaPipeline - INFO - [1/2] Match: 62gdakw1aqqhoomsor9xrhg4
2026-01-26 16:34:07,505 - seleniumwire.storage - INFO - Using in-memory request storage
2026-01-26 16:34:07,513 - seleniumwire.backend - INFO - Created proxy listening on ::ffff:127.0.0.1:52278
2026-01-26 16:34:08,402 - seleniumwire.handler - INFO - Capturing request: http://clients2.google.com/time/1/current?cup2key=9:RYGOd815nXcNU6VIVsMFV3fswzojkB8b5scGf7hOnTI&cup2hreq=e3b0c44298fc1c149afbf4c8996fb92427ae41e4649b934ca495991b7852b855
2026-01-26 16:34:08,479 - seleniumwire.handler - INFO - Capturing response: http://clients2.google.com/time/1/current?cup2key=9:RYGOd815nXcNU6VIVsMFV3fswzojkB8b5scGf7hOnTI&cup2hreq=e3b0c44298fc1c149afbf4c8996fb92427ae41e4649b934ca495991b7852b855 200 OK
2026-01-26 16:34:13,551 - seleniumwire.handler - INFO - Capturing request: https://api.performfeeds.com/soccerdata/match/ft1tiv1inq7v1sk3y9tv12yh5/?_rt=c&tmcl=3lmujqli8r9m12i28wgjxnnys&live=yes&_pgSz=400&_lcl=en&_fmt=jsonp&sps=widgets&_clbk=W38ca5e44f0e0dbc60462db17fa2c74767eba7b08e
2026-01-26 16:34:13,559 - seleniumwire.handler - INFO - Capturing request: https://api.performfeeds.com/soccerdata/matchevent/ft1tiv1inq7v1sk3y9tv12yh5/62gdakw1aqqhoomsor9xrhg4?_rt=c&_lcl=en&_fmt=jsonp&sps=widgets&_clbk=W3a882198c723e5eb35f1d5bf6d26253ea2270d86f
2026-01-26 16:34:13,559 - seleniumwire.handler - INFO - Capturing request: https://api.performfeeds.com/soccerdata/match/ft1tiv1inq7v1sk3y9tv12yh5/62gdakw1aqqhoomsor9xrhg4?_rt=c&live=yes&_lcl=en&_fmt=jsonp&sps=widgets&_clbk=W3889d45348682a6ba26a93f6d24db0342f54ff78f
2026-01-26 16:34:13,723 - seleniumwire.handler - INFO - Capturing response: https://api.performfeeds.com/soccerdata/match/ft1tiv1inq7v1sk3y9tv12yh5/62gdakw1aqqhoomsor9xrhg4?_rt=c&live=yes&_lcl=en&_fmt=jsonp&sps=widgets&_clbk=W3889d45348682a6ba26a93f6d24db0342f54ff78f 200 
2026-01-26 16:34:13,944 - seleniumwire.handler - INFO - Capturing response: https://api.performfeeds.com/soccerdata/match/ft1tiv1inq7v1sk3y9tv12yh5/?_rt=c&tmcl=3lmujqli8r9m12i28wgjxnnys&live=yes&_pgSz=400&_lcl=en&_fmt=jsonp&sps=widgets&_clbk=W38ca5e44f0e0dbc60462db17fa2c74767eba7b08e 200 
2026-01-26 16:34:14,231 - seleniumwire.handler - INFO - Capturing response: https://api.performfeeds.com/soccerdata/matchevent/ft1tiv1inq7v1sk3y9tv12yh5/62gdakw1aqqhoomsor9xrhg4?_rt=c&_lcl=en&_fmt=jsonp&sps=widgets&_clbk=W3a882198c723e5eb35f1d5bf6d26253ea2270d86f 200 
2026-01-26 16:34:14,381 - seleniumwire.handler - INFO - Capturing request: https://api.performfeeds.com/soccerdata/squads/ft1tiv1inq7v1sk3y9tv12yh5/?_rt=c&ctst=bzkwzatvwahmbzok1ymm5vqa1&tmcl=3lmujqli8r9m12i28wgjxnnys&_pgSz=200&_lcl=en&_fmt=jsonp&sps=widgets&_clbk=W3a49a5df6e0548efdc926a085aefe8de2a2d41ade
2026-01-26 16:34:14,381 - seleniumwire.handler - INFO - Capturing request: https://api.performfeeds.com/soccerdata/squads/ft1tiv1inq7v1sk3y9tv12yh5/?_rt=c&ctst=agh9ifb2mw3ivjusgedj7c3fe&tmcl=3lmujqli8r9m12i28wgjxnnys&_pgSz=200&_lcl=en&_fmt=jsonp&sps=widgets&_clbk=W349b3aedaf5c9f59cf31f93c37486fc9b911ac915
2026-01-26 16:34:14,551 - seleniumwire.handler - INFO - Capturing response: https://api.performfeeds.com/soccerdata/squads/ft1tiv1inq7v1sk3y9tv12yh5/?_rt=c&ctst=agh9ifb2mw3ivjusgedj7c3fe&tmcl=3lmujqli8r9m12i28wgjxnnys&_pgSz=200&_lcl=en&_fmt=jsonp&sps=widgets&_clbk=W349b3aedaf5c9f59cf31f93c37486fc9b911ac915 200 
2026-01-26 16:34:14,670 - seleniumwire.handler - INFO - Capturing response: https://api.performfeeds.com/soccerdata/squads/ft1tiv1inq7v1sk3y9tv12yh5/?_rt=c&ctst=bzkwzatvwahmbzok1ymm5vqa1&tmcl=3lmujqli8r9m12i28wgjxnnys&_pgSz=200&_lcl=en&_fmt=jsonp&sps=widgets&_clbk=W3a49a5df6e0548efdc926a085aefe8de2a2d41ade 200 
2026-01-26 16:34:57,995 - OptaPipeline - INFO -    ✅ Downloaded: 62gdakw1aqqhoomsor9xrhg4.json (1773587 bytes, clean JSON)
2026-01-26 16:34:59,580 - OptaPipeline - INFO - [2/2] Match: 3sx6fp8e2gg1kinflvk8ejg2c
2026-01-26 16:34:59,581 - seleniumwire.storage - INFO - Using in-memory request storage
2026-01-26 16:34:59,587 - seleniumwire.backend - INFO - Created proxy listening on ::ffff:127.0.0.1:52381
2026-01-26 16:35:05,311 - seleniumwire.handler - INFO - Capturing request: https://api.performfeeds.com/soccerdata/match/ft1tiv1inq7v1sk3y9tv12yh5/?_rt=c&tmcl=3lmujqli8r9m12i28wgjxnnys&live=yes&_pgSz=400&_lcl=en&_fmt=jsonp&sps=widgets&_clbk=W38ca5e44f0e0dbc60462db17fa2c74767eba7b08e
2026-01-26 16:35:05,322 - seleniumwire.handler - INFO - Capturing request: https://api.performfeeds.com/soccerdata/matchevent/ft1tiv1inq7v1sk3y9tv12yh5/3sx6fp8e2gg1kinflvk8ejg2c?_rt=c&_lcl=en&_fmt=jsonp&sps=widgets&_clbk=W389d2290c60e3bbd5e96a8c397f69f10b0ac00235
2026-01-26 16:35:05,326 - seleniumwire.handler - INFO - Capturing request: https://api.performfeeds.com/soccerdata/match/ft1tiv1inq7v1sk3y9tv12yh5/3sx6fp8e2gg1kinflvk8ejg2c?_rt=c&live=yes&_lcl=en&_fmt=jsonp&sps=widgets&_clbk=W37b66b930143ec6d1ef9666902173bd7f24068813
2026-01-26 16:35:05,528 - seleniumwire.handler - INFO - Capturing response: https://api.performfeeds.com/soccerdata/match/ft1tiv1inq7v1sk3y9tv12yh5/3sx6fp8e2gg1kinflvk8ejg2c?_rt=c&live=yes&_lcl=en&_fmt=jsonp&sps=widgets&_clbk=W37b66b930143ec6d1ef9666902173bd7f24068813 200 
2026-01-26 16:35:06,103 - seleniumwire.handler - INFO - Capturing response: https://api.performfeeds.com/soccerdata/match/ft1tiv1inq7v1sk3y9tv12yh5/?_rt=c&tmcl=3lmujqli8r9m12i28wgjxnnys&live=yes&_pgSz=400&_lcl=en&_fmt=jsonp&sps=widgets&_clbk=W38ca5e44f0e0dbc60462db17fa2c74767eba7b08e 200 
2026-01-26 16:35:06,227 - seleniumwire.handler - INFO - Capturing response: https://api.performfeeds.com/soccerdata/matchevent/ft1tiv1inq7v1sk3y9tv12yh5/3sx6fp8e2gg1kinflvk8ejg2c?_rt=c&_lcl=en&_fmt=jsonp&sps=widgets&_clbk=W389d2290c60e3bbd5e96a8c397f69f10b0ac00235 200 
2026-01-26 16:35:06,358 - seleniumwire.handler - INFO - Capturing request: https://api.performfeeds.com/soccerdata/squads/ft1tiv1inq7v1sk3y9tv12yh5/?_rt=c&ctst=agh9ifb2mw3ivjusgedj7c3fe&tmcl=3lmujqli8r9m12i28wgjxnnys&_pgSz=200&_lcl=en&_fmt=jsonp&sps=widgets&_clbk=W349b3aedaf5c9f59cf31f93c37486fc9b911ac915
2026-01-26 16:35:06,358 - seleniumwire.handler - INFO - Capturing request: https://api.performfeeds.com/soccerdata/squads/ft1tiv1inq7v1sk3y9tv12yh5/?_rt=c&ctst=az0j5k3k9wc5talc24u08yyeu&tmcl=3lmujqli8r9m12i28wgjxnnys&_pgSz=200&_lcl=en&_fmt=jsonp&sps=widgets&_clbk=W3873195b3f30e8ab0e1d5c1753efd59d2ff6c1568
2026-01-26 16:35:06,375 - seleniumwire.handler - INFO - Capturing response: https://api.performfeeds.com/soccerdata/squads/ft1tiv1inq7v1sk3y9tv12yh5/?_rt=c&ctst=agh9ifb2mw3ivjusgedj7c3fe&tmcl=3lmujqli8r9m12i28wgjxnnys&_pgSz=200&_lcl=en&_fmt=jsonp&sps=widgets&_clbk=W349b3aedaf5c9f59cf31f93c37486fc9b911ac915 200 
2026-01-26 16:35:06,454 - seleniumwire.handler - INFO - Capturing response: https://api.performfeeds.com/soccerdata/squads/ft1tiv1inq7v1sk3y9tv12yh5/?_rt=c&ctst=az0j5k3k9wc5talc24u08yyeu&tmcl=3lmujqli8r9m12i28wgjxnnys&_pgSz=200&_lcl=en&_fmt=jsonp&sps=widgets&_clbk=W3873195b3f30e8ab0e1d5c1753efd59d2ff6c1568 200 
2026-01-26 16:35:49,467 - OptaPipeline - INFO -    ✅ Downloaded: 3sx6fp8e2gg1kinflvk8ejg2c.json (1709953 bytes, clean JSON)
2026-01-26 16:35:51,051 - OptaPipeline - INFO - 📊 Downloaded: 2, Skipped: 0
2026-01-26 16:35:51,051 - OptaPipeline - INFO - 🔄 Transforming data to parquet...
2026-01-26 16:35:51,051 - OptaPipeline - INFO - 📋 Transforming Match Info...
2026-01-26 16:35:51,053 - OptaPipeline - INFO - 🔄 Found 2 matchdata files
2026-01-26 16:35:51,053 - OptaPipeline - INFO - 
[1/2] Processing: 3sx6fp8e2gg1kinflvk8ejg2c
2026-01-26 16:35:51,121 - OptaPipeline - INFO -    ✅ match: 2025-12-16_GUA_vs_BAR_3sx6fp8e2gg1kinflvk8ejg2c.parquet
2026-01-26 16:35:51,122 - OptaPipeline - INFO - 
[2/2] Processing: 62gdakw1aqqhoomsor9xrhg4
2026-01-26 16:35:51,131 - OptaPipeline - INFO -    ✅ match: 2026-01-15_RAC_vs_BAR_62gdakw1aqqhoomsor9xrhg4.parquet
2026-01-26 16:35:51,131 - OptaPipeline - INFO - 
✅ Transformed 2/2 match files
2026-01-26 16:35:51,131 - OptaPipeline - INFO - ⚽ Transforming Match Events...
2026-01-26 16:35:51,131 - OptaPipeline - ERROR - ❌ Error processing Spain_Copa_del_Rey: Missing: mappings/opta_event_types.csv
2026-01-26 16:35:51,132 - OptaPipeline - ERROR - Traceback (most recent call last):
  File "/Users/rishirajsinharay/Desktop/Final-Masters-Project/opta_pipeline/main.py", line 172, in process_competition
    event_transformer = MatchEventTransformer(config, logger)
                        ^^^^^^^^^^^^^^^^^^^^^^^^^^^^^^^^^^^^^
  File "/Users/rishirajsinharay/Desktop/Final-Masters-Project/opta_pipeline/modules/transformers/matchevent_transformer.py", line 23, in __init__
    self._load_mappings()
  File "/Users/rishirajsinharay/Desktop/Final-Masters-Project/opta_pipeline/modules/transformers/matchevent_transformer.py", line 60, in _load_mappings
    raise FileNotFoundError(f"Missing: {event_types_path}")
FileNotFoundError: Missing: mappings/opta_event_types.csv

2026-01-26 16:35:51,132 - OptaPipeline - INFO - ================================================================================
2026-01-26 16:35:51,132 - OptaPipeline - INFO - 🏆 COMPETITION 2/4: Spain_Primera_Division
2026-01-26 16:35:51,132 - OptaPipeline - INFO - 📅 Season: 2025-2026
2026-01-26 16:35:51,132 - OptaPipeline - INFO - ================================================================================
2026-01-26 16:35:51,132 - OptaPipeline - INFO - 🔍 Scraping match URLs...
2026-01-26 16:35:51,132 - OptaPipeline - INFO - 🔍 Scraping matches from: https://www.scoresway.com/en_GB/soccer/primera-divisi%C3%B3n-2025-2026/80zg2v1cuqcfhphn56u4qpyqc/results
2026-01-26 16:35:51,132 - OptaPipeline - INFO -    Filtering for team: Barcelona
2026-01-26 16:36:06,598 - OptaPipeline - INFO - ✓ Opta widget loaded
2026-01-26 16:36:06,693 - OptaPipeline - INFO - ✅ Scraped 21 matches
2026-01-26 16:36:06,778 - OptaPipeline - INFO - 💾 Saved 21 matches to: data/result/Spain_Primera_Division/2025-2026/matches_urls.csv
2026-01-26 16:36:06,778 - OptaPipeline - INFO - ⬇️  Downloading match data...
2026-01-26 16:36:06,779 - OptaPipeline - INFO - [1/21] Match: 257ci0bd6g6l3uk1fn5a0ob2s
2026-01-26 16:36:06,779 - seleniumwire.storage - INFO - Using in-memory request storage
2026-01-26 16:36:06,780 - seleniumwire.backend - INFO - Created proxy listening on ::ffff:127.0.0.1:52550
2026-01-26 16:36:12,166 - seleniumwire.handler - INFO - Capturing request: https://api.performfeeds.com/soccerdata/match/ft1tiv1inq7v1sk3y9tv12yh5/?_rt=c&tmcl=80zg2v1cuqcfhphn56u4qpyqc&live=yes&_pgSz=400&_lcl=en&_fmt=jsonp&sps=widgets&_clbk=W38c46802b1808b1f7876d1903445d1c709bb717a6
2026-01-26 16:36:12,174 - seleniumwire.handler - INFO - Capturing request: https://api.performfeeds.com/soccerdata/matchevent/ft1tiv1inq7v1sk3y9tv12yh5/257ci0bd6g6l3uk1fn5a0ob2s?_rt=c&_lcl=en&_fmt=jsonp&sps=widgets&_clbk=W35f7c2b6f95c110652dcfc469c85542d3eee24d22
2026-01-26 16:36:12,174 - seleniumwire.handler - INFO - Capturing request: https://api.performfeeds.com/soccerdata/match/ft1tiv1inq7v1sk3y9tv12yh5/257ci0bd6g6l3uk1fn5a0ob2s?_rt=c&live=yes&_lcl=en&_fmt=jsonp&sps=widgets&_clbk=W3621add9eafb337d544ac2226853b4147bc619ad4
2026-01-26 16:36:12,283 - seleniumwire.handler - INFO - Capturing response: https://api.performfeeds.com/soccerdata/match/ft1tiv1inq7v1sk3y9tv12yh5/257ci0bd6g6l3uk1fn5a0ob2s?_rt=c&live=yes&_lcl=en&_fmt=jsonp&sps=widgets&_clbk=W3621add9eafb337d544ac2226853b4147bc619ad4 200 
2026-01-26 16:36:12,998 - seleniumwire.handler - INFO - Capturing response: https://api.performfeeds.com/soccerdata/match/ft1tiv1inq7v1sk3y9tv12yh5/?_rt=c&tmcl=80zg2v1cuqcfhphn56u4qpyqc&live=yes&_pgSz=400&_lcl=en&_fmt=jsonp&sps=widgets&_clbk=W38c46802b1808b1f7876d1903445d1c709bb717a6 200 
2026-01-26 16:36:13,103 - seleniumwire.handler - INFO - Capturing response: https://api.performfeeds.com/soccerdata/matchevent/ft1tiv1inq7v1sk3y9tv12yh5/257ci0bd6g6l3uk1fn5a0ob2s?_rt=c&_lcl=en&_fmt=jsonp&sps=widgets&_clbk=W35f7c2b6f95c110652dcfc469c85542d3eee24d22 200 
2026-01-26 16:36:13,224 - seleniumwire.handler - INFO - Capturing request: https://api.performfeeds.com/soccerdata/squads/ft1tiv1inq7v1sk3y9tv12yh5/?_rt=c&ctst=agh9ifb2mw3ivjusgedj7c3fe&tmcl=80zg2v1cuqcfhphn56u4qpyqc&_pgSz=200&_lcl=en&_fmt=jsonp&sps=widgets&_clbk=W320eedfa8f479c4d17673a4baff42dcfd46ee6b0d
2026-01-26 16:36:13,224 - seleniumwire.handler - INFO - Capturing request: https://api.performfeeds.com/soccerdata/squads/ft1tiv1inq7v1sk3y9tv12yh5/?_rt=c&ctst=clo928vcczjp0mczavs5o7p5k&tmcl=80zg2v1cuqcfhphn56u4qpyqc&_pgSz=200&_lcl=en&_fmt=jsonp&sps=widgets&_clbk=W3a775b120a08ada3f1073fd09e62d665f7549abeb
2026-01-26 16:36:13,327 - seleniumwire.handler - INFO - Capturing response: https://api.performfeeds.com/soccerdata/squads/ft1tiv1inq7v1sk3y9tv12yh5/?_rt=c&ctst=agh9ifb2mw3ivjusgedj7c3fe&tmcl=80zg2v1cuqcfhphn56u4qpyqc&_pgSz=200&_lcl=en&_fmt=jsonp&sps=widgets&_clbk=W320eedfa8f479c4d17673a4baff42dcfd46ee6b0d 200 
2026-01-26 16:36:13,617 - seleniumwire.handler - INFO - Capturing response: https://api.performfeeds.com/soccerdata/squads/ft1tiv1inq7v1sk3y9tv12yh5/?_rt=c&ctst=clo928vcczjp0mczavs5o7p5k&tmcl=80zg2v1cuqcfhphn56u4qpyqc&_pgSz=200&_lcl=en&_fmt=jsonp&sps=widgets&_clbk=W3a775b120a08ada3f1073fd09e62d665f7549abeb 200 
2026-01-26 16:36:15,878 - seleniumwire.handler - INFO - Capturing request: https://api.performfeeds.com/soccerdata/nlgdynamicplayerbio/ft1tiv1inq7v1sk3y9tv12yh5?prsn=5f8kjgsaabn2li5r7bvpebbsa&_rt=c&_fmt=jsonp&_lcl=en-gb&_clbk=W3d842f21b34d63c57c26b5890406eaa3f86b38a41
2026-01-26 16:36:15,968 - seleniumwire.handler - INFO - Capturing response: https://api.performfeeds.com/soccerdata/nlgdynamicplayerbio/ft1tiv1inq7v1sk3y9tv12yh5?prsn=5f8kjgsaabn2li5r7bvpebbsa&_rt=c&_fmt=jsonp&_lcl=en-gb&_clbk=W3d842f21b34d63c57c26b5890406eaa3f86b38a41 200 
2026-01-26 16:36:56,283 - OptaPipeline - INFO -    ✅ Downloaded: 257ci0bd6g6l3uk1fn5a0ob2s.json (1767075 bytes, clean JSON)
2026-01-26 16:36:57,868 - OptaPipeline - INFO - [2/21] Match: 20boml0nnzxlvqvyy0ylfxdlg
2026-01-26 16:36:57,869 - seleniumwire.storage - INFO - Using in-memory request storage
2026-01-26 16:36:57,875 - seleniumwire.backend - INFO - Created proxy listening on ::ffff:127.0.0.1:52656
2026-01-26 16:37:03,741 - seleniumwire.handler - INFO - Capturing request: https://api.performfeeds.com/soccerdata/match/ft1tiv1inq7v1sk3y9tv12yh5/?_rt=c&tmcl=80zg2v1cuqcfhphn56u4qpyqc&live=yes&_pgSz=400&_lcl=en&_fmt=jsonp&sps=widgets&_clbk=W38c46802b1808b1f7876d1903445d1c709bb717a6
2026-01-26 16:37:03,753 - seleniumwire.handler - INFO - Capturing request: https://api.performfeeds.com/soccerdata/matchevent/ft1tiv1inq7v1sk3y9tv12yh5/20boml0nnzxlvqvyy0ylfxdlg?_rt=c&_lcl=en&_fmt=jsonp&sps=widgets&_clbk=W3a7e833a70bf8ee05a6371359b295d3a076bd2eef
2026-01-26 16:37:03,753 - seleniumwire.handler - INFO - Capturing request: https://api.performfeeds.com/soccerdata/match/ft1tiv1inq7v1sk3y9tv12yh5/20boml0nnzxlvqvyy0ylfxdlg?_rt=c&live=yes&_lcl=en&_fmt=jsonp&sps=widgets&_clbk=W35e7d7324cc3c3f0dd1502ef349da7f762f2c0e30
2026-01-26 16:37:03,885 - seleniumwire.handler - INFO - Capturing response: https://api.performfeeds.com/soccerdata/match/ft1tiv1inq7v1sk3y9tv12yh5/20boml0nnzxlvqvyy0ylfxdlg?_rt=c&live=yes&_lcl=en&_fmt=jsonp&sps=widgets&_clbk=W35e7d7324cc3c3f0dd1502ef349da7f762f2c0e30 200 
2026-01-26 16:37:05,071 - seleniumwire.handler - INFO - Capturing response: https://api.performfeeds.com/soccerdata/matchevent/ft1tiv1inq7v1sk3y9tv12yh5/20boml0nnzxlvqvyy0ylfxdlg?_rt=c&_lcl=en&_fmt=jsonp&sps=widgets&_clbk=W3a7e833a70bf8ee05a6371359b295d3a076bd2eef 200 
2026-01-26 16:37:05,216 - seleniumwire.handler - INFO - Capturing request: https://api.performfeeds.com/soccerdata/squads/ft1tiv1inq7v1sk3y9tv12yh5/?_rt=c&ctst=63f5h8t5e9qm1fqmvfkb23ghh&tmcl=80zg2v1cuqcfhphn56u4qpyqc&_pgSz=200&_lcl=en&_fmt=jsonp&sps=widgets&_clbk=W3225b3c98926edb536e16bc22af8460cc3b73dd66
2026-01-26 16:37:05,216 - seleniumwire.handler - INFO - Capturing request: https://api.performfeeds.com/soccerdata/squads/ft1tiv1inq7v1sk3y9tv12yh5/?_rt=c&ctst=agh9ifb2mw3ivjusgedj7c3fe&tmcl=80zg2v1cuqcfhphn56u4qpyqc&_pgSz=200&_lcl=en&_fmt=jsonp&sps=widgets&_clbk=W320eedfa8f479c4d17673a4baff42dcfd46ee6b0d
2026-01-26 16:37:05,265 - seleniumwire.handler - INFO - Capturing response: https://api.performfeeds.com/soccerdata/match/ft1tiv1inq7v1sk3y9tv12yh5/?_rt=c&tmcl=80zg2v1cuqcfhphn56u4qpyqc&live=yes&_pgSz=400&_lcl=en&_fmt=jsonp&sps=widgets&_clbk=W38c46802b1808b1f7876d1903445d1c709bb717a6 200 
2026-01-26 16:37:05,273 - seleniumwire.handler - INFO - Capturing response: https://api.performfeeds.com/soccerdata/squads/ft1tiv1inq7v1sk3y9tv12yh5/?_rt=c&ctst=agh9ifb2mw3ivjusgedj7c3fe&tmcl=80zg2v1cuqcfhphn56u4qpyqc&_pgSz=200&_lcl=en&_fmt=jsonp&sps=widgets&_clbk=W320eedfa8f479c4d17673a4baff42dcfd46ee6b0d 200 
2026-01-26 16:37:05,390 - seleniumwire.handler - INFO - Capturing response: https://api.performfeeds.com/soccerdata/squads/ft1tiv1inq7v1sk3y9tv12yh5/?_rt=c&ctst=63f5h8t5e9qm1fqmvfkb23ghh&tmcl=80zg2v1cuqcfhphn56u4qpyqc&_pgSz=200&_lcl=en&_fmt=jsonp&sps=widgets&_clbk=W3225b3c98926edb536e16bc22af8460cc3b73dd66 200 
2026-01-26 16:37:06,905 - seleniumwire.handler - INFO - Capturing request: https://api.performfeeds.com/soccerdata/nlgdynamicplayerbio/ft1tiv1inq7v1sk3y9tv12yh5?prsn=w503zyr8ipyobglth281uklx&_rt=c&_fmt=jsonp&_lcl=en-gb&_clbk=W3b77e85aad173c7b0810c01ff92989accf9b83b3c
2026-01-26 16:37:07,280 - seleniumwire.handler - INFO - Capturing response: https://api.performfeeds.com/soccerdata/nlgdynamicplayerbio/ft1tiv1inq7v1sk3y9tv12yh5?prsn=w503zyr8ipyobglth281uklx&_rt=c&_fmt=jsonp&_lcl=en-gb&_clbk=W3b77e85aad173c7b0810c01ff92989accf9b83b3c 200 
2026-01-26 16:37:47,827 - OptaPipeline - INFO -    ✅ Downloaded: 20boml0nnzxlvqvyy0ylfxdlg.json (1724782 bytes, clean JSON)
2026-01-26 16:37:49,411 - OptaPipeline - INFO - [3/21] Match: 1v9qqviahmnia4ewmzd4aejv8
2026-01-26 16:37:49,412 - seleniumwire.storage - INFO - Using in-memory request storage
2026-01-26 16:37:49,419 - seleniumwire.backend - INFO - Created proxy listening on ::ffff:127.0.0.1:52764
2026-01-26 16:37:50,427 - seleniumwire.handler - INFO - Capturing request: http://clients2.google.com/time/1/current?cup2key=9:zeb71tTakux3F16ahBzejmZ_v4f--FgENMH3uTMc1Qw&cup2hreq=e3b0c44298fc1c149afbf4c8996fb92427ae41e4649b934ca495991b7852b855
2026-01-26 16:37:50,480 - seleniumwire.handler - INFO - Capturing response: http://clients2.google.com/time/1/current?cup2key=9:zeb71tTakux3F16ahBzejmZ_v4f--FgENMH3uTMc1Qw&cup2hreq=e3b0c44298fc1c149afbf4c8996fb92427ae41e4649b934ca495991b7852b855 200 OK
2026-01-26 16:37:56,040 - seleniumwire.handler - INFO - Capturing request: https://api.performfeeds.com/soccerdata/match/ft1tiv1inq7v1sk3y9tv12yh5/?_rt=c&tmcl=80zg2v1cuqcfhphn56u4qpyqc&live=yes&_pgSz=400&_lcl=en&_fmt=jsonp&sps=widgets&_clbk=W38c46802b1808b1f7876d1903445d1c709bb717a6
2026-01-26 16:37:56,046 - seleniumwire.handler - INFO - Capturing request: https://api.performfeeds.com/soccerdata/match/ft1tiv1inq7v1sk3y9tv12yh5/1v9qqviahmnia4ewmzd4aejv8?_rt=c&live=yes&_lcl=en&_fmt=jsonp&sps=widgets&_clbk=W3cb14653c6e7a35dceb6477ac22e90b2423225a37
2026-01-26 16:37:56,048 - seleniumwire.handler - INFO - Capturing request: https://api.performfeeds.com/soccerdata/matchevent/ft1tiv1inq7v1sk3y9tv12yh5/1v9qqviahmnia4ewmzd4aejv8?_rt=c&_lcl=en&_fmt=jsonp&sps=widgets&_clbk=W3fd885a93cd6a8178d928dd7821a51ca3f08fc070
2026-01-26 16:37:56,331 - seleniumwire.handler - INFO - Capturing response: https://api.performfeeds.com/soccerdata/match/ft1tiv1inq7v1sk3y9tv12yh5/1v9qqviahmnia4ewmzd4aejv8?_rt=c&live=yes&_lcl=en&_fmt=jsonp&sps=widgets&_clbk=W3cb14653c6e7a35dceb6477ac22e90b2423225a37 200 
2026-01-26 16:37:56,896 - seleniumwire.handler - INFO - Capturing response: https://api.performfeeds.com/soccerdata/matchevent/ft1tiv1inq7v1sk3y9tv12yh5/1v9qqviahmnia4ewmzd4aejv8?_rt=c&_lcl=en&_fmt=jsonp&sps=widgets&_clbk=W3fd885a93cd6a8178d928dd7821a51ca3f08fc070 200 
2026-01-26 16:37:57,040 - seleniumwire.handler - INFO - Capturing request: https://api.performfeeds.com/soccerdata/squads/ft1tiv1inq7v1sk3y9tv12yh5/?_rt=c&ctst=4ku8o6uf87yd8iecdalipo6wd&tmcl=80zg2v1cuqcfhphn56u4qpyqc&_pgSz=200&_lcl=en&_fmt=jsonp&sps=widgets&_clbk=W3017778c08f74baac67720f9123edda78f35febfd
2026-01-26 16:37:57,040 - seleniumwire.handler - INFO - Capturing request: https://api.performfeeds.com/soccerdata/squads/ft1tiv1inq7v1sk3y9tv12yh5/?_rt=c&ctst=agh9ifb2mw3ivjusgedj7c3fe&tmcl=80zg2v1cuqcfhphn56u4qpyqc&_pgSz=200&_lcl=en&_fmt=jsonp&sps=widgets&_clbk=W320eedfa8f479c4d17673a4baff42dcfd46ee6b0d
2026-01-26 16:37:57,205 - seleniumwire.handler - INFO - Capturing response: https://api.performfeeds.com/soccerdata/squads/ft1tiv1inq7v1sk3y9tv12yh5/?_rt=c&ctst=agh9ifb2mw3ivjusgedj7c3fe&tmcl=80zg2v1cuqcfhphn56u4qpyqc&_pgSz=200&_lcl=en&_fmt=jsonp&sps=widgets&_clbk=W320eedfa8f479c4d17673a4baff42dcfd46ee6b0d 200 
2026-01-26 16:37:57,417 - seleniumwire.handler - INFO - Capturing response: https://api.performfeeds.com/soccerdata/squads/ft1tiv1inq7v1sk3y9tv12yh5/?_rt=c&ctst=4ku8o6uf87yd8iecdalipo6wd&tmcl=80zg2v1cuqcfhphn56u4qpyqc&_pgSz=200&_lcl=en&_fmt=jsonp&sps=widgets&_clbk=W3017778c08f74baac67720f9123edda78f35febfd 200 
2026-01-26 16:37:57,526 - seleniumwire.handler - INFO - Capturing response: https://api.performfeeds.com/soccerdata/match/ft1tiv1inq7v1sk3y9tv12yh5/?_rt=c&tmcl=80zg2v1cuqcfhphn56u4qpyqc&live=yes&_pgSz=400&_lcl=en&_fmt=jsonp&sps=widgets&_clbk=W38c46802b1808b1f7876d1903445d1c709bb717a6 200 
2026-01-26 16:37:58,959 - seleniumwire.handler - INFO - Capturing request: https://api.performfeeds.com/soccerdata/nlgdynamicplayerbio/ft1tiv1inq7v1sk3y9tv12yh5?prsn=5f8kjgsaabn2li5r7bvpebbsa&_rt=c&_fmt=jsonp&_lcl=en-gb&_clbk=W3d842f21b34d63c57c26b5890406eaa3f86b38a41
2026-01-26 16:37:59,039 - seleniumwire.handler - INFO - Capturing response: https://api.performfeeds.com/soccerdata/nlgdynamicplayerbio/ft1tiv1inq7v1sk3y9tv12yh5?prsn=5f8kjgsaabn2li5r7bvpebbsa&_rt=c&_fmt=jsonp&_lcl=en-gb&_clbk=W3d842f21b34d63c57c26b5890406eaa3f86b38a41 200 
2026-01-26 16:38:39,194 - OptaPipeline - INFO -    ✅ Downloaded: 1v9qqviahmnia4ewmzd4aejv8.json (1816429 bytes, clean JSON)
2026-01-26 16:38:40,779 - OptaPipeline - INFO - [4/21] Match: 1rvgcgz2ftmamcay54gz2qtjo
2026-01-26 16:38:40,780 - seleniumwire.storage - INFO - Using in-memory request storage
2026-01-26 16:38:40,788 - seleniumwire.backend - INFO - Created proxy listening on ::ffff:127.0.0.1:52869
2026-01-26 16:38:41,760 - seleniumwire.handler - INFO - Capturing request: http://clients2.google.com/time/1/current?cup2key=9:AoGHa-1Q-x0ajbipi7EO_VNsFQR75GPyKZXc3ZFdbwU&cup2hreq=e3b0c44298fc1c149afbf4c8996fb92427ae41e4649b934ca495991b7852b855
2026-01-26 16:38:41,816 - seleniumwire.handler - INFO - Capturing response: http://clients2.google.com/time/1/current?cup2key=9:AoGHa-1Q-x0ajbipi7EO_VNsFQR75GPyKZXc3ZFdbwU&cup2hreq=e3b0c44298fc1c149afbf4c8996fb92427ae41e4649b934ca495991b7852b855 200 OK
2026-01-26 16:38:46,204 - seleniumwire.handler - INFO - Capturing request: https://api.performfeeds.com/soccerdata/match/ft1tiv1inq7v1sk3y9tv12yh5/?_rt=c&tmcl=80zg2v1cuqcfhphn56u4qpyqc&live=yes&_pgSz=400&_lcl=en&_fmt=jsonp&sps=widgets&_clbk=W38c46802b1808b1f7876d1903445d1c709bb717a6
2026-01-26 16:38:46,215 - seleniumwire.handler - INFO - Capturing request: https://api.performfeeds.com/soccerdata/match/ft1tiv1inq7v1sk3y9tv12yh5/1rvgcgz2ftmamcay54gz2qtjo?_rt=c&live=yes&_lcl=en&_fmt=jsonp&sps=widgets&_clbk=W330b4d1af653d532300e66b08b6c1c3d40526d0d8
2026-01-26 16:38:46,215 - seleniumwire.handler - INFO - Capturing request: https://api.performfeeds.com/soccerdata/matchevent/ft1tiv1inq7v1sk3y9tv12yh5/1rvgcgz2ftmamcay54gz2qtjo?_rt=c&_lcl=en&_fmt=jsonp&sps=widgets&_clbk=W38c1d539fbc6c6eadddfb7aef249c464c538d498d
2026-01-26 16:38:46,538 - seleniumwire.handler - INFO - Capturing response: https://api.performfeeds.com/soccerdata/match/ft1tiv1inq7v1sk3y9tv12yh5/1rvgcgz2ftmamcay54gz2qtjo?_rt=c&live=yes&_lcl=en&_fmt=jsonp&sps=widgets&_clbk=W330b4d1af653d532300e66b08b6c1c3d40526d0d8 200 
2026-01-26 16:38:46,843 - seleniumwire.handler - INFO - Capturing response: https://api.performfeeds.com/soccerdata/matchevent/ft1tiv1inq7v1sk3y9tv12yh5/1rvgcgz2ftmamcay54gz2qtjo?_rt=c&_lcl=en&_fmt=jsonp&sps=widgets&_clbk=W38c1d539fbc6c6eadddfb7aef249c464c538d498d 200 
2026-01-26 16:38:46,976 - seleniumwire.handler - INFO - Capturing request: https://api.performfeeds.com/soccerdata/squads/ft1tiv1inq7v1sk3y9tv12yh5/?_rt=c&ctst=agh9ifb2mw3ivjusgedj7c3fe&tmcl=80zg2v1cuqcfhphn56u4qpyqc&_pgSz=200&_lcl=en&_fmt=jsonp&sps=widgets&_clbk=W320eedfa8f479c4d17673a4baff42dcfd46ee6b0d
2026-01-26 16:38:46,979 - seleniumwire.handler - INFO - Capturing request: https://api.performfeeds.com/soccerdata/squads/ft1tiv1inq7v1sk3y9tv12yh5/?_rt=c&ctst=c8llrezkm3b3op4afrou6b487&tmcl=80zg2v1cuqcfhphn56u4qpyqc&_pgSz=200&_lcl=en&_fmt=jsonp&sps=widgets&_clbk=W3eb054bc52ada8e4eaf5d16fd8c84500981638a6f
2026-01-26 16:38:46,992 - seleniumwire.handler - INFO - Capturing response: https://api.performfeeds.com/soccerdata/squads/ft1tiv1inq7v1sk3y9tv12yh5/?_rt=c&ctst=agh9ifb2mw3ivjusgedj7c3fe&tmcl=80zg2v1cuqcfhphn56u4qpyqc&_pgSz=200&_lcl=en&_fmt=jsonp&sps=widgets&_clbk=W320eedfa8f479c4d17673a4baff42dcfd46ee6b0d 200 
2026-01-26 16:38:47,289 - seleniumwire.handler - INFO - Capturing response: https://api.performfeeds.com/soccerdata/squads/ft1tiv1inq7v1sk3y9tv12yh5/?_rt=c&ctst=c8llrezkm3b3op4afrou6b487&tmcl=80zg2v1cuqcfhphn56u4qpyqc&_pgSz=200&_lcl=en&_fmt=jsonp&sps=widgets&_clbk=W3eb054bc52ada8e4eaf5d16fd8c84500981638a6f 200 
2026-01-26 16:38:47,945 - seleniumwire.handler - INFO - Capturing response: https://api.performfeeds.com/soccerdata/match/ft1tiv1inq7v1sk3y9tv12yh5/?_rt=c&tmcl=80zg2v1cuqcfhphn56u4qpyqc&live=yes&_pgSz=400&_lcl=en&_fmt=jsonp&sps=widgets&_clbk=W38c46802b1808b1f7876d1903445d1c709bb717a6 200 
2026-01-26 16:38:48,747 - seleniumwire.handler - INFO - Capturing request: https://api.performfeeds.com/soccerdata/nlgdynamicplayerbio/ft1tiv1inq7v1sk3y9tv12yh5?prsn=bahph7009sc73jl6s2bramn6d&_rt=c&_fmt=jsonp&_lcl=en-gb&_clbk=W37bd8ee96bad9ca204db593eb8aa77e65c077bfc5
2026-01-26 16:38:49,276 - seleniumwire.handler - INFO - Capturing response: https://api.performfeeds.com/soccerdata/nlgdynamicplayerbio/ft1tiv1inq7v1sk3y9tv12yh5?prsn=bahph7009sc73jl6s2bramn6d&_rt=c&_fmt=jsonp&_lcl=en-gb&_clbk=W37bd8ee96bad9ca204db593eb8aa77e65c077bfc5 200 
2026-01-26 16:39:30,302 - OptaPipeline - INFO -    ✅ Downloaded: 1rvgcgz2ftmamcay54gz2qtjo.json (1565466 bytes, clean JSON)
2026-01-26 16:39:31,887 - OptaPipeline - INFO - [5/21] Match: 1oi5jmg0ldrmljyz46todfbpw
2026-01-26 16:39:31,888 - seleniumwire.storage - INFO - Using in-memory request storage
2026-01-26 16:39:31,893 - seleniumwire.backend - INFO - Created proxy listening on ::ffff:127.0.0.1:52977
2026-01-26 16:39:33,075 - seleniumwire.handler - INFO - Capturing request: http://clients2.google.com/time/1/current?cup2key=9:av3jQnXlANTqgDAzfn6YZ3WbPXRv9oBZqkmsqF5JdsE&cup2hreq=e3b0c44298fc1c149afbf4c8996fb92427ae41e4649b934ca495991b7852b855
2026-01-26 16:39:33,157 - seleniumwire.handler - INFO - Capturing response: http://clients2.google.com/time/1/current?cup2key=9:av3jQnXlANTqgDAzfn6YZ3WbPXRv9oBZqkmsqF5JdsE&cup2hreq=e3b0c44298fc1c149afbf4c8996fb92427ae41e4649b934ca495991b7852b855 200 OK
2026-01-26 16:39:37,642 - seleniumwire.handler - INFO - Capturing request: https://api.performfeeds.com/soccerdata/match/ft1tiv1inq7v1sk3y9tv12yh5/?_rt=c&tmcl=80zg2v1cuqcfhphn56u4qpyqc&live=yes&_pgSz=400&_lcl=en&_fmt=jsonp&sps=widgets&_clbk=W38c46802b1808b1f7876d1903445d1c709bb717a6
2026-01-26 16:39:37,649 - seleniumwire.handler - INFO - Capturing request: https://api.performfeeds.com/soccerdata/match/ft1tiv1inq7v1sk3y9tv12yh5/1oi5jmg0ldrmljyz46todfbpw?_rt=c&live=yes&_lcl=en&_fmt=jsonp&sps=widgets&_clbk=W30c99e026007a87d94d4f47ce07eab2d2b45cc972
2026-01-26 16:39:37,649 - seleniumwire.handler - INFO - Capturing request: https://api.performfeeds.com/soccerdata/matchevent/ft1tiv1inq7v1sk3y9tv12yh5/1oi5jmg0ldrmljyz46todfbpw?_rt=c&_lcl=en&_fmt=jsonp&sps=widgets&_clbk=W31517c4150f527c53a5a6e061a10eedeeac68920c
2026-01-26 16:39:38,074 - seleniumwire.handler - INFO - Capturing response: https://api.performfeeds.com/soccerdata/match/ft1tiv1inq7v1sk3y9tv12yh5/1oi5jmg0ldrmljyz46todfbpw?_rt=c&live=yes&_lcl=en&_fmt=jsonp&sps=widgets&_clbk=W30c99e026007a87d94d4f47ce07eab2d2b45cc972 200 
2026-01-26 16:39:38,556 - seleniumwire.handler - INFO - Capturing response: https://api.performfeeds.com/soccerdata/match/ft1tiv1inq7v1sk3y9tv12yh5/?_rt=c&tmcl=80zg2v1cuqcfhphn56u4qpyqc&live=yes&_pgSz=400&_lcl=en&_fmt=jsonp&sps=widgets&_clbk=W38c46802b1808b1f7876d1903445d1c709bb717a6 200 
2026-01-26 16:39:38,740 - seleniumwire.handler - INFO - Capturing response: https://api.performfeeds.com/soccerdata/matchevent/ft1tiv1inq7v1sk3y9tv12yh5/1oi5jmg0ldrmljyz46todfbpw?_rt=c&_lcl=en&_fmt=jsonp&sps=widgets&_clbk=W31517c4150f527c53a5a6e061a10eedeeac68920c 200 
2026-01-26 16:39:38,872 - seleniumwire.handler - INFO - Capturing request: https://api.performfeeds.com/soccerdata/squads/ft1tiv1inq7v1sk3y9tv12yh5/?_rt=c&ctst=74mcjsm72vr3l9pw2i4qfjchj&tmcl=80zg2v1cuqcfhphn56u4qpyqc&_pgSz=200&_lcl=en&_fmt=jsonp&sps=widgets&_clbk=W3dc1016b6544e4f2b04ca6f2083db96b4e9314dee
2026-01-26 16:39:38,873 - seleniumwire.handler - INFO - Capturing request: https://api.performfeeds.com/soccerdata/squads/ft1tiv1inq7v1sk3y9tv12yh5/?_rt=c&ctst=agh9ifb2mw3ivjusgedj7c3fe&tmcl=80zg2v1cuqcfhphn56u4qpyqc&_pgSz=200&_lcl=en&_fmt=jsonp&sps=widgets&_clbk=W320eedfa8f479c4d17673a4baff42dcfd46ee6b0d
2026-01-26 16:39:38,904 - seleniumwire.handler - INFO - Capturing response: https://api.performfeeds.com/soccerdata/squads/ft1tiv1inq7v1sk3y9tv12yh5/?_rt=c&ctst=agh9ifb2mw3ivjusgedj7c3fe&tmcl=80zg2v1cuqcfhphn56u4qpyqc&_pgSz=200&_lcl=en&_fmt=jsonp&sps=widgets&_clbk=W320eedfa8f479c4d17673a4baff42dcfd46ee6b0d 200 
2026-01-26 16:39:38,976 - seleniumwire.handler - INFO - Capturing response: https://api.performfeeds.com/soccerdata/squads/ft1tiv1inq7v1sk3y9tv12yh5/?_rt=c&ctst=74mcjsm72vr3l9pw2i4qfjchj&tmcl=80zg2v1cuqcfhphn56u4qpyqc&_pgSz=200&_lcl=en&_fmt=jsonp&sps=widgets&_clbk=W3dc1016b6544e4f2b04ca6f2083db96b4e9314dee 200 
2026-01-26 16:39:40,577 - seleniumwire.handler - INFO - Capturing request: https://api.performfeeds.com/soccerdata/nlgdynamicplayerbio/ft1tiv1inq7v1sk3y9tv12yh5?prsn=6ddxujeb3873j5evwiz8n4wt0&_rt=c&_fmt=jsonp&_lcl=en-gb&_clbk=W3992e75da1efd5d24b61154e7d792b02db7e3608b
2026-01-26 16:39:40,882 - seleniumwire.handler - INFO - Capturing response: https://api.performfeeds.com/soccerdata/nlgdynamicplayerbio/ft1tiv1inq7v1sk3y9tv12yh5?prsn=6ddxujeb3873j5evwiz8n4wt0&_rt=c&_fmt=jsonp&_lcl=en-gb&_clbk=W3992e75da1efd5d24b61154e7d792b02db7e3608b 200 
2026-01-26 16:40:21,639 - OptaPipeline - INFO -    ✅ Downloaded: 1oi5jmg0ldrmljyz46todfbpw.json (1777555 bytes, clean JSON)
2026-01-26 16:40:23,225 - OptaPipeline - INFO - [6/21] Match: 1myp00g7w796yt6ts8ojdkys4
2026-01-26 16:40:23,226 - seleniumwire.storage - INFO - Using in-memory request storage
2026-01-26 16:40:23,232 - seleniumwire.backend - INFO - Created proxy listening on ::ffff:127.0.0.1:53079
2026-01-26 16:40:24,207 - seleniumwire.handler - INFO - Capturing request: http://clients2.google.com/time/1/current?cup2key=9:X4Y7jp4s2MvWe2Tkzx2zvBB5eBWTZn8ayY9k0-Nvdjw&cup2hreq=e3b0c44298fc1c149afbf4c8996fb92427ae41e4649b934ca495991b7852b855
2026-01-26 16:40:24,280 - seleniumwire.handler - INFO - Capturing response: http://clients2.google.com/time/1/current?cup2key=9:X4Y7jp4s2MvWe2Tkzx2zvBB5eBWTZn8ayY9k0-Nvdjw&cup2hreq=e3b0c44298fc1c149afbf4c8996fb92427ae41e4649b934ca495991b7852b855 200 OK
2026-01-26 16:40:28,735 - seleniumwire.handler - INFO - Capturing request: https://api.performfeeds.com/soccerdata/match/ft1tiv1inq7v1sk3y9tv12yh5/?_rt=c&tmcl=80zg2v1cuqcfhphn56u4qpyqc&live=yes&_pgSz=400&_lcl=en&_fmt=jsonp&sps=widgets&_clbk=W38c46802b1808b1f7876d1903445d1c709bb717a6
2026-01-26 16:40:28,741 - seleniumwire.handler - INFO - Capturing request: https://api.performfeeds.com/soccerdata/matchevent/ft1tiv1inq7v1sk3y9tv12yh5/1myp00g7w796yt6ts8ojdkys4?_rt=c&_lcl=en&_fmt=jsonp&sps=widgets&_clbk=W3da0b7e24a2d82260b013fe15cbedf95d5f4575c5
2026-01-26 16:40:28,742 - seleniumwire.handler - INFO - Capturing request: https://api.performfeeds.com/soccerdata/match/ft1tiv1inq7v1sk3y9tv12yh5/1myp00g7w796yt6ts8ojdkys4?_rt=c&live=yes&_lcl=en&_fmt=jsonp&sps=widgets&_clbk=W36afc87b71182f37770da0c06a9a0aa4f5f449823
2026-01-26 16:40:29,152 - seleniumwire.handler - INFO - Capturing response: https://api.performfeeds.com/soccerdata/match/ft1tiv1inq7v1sk3y9tv12yh5/1myp00g7w796yt6ts8ojdkys4?_rt=c&live=yes&_lcl=en&_fmt=jsonp&sps=widgets&_clbk=W36afc87b71182f37770da0c06a9a0aa4f5f449823 200 
2026-01-26 16:40:29,461 - seleniumwire.handler - INFO - Capturing response: https://api.performfeeds.com/soccerdata/matchevent/ft1tiv1inq7v1sk3y9tv12yh5/1myp00g7w796yt6ts8ojdkys4?_rt=c&_lcl=en&_fmt=jsonp&sps=widgets&_clbk=W3da0b7e24a2d82260b013fe15cbedf95d5f4575c5 200 
2026-01-26 16:40:29,604 - seleniumwire.handler - INFO - Capturing request: https://api.performfeeds.com/soccerdata/squads/ft1tiv1inq7v1sk3y9tv12yh5/?_rt=c&ctst=2l0ldgiwsgb8d6y3z0sfgjzyj&tmcl=80zg2v1cuqcfhphn56u4qpyqc&_pgSz=200&_lcl=en&_fmt=jsonp&sps=widgets&_clbk=W3da7d0b1899b914eae64f1f076215d81732787251
2026-01-26 16:40:29,604 - seleniumwire.handler - INFO - Capturing request: https://api.performfeeds.com/soccerdata/squads/ft1tiv1inq7v1sk3y9tv12yh5/?_rt=c&ctst=agh9ifb2mw3ivjusgedj7c3fe&tmcl=80zg2v1cuqcfhphn56u4qpyqc&_pgSz=200&_lcl=en&_fmt=jsonp&sps=widgets&_clbk=W320eedfa8f479c4d17673a4baff42dcfd46ee6b0d
2026-01-26 16:40:29,912 - seleniumwire.handler - INFO - Capturing response: https://api.performfeeds.com/soccerdata/squads/ft1tiv1inq7v1sk3y9tv12yh5/?_rt=c&ctst=agh9ifb2mw3ivjusgedj7c3fe&tmcl=80zg2v1cuqcfhphn56u4qpyqc&_pgSz=200&_lcl=en&_fmt=jsonp&sps=widgets&_clbk=W320eedfa8f479c4d17673a4baff42dcfd46ee6b0d 200 
2026-01-26 16:40:29,956 - seleniumwire.handler - INFO - Capturing response: https://api.performfeeds.com/soccerdata/squads/ft1tiv1inq7v1sk3y9tv12yh5/?_rt=c&ctst=2l0ldgiwsgb8d6y3z0sfgjzyj&tmcl=80zg2v1cuqcfhphn56u4qpyqc&_pgSz=200&_lcl=en&_fmt=jsonp&sps=widgets&_clbk=W3da7d0b1899b914eae64f1f076215d81732787251 200 
2026-01-26 16:40:30,115 - seleniumwire.handler - INFO - Capturing response: https://api.performfeeds.com/soccerdata/match/ft1tiv1inq7v1sk3y9tv12yh5/?_rt=c&tmcl=80zg2v1cuqcfhphn56u4qpyqc&live=yes&_pgSz=400&_lcl=en&_fmt=jsonp&sps=widgets&_clbk=W38c46802b1808b1f7876d1903445d1c709bb717a6 200 
2026-01-26 16:40:31,527 - seleniumwire.handler - INFO - Capturing request: https://api.performfeeds.com/soccerdata/nlgdynamicplayerbio/ft1tiv1inq7v1sk3y9tv12yh5?prsn=5f8kjgsaabn2li5r7bvpebbsa&_rt=c&_fmt=jsonp&_lcl=en-gb&_clbk=W3d842f21b34d63c57c26b5890406eaa3f86b38a41
2026-01-26 16:40:31,977 - seleniumwire.handler - INFO - Capturing response: https://api.performfeeds.com/soccerdata/nlgdynamicplayerbio/ft1tiv1inq7v1sk3y9tv12yh5?prsn=5f8kjgsaabn2li5r7bvpebbsa&_rt=c&_fmt=jsonp&_lcl=en-gb&_clbk=W3d842f21b34d63c57c26b5890406eaa3f86b38a41 200 
2026-01-26 16:41:12,921 - OptaPipeline - INFO -    ✅ Downloaded: 1myp00g7w796yt6ts8ojdkys4.json (1709397 bytes, clean JSON)
2026-01-26 16:41:14,507 - OptaPipeline - INFO - [7/21] Match: 1gkqfp2d7qi9h6k34k3mo8zkk
2026-01-26 16:41:14,508 - seleniumwire.storage - INFO - Using in-memory request storage
2026-01-26 16:41:14,516 - seleniumwire.backend - INFO - Created proxy listening on ::ffff:127.0.0.1:53186
2026-01-26 16:41:20,402 - seleniumwire.handler - INFO - Capturing request: https://api.performfeeds.com/soccerdata/match/ft1tiv1inq7v1sk3y9tv12yh5/?_rt=c&tmcl=80zg2v1cuqcfhphn56u4qpyqc&live=yes&_pgSz=400&_lcl=en&_fmt=jsonp&sps=widgets&_clbk=W38c46802b1808b1f7876d1903445d1c709bb717a6
2026-01-26 16:41:20,410 - seleniumwire.handler - INFO - Capturing request: https://api.performfeeds.com/soccerdata/matchevent/ft1tiv1inq7v1sk3y9tv12yh5/1gkqfp2d7qi9h6k34k3mo8zkk?_rt=c&_lcl=en&_fmt=jsonp&sps=widgets&_clbk=W32e578b0808da01cacd66ced067459ee930909ef5
2026-01-26 16:41:20,415 - seleniumwire.handler - INFO - Capturing request: https://api.performfeeds.com/soccerdata/match/ft1tiv1inq7v1sk3y9tv12yh5/1gkqfp2d7qi9h6k34k3mo8zkk?_rt=c&live=yes&_lcl=en&_fmt=jsonp&sps=widgets&_clbk=W363fbe0f8744dc3ddc248f329721f031247106ec8
2026-01-26 16:41:20,524 - seleniumwire.handler - INFO - Capturing response: https://api.performfeeds.com/soccerdata/match/ft1tiv1inq7v1sk3y9tv12yh5/1gkqfp2d7qi9h6k34k3mo8zkk?_rt=c&live=yes&_lcl=en&_fmt=jsonp&sps=widgets&_clbk=W363fbe0f8744dc3ddc248f329721f031247106ec8 200 
2026-01-26 16:41:21,173 - seleniumwire.handler - INFO - Capturing response: https://api.performfeeds.com/soccerdata/matchevent/ft1tiv1inq7v1sk3y9tv12yh5/1gkqfp2d7qi9h6k34k3mo8zkk?_rt=c&_lcl=en&_fmt=jsonp&sps=widgets&_clbk=W32e578b0808da01cacd66ced067459ee930909ef5 200 
2026-01-26 16:41:21,316 - seleniumwire.handler - INFO - Capturing request: https://api.performfeeds.com/soccerdata/squads/ft1tiv1inq7v1sk3y9tv12yh5/?_rt=c&ctst=ah8dala7suqqkj04n2l8xz4zd&tmcl=80zg2v1cuqcfhphn56u4qpyqc&_pgSz=200&_lcl=en&_fmt=jsonp&sps=widgets&_clbk=W327b12727d131fa638fa838b89f095d51c5c4c438
2026-01-26 16:41:21,319 - seleniumwire.handler - INFO - Capturing request: https://api.performfeeds.com/soccerdata/squads/ft1tiv1inq7v1sk3y9tv12yh5/?_rt=c&ctst=agh9ifb2mw3ivjusgedj7c3fe&tmcl=80zg2v1cuqcfhphn56u4qpyqc&_pgSz=200&_lcl=en&_fmt=jsonp&sps=widgets&_clbk=W320eedfa8f479c4d17673a4baff42dcfd46ee6b0d
2026-01-26 16:41:21,604 - seleniumwire.handler - INFO - Capturing response: https://api.performfeeds.com/soccerdata/squads/ft1tiv1inq7v1sk3y9tv12yh5/?_rt=c&ctst=agh9ifb2mw3ivjusgedj7c3fe&tmcl=80zg2v1cuqcfhphn56u4qpyqc&_pgSz=200&_lcl=en&_fmt=jsonp&sps=widgets&_clbk=W320eedfa8f479c4d17673a4baff42dcfd46ee6b0d 200 
2026-01-26 16:41:21,679 - seleniumwire.handler - INFO - Capturing response: https://api.performfeeds.com/soccerdata/squads/ft1tiv1inq7v1sk3y9tv12yh5/?_rt=c&ctst=ah8dala7suqqkj04n2l8xz4zd&tmcl=80zg2v1cuqcfhphn56u4qpyqc&_pgSz=200&_lcl=en&_fmt=jsonp&sps=widgets&_clbk=W327b12727d131fa638fa838b89f095d51c5c4c438 200 
2026-01-26 16:41:21,813 - seleniumwire.handler - INFO - Capturing response: https://api.performfeeds.com/soccerdata/match/ft1tiv1inq7v1sk3y9tv12yh5/?_rt=c&tmcl=80zg2v1cuqcfhphn56u4qpyqc&live=yes&_pgSz=400&_lcl=en&_fmt=jsonp&sps=widgets&_clbk=W38c46802b1808b1f7876d1903445d1c709bb717a6 200 
2026-01-26 16:41:23,231 - seleniumwire.handler - INFO - Capturing request: https://api.performfeeds.com/soccerdata/nlgdynamicplayerbio/ft1tiv1inq7v1sk3y9tv12yh5?prsn=routhh0ialijcg3egagouig9&_rt=c&_fmt=jsonp&_lcl=en-gb&_clbk=W3bfdcc720ed717eee05b78272d14b0f55b2e1b159
2026-01-26 16:41:23,576 - seleniumwire.handler - INFO - Capturing response: https://api.performfeeds.com/soccerdata/nlgdynamicplayerbio/ft1tiv1inq7v1sk3y9tv12yh5?prsn=routhh0ialijcg3egagouig9&_rt=c&_fmt=jsonp&_lcl=en-gb&_clbk=W3bfdcc720ed717eee05b78272d14b0f55b2e1b159 200 
2026-01-26 16:42:04,334 - OptaPipeline - INFO -    ✅ Downloaded: 1gkqfp2d7qi9h6k34k3mo8zkk.json (1783680 bytes, clean JSON)
2026-01-26 16:42:05,921 - OptaPipeline - INFO - [8/21] Match: 1dk2hnl09qux7z4fqn1qxq238
2026-01-26 16:42:05,921 - seleniumwire.storage - INFO - Using in-memory request storage
2026-01-26 16:42:05,927 - seleniumwire.backend - INFO - Created proxy listening on ::ffff:127.0.0.1:53297
2026-01-26 16:42:06,906 - seleniumwire.handler - INFO - Capturing request: http://clients2.google.com/time/1/current?cup2key=9:R3emDT3bmef0s4JLBTx0utZrbFo6KFTyV5aiDivJ55M&cup2hreq=e3b0c44298fc1c149afbf4c8996fb92427ae41e4649b934ca495991b7852b855
2026-01-26 16:42:07,014 - seleniumwire.handler - INFO - Capturing response: http://clients2.google.com/time/1/current?cup2key=9:R3emDT3bmef0s4JLBTx0utZrbFo6KFTyV5aiDivJ55M&cup2hreq=e3b0c44298fc1c149afbf4c8996fb92427ae41e4649b934ca495991b7852b855 200 OK
2026-01-26 16:42:07,112 - seleniumwire.handler - INFO - Capturing request: https://accounts.google.com/ListAccounts?gpsia=1&source=ChromiumBrowser&json=standard&laf=b64bin
2026-01-26 16:42:07,203 - seleniumwire.handler - INFO - Capturing response: https://accounts.google.com/ListAccounts?gpsia=1&source=ChromiumBrowser&json=standard&laf=b64bin 200 
2026-01-26 16:42:11,390 - seleniumwire.handler - INFO - Capturing request: https://api.performfeeds.com/soccerdata/match/ft1tiv1inq7v1sk3y9tv12yh5/?_rt=c&tmcl=80zg2v1cuqcfhphn56u4qpyqc&live=yes&_pgSz=400&_lcl=en&_fmt=jsonp&sps=widgets&_clbk=W38c46802b1808b1f7876d1903445d1c709bb717a6
2026-01-26 16:42:11,442 - seleniumwire.handler - INFO - Capturing request: https://api.performfeeds.com/soccerdata/matchevent/ft1tiv1inq7v1sk3y9tv12yh5/1dk2hnl09qux7z4fqn1qxq238?_rt=c&_lcl=en&_fmt=jsonp&sps=widgets&_clbk=W3d3825625ae7a844d3cc086387f1770c5ed104bd7
2026-01-26 16:42:11,442 - seleniumwire.handler - INFO - Capturing request: https://api.performfeeds.com/soccerdata/match/ft1tiv1inq7v1sk3y9tv12yh5/1dk2hnl09qux7z4fqn1qxq238?_rt=c&live=yes&_lcl=en&_fmt=jsonp&sps=widgets&_clbk=W3939222dfe8272cf95f7e7e64fbf861240c87a3bf
2026-01-26 16:42:12,422 - seleniumwire.handler - INFO - Capturing response: https://api.performfeeds.com/soccerdata/match/ft1tiv1inq7v1sk3y9tv12yh5/1dk2hnl09qux7z4fqn1qxq238?_rt=c&live=yes&_lcl=en&_fmt=jsonp&sps=widgets&_clbk=W3939222dfe8272cf95f7e7e64fbf861240c87a3bf 200 
2026-01-26 16:42:12,441 - seleniumwire.handler - INFO - Capturing response: https://api.performfeeds.com/soccerdata/matchevent/ft1tiv1inq7v1sk3y9tv12yh5/1dk2hnl09qux7z4fqn1qxq238?_rt=c&_lcl=en&_fmt=jsonp&sps=widgets&_clbk=W3d3825625ae7a844d3cc086387f1770c5ed104bd7 200 
2026-01-26 16:42:12,538 - seleniumwire.handler - INFO - Capturing response: https://api.performfeeds.com/soccerdata/match/ft1tiv1inq7v1sk3y9tv12yh5/?_rt=c&tmcl=80zg2v1cuqcfhphn56u4qpyqc&live=yes&_pgSz=400&_lcl=en&_fmt=jsonp&sps=widgets&_clbk=W38c46802b1808b1f7876d1903445d1c709bb717a6 200 
2026-01-26 16:42:12,674 - seleniumwire.handler - INFO - Capturing request: https://api.performfeeds.com/soccerdata/squads/ft1tiv1inq7v1sk3y9tv12yh5/?_rt=c&ctst=agh9ifb2mw3ivjusgedj7c3fe&tmcl=80zg2v1cuqcfhphn56u4qpyqc&_pgSz=200&_lcl=en&_fmt=jsonp&sps=widgets&_clbk=W320eedfa8f479c4d17673a4baff42dcfd46ee6b0d
2026-01-26 16:42:12,675 - seleniumwire.handler - INFO - Capturing request: https://api.performfeeds.com/soccerdata/squads/ft1tiv1inq7v1sk3y9tv12yh5/?_rt=c&ctst=4dtdjgnpdq9uw4sdutti0vaar&tmcl=80zg2v1cuqcfhphn56u4qpyqc&_pgSz=200&_lcl=en&_fmt=jsonp&sps=widgets&_clbk=W30be1904ad0928c084718ad6eef5c0b69f4b35b65
2026-01-26 16:42:12,688 - seleniumwire.handler - INFO - Capturing response: https://api.performfeeds.com/soccerdata/squads/ft1tiv1inq7v1sk3y9tv12yh5/?_rt=c&ctst=agh9ifb2mw3ivjusgedj7c3fe&tmcl=80zg2v1cuqcfhphn56u4qpyqc&_pgSz=200&_lcl=en&_fmt=jsonp&sps=widgets&_clbk=W320eedfa8f479c4d17673a4baff42dcfd46ee6b0d 200 
2026-01-26 16:42:13,086 - seleniumwire.handler - INFO - Capturing response: https://api.performfeeds.com/soccerdata/squads/ft1tiv1inq7v1sk3y9tv12yh5/?_rt=c&ctst=4dtdjgnpdq9uw4sdutti0vaar&tmcl=80zg2v1cuqcfhphn56u4qpyqc&_pgSz=200&_lcl=en&_fmt=jsonp&sps=widgets&_clbk=W30be1904ad0928c084718ad6eef5c0b69f4b35b65 200 
2026-01-26 16:42:14,354 - seleniumwire.handler - INFO - Capturing request: https://api.performfeeds.com/soccerdata/nlgdynamicplayerbio/ft1tiv1inq7v1sk3y9tv12yh5?prsn=5f8kjgsaabn2li5r7bvpebbsa&_rt=c&_fmt=jsonp&_lcl=en-gb&_clbk=W3d842f21b34d63c57c26b5890406eaa3f86b38a41
2026-01-26 16:42:14,541 - seleniumwire.handler - INFO - Capturing response: https://api.performfeeds.com/soccerdata/nlgdynamicplayerbio/ft1tiv1inq7v1sk3y9tv12yh5?prsn=5f8kjgsaabn2li5r7bvpebbsa&_rt=c&_fmt=jsonp&_lcl=en-gb&_clbk=W3d842f21b34d63c57c26b5890406eaa3f86b38a41 200 
2026-01-26 16:42:55,501 - OptaPipeline - INFO -    ✅ Downloaded: 1dk2hnl09qux7z4fqn1qxq238.json (1842262 bytes, clean JSON)
2026-01-26 16:42:57,085 - OptaPipeline - INFO - [9/21] Match: 1a7radhhole7vfnciarzauq6s
2026-01-26 16:42:57,086 - seleniumwire.storage - INFO - Using in-memory request storage
2026-01-26 16:42:57,093 - seleniumwire.backend - INFO - Created proxy listening on ::ffff:127.0.0.1:53405
2026-01-26 16:43:02,585 - seleniumwire.handler - INFO - Capturing request: https://api.performfeeds.com/soccerdata/match/ft1tiv1inq7v1sk3y9tv12yh5/?_rt=c&tmcl=80zg2v1cuqcfhphn56u4qpyqc&live=yes&_pgSz=400&_lcl=en&_fmt=jsonp&sps=widgets&_clbk=W38c46802b1808b1f7876d1903445d1c709bb717a6
2026-01-26 16:43:02,594 - seleniumwire.handler - INFO - Capturing request: https://api.performfeeds.com/soccerdata/match/ft1tiv1inq7v1sk3y9tv12yh5/1a7radhhole7vfnciarzauq6s?_rt=c&live=yes&_lcl=en&_fmt=jsonp&sps=widgets&_clbk=W346ac730201f03d65330da4e38cdcd11b587a792c
2026-01-26 16:43:02,596 - seleniumwire.handler - INFO - Capturing request: https://api.performfeeds.com/soccerdata/matchevent/ft1tiv1inq7v1sk3y9tv12yh5/1a7radhhole7vfnciarzauq6s?_rt=c&_lcl=en&_fmt=jsonp&sps=widgets&_clbk=W3d1014ca18d9b3a82a41cc66599298fec958b04be
2026-01-26 16:43:02,822 - seleniumwire.handler - INFO - Capturing response: https://api.performfeeds.com/soccerdata/match/ft1tiv1inq7v1sk3y9tv12yh5/1a7radhhole7vfnciarzauq6s?_rt=c&live=yes&_lcl=en&_fmt=jsonp&sps=widgets&_clbk=W346ac730201f03d65330da4e38cdcd11b587a792c 200 
2026-01-26 16:43:03,578 - seleniumwire.handler - INFO - Capturing response: https://api.performfeeds.com/soccerdata/matchevent/ft1tiv1inq7v1sk3y9tv12yh5/1a7radhhole7vfnciarzauq6s?_rt=c&_lcl=en&_fmt=jsonp&sps=widgets&_clbk=W3d1014ca18d9b3a82a41cc66599298fec958b04be 200 
2026-01-26 16:43:03,716 - seleniumwire.handler - INFO - Capturing request: https://api.performfeeds.com/soccerdata/squads/ft1tiv1inq7v1sk3y9tv12yh5/?_rt=c&ctst=agh9ifb2mw3ivjusgedj7c3fe&tmcl=80zg2v1cuqcfhphn56u4qpyqc&_pgSz=200&_lcl=en&_fmt=jsonp&sps=widgets&_clbk=W320eedfa8f479c4d17673a4baff42dcfd46ee6b0d
2026-01-26 16:43:03,716 - seleniumwire.handler - INFO - Capturing request: https://api.performfeeds.com/soccerdata/squads/ft1tiv1inq7v1sk3y9tv12yh5/?_rt=c&ctst=3czravw89omgc9o4s0w3l1bg5&tmcl=80zg2v1cuqcfhphn56u4qpyqc&_pgSz=200&_lcl=en&_fmt=jsonp&sps=widgets&_clbk=W31839ec510bf47f2a7fcecbaba488a7950cf31fb2
2026-01-26 16:43:03,903 - seleniumwire.handler - INFO - Capturing response: https://api.performfeeds.com/soccerdata/squads/ft1tiv1inq7v1sk3y9tv12yh5/?_rt=c&ctst=agh9ifb2mw3ivjusgedj7c3fe&tmcl=80zg2v1cuqcfhphn56u4qpyqc&_pgSz=200&_lcl=en&_fmt=jsonp&sps=widgets&_clbk=W320eedfa8f479c4d17673a4baff42dcfd46ee6b0d 200 
2026-01-26 16:43:04,025 - seleniumwire.handler - INFO - Capturing response: https://api.performfeeds.com/soccerdata/match/ft1tiv1inq7v1sk3y9tv12yh5/?_rt=c&tmcl=80zg2v1cuqcfhphn56u4qpyqc&live=yes&_pgSz=400&_lcl=en&_fmt=jsonp&sps=widgets&_clbk=W38c46802b1808b1f7876d1903445d1c709bb717a6 200 
2026-01-26 16:43:04,173 - seleniumwire.handler - INFO - Capturing response: https://api.performfeeds.com/soccerdata/squads/ft1tiv1inq7v1sk3y9tv12yh5/?_rt=c&ctst=3czravw89omgc9o4s0w3l1bg5&tmcl=80zg2v1cuqcfhphn56u4qpyqc&_pgSz=200&_lcl=en&_fmt=jsonp&sps=widgets&_clbk=W31839ec510bf47f2a7fcecbaba488a7950cf31fb2 200 
2026-01-26 16:43:05,511 - seleniumwire.handler - INFO - Capturing request: https://api.performfeeds.com/soccerdata/nlgdynamicplayerbio/ft1tiv1inq7v1sk3y9tv12yh5?prsn=5f8kjgsaabn2li5r7bvpebbsa&_rt=c&_fmt=jsonp&_lcl=en-gb&_clbk=W3d842f21b34d63c57c26b5890406eaa3f86b38a41
2026-01-26 16:43:05,788 - seleniumwire.handler - INFO - Capturing response: https://api.performfeeds.com/soccerdata/nlgdynamicplayerbio/ft1tiv1inq7v1sk3y9tv12yh5?prsn=5f8kjgsaabn2li5r7bvpebbsa&_rt=c&_fmt=jsonp&_lcl=en-gb&_clbk=W3d842f21b34d63c57c26b5890406eaa3f86b38a41 200 
2026-01-26 16:43:46,912 - OptaPipeline - INFO -    ✅ Downloaded: 1a7radhhole7vfnciarzauq6s.json (1793902 bytes, clean JSON)
2026-01-26 16:43:48,500 - OptaPipeline - INFO - [10/21] Match: 16t0fdut4ky4b4es7i0trovtg
2026-01-26 16:43:48,501 - seleniumwire.storage - INFO - Using in-memory request storage
2026-01-26 16:43:48,507 - seleniumwire.backend - INFO - Created proxy listening on ::ffff:127.0.0.1:53506
2026-01-26 16:43:54,253 - seleniumwire.handler - INFO - Capturing request: https://api.performfeeds.com/soccerdata/match/ft1tiv1inq7v1sk3y9tv12yh5/?_rt=c&tmcl=80zg2v1cuqcfhphn56u4qpyqc&live=yes&_pgSz=400&_lcl=en&_fmt=jsonp&sps=widgets&_clbk=W38c46802b1808b1f7876d1903445d1c709bb717a6
2026-01-26 16:43:54,256 - seleniumwire.handler - INFO - Capturing request: https://api.performfeeds.com/soccerdata/match/ft1tiv1inq7v1sk3y9tv12yh5/16t0fdut4ky4b4es7i0trovtg?_rt=c&live=yes&_lcl=en&_fmt=jsonp&sps=widgets&_clbk=W36fd34682135774fd62194c40cc895ca54da2efc6
2026-01-26 16:43:54,256 - seleniumwire.handler - INFO - Capturing request: https://api.performfeeds.com/soccerdata/matchevent/ft1tiv1inq7v1sk3y9tv12yh5/16t0fdut4ky4b4es7i0trovtg?_rt=c&_lcl=en&_fmt=jsonp&sps=widgets&_clbk=W39acc4e263e34848f2fe69211c71263b888d70a11
2026-01-26 16:43:54,428 - seleniumwire.handler - INFO - Capturing response: https://api.performfeeds.com/soccerdata/match/ft1tiv1inq7v1sk3y9tv12yh5/16t0fdut4ky4b4es7i0trovtg?_rt=c&live=yes&_lcl=en&_fmt=jsonp&sps=widgets&_clbk=W36fd34682135774fd62194c40cc895ca54da2efc6 200 
2026-01-26 16:43:54,844 - seleniumwire.handler - INFO - Capturing response: https://api.performfeeds.com/soccerdata/matchevent/ft1tiv1inq7v1sk3y9tv12yh5/16t0fdut4ky4b4es7i0trovtg?_rt=c&_lcl=en&_fmt=jsonp&sps=widgets&_clbk=W39acc4e263e34848f2fe69211c71263b888d70a11 200 
2026-01-26 16:43:54,977 - seleniumwire.handler - INFO - Capturing request: https://api.performfeeds.com/soccerdata/squads/ft1tiv1inq7v1sk3y9tv12yh5/?_rt=c&ctst=6f27yvbqcngegwsg2ozxxdj4&tmcl=80zg2v1cuqcfhphn56u4qpyqc&_pgSz=200&_lcl=en&_fmt=jsonp&sps=widgets&_clbk=W312fc5d939c7bacfd9f8fcaf9f96944b08e1ff6d9
2026-01-26 16:43:54,979 - seleniumwire.handler - INFO - Capturing request: https://api.performfeeds.com/soccerdata/squads/ft1tiv1inq7v1sk3y9tv12yh5/?_rt=c&ctst=agh9ifb2mw3ivjusgedj7c3fe&tmcl=80zg2v1cuqcfhphn56u4qpyqc&_pgSz=200&_lcl=en&_fmt=jsonp&sps=widgets&_clbk=W320eedfa8f479c4d17673a4baff42dcfd46ee6b0d
2026-01-26 16:43:55,088 - seleniumwire.handler - INFO - Capturing response: https://api.performfeeds.com/soccerdata/squads/ft1tiv1inq7v1sk3y9tv12yh5/?_rt=c&ctst=agh9ifb2mw3ivjusgedj7c3fe&tmcl=80zg2v1cuqcfhphn56u4qpyqc&_pgSz=200&_lcl=en&_fmt=jsonp&sps=widgets&_clbk=W320eedfa8f479c4d17673a4baff42dcfd46ee6b0d 200 
2026-01-26 16:43:55,301 - seleniumwire.handler - INFO - Capturing response: https://api.performfeeds.com/soccerdata/squads/ft1tiv1inq7v1sk3y9tv12yh5/?_rt=c&ctst=6f27yvbqcngegwsg2ozxxdj4&tmcl=80zg2v1cuqcfhphn56u4qpyqc&_pgSz=200&_lcl=en&_fmt=jsonp&sps=widgets&_clbk=W312fc5d939c7bacfd9f8fcaf9f96944b08e1ff6d9 200 
2026-01-26 16:43:55,554 - seleniumwire.handler - INFO - Capturing response: https://api.performfeeds.com/soccerdata/match/ft1tiv1inq7v1sk3y9tv12yh5/?_rt=c&tmcl=80zg2v1cuqcfhphn56u4qpyqc&live=yes&_pgSz=400&_lcl=en&_fmt=jsonp&sps=widgets&_clbk=W38c46802b1808b1f7876d1903445d1c709bb717a6 200 
2026-01-26 16:43:56,773 - seleniumwire.handler - INFO - Capturing request: https://api.performfeeds.com/soccerdata/nlgdynamicplayerbio/ft1tiv1inq7v1sk3y9tv12yh5?prsn=6wplm29z7qxxmujyc2ml19gix&_rt=c&_fmt=jsonp&_lcl=en-gb&_clbk=W3089974f502f472cda382fc617bc7fef060ff1288
2026-01-26 16:43:56,952 - seleniumwire.handler - INFO - Capturing response: https://api.performfeeds.com/soccerdata/nlgdynamicplayerbio/ft1tiv1inq7v1sk3y9tv12yh5?prsn=6wplm29z7qxxmujyc2ml19gix&_rt=c&_fmt=jsonp&_lcl=en-gb&_clbk=W3089974f502f472cda382fc617bc7fef060ff1288 200 
2026-01-26 16:44:38,367 - OptaPipeline - INFO -    ✅ Downloaded: 16t0fdut4ky4b4es7i0trovtg.json (1933461 bytes, clean JSON)
2026-01-26 16:44:39,951 - OptaPipeline - INFO - [11/21] Match: 113wccwt50kebz0thqf0fxkpg
2026-01-26 16:44:39,951 - seleniumwire.storage - INFO - Using in-memory request storage
2026-01-26 16:44:39,956 - seleniumwire.backend - INFO - Created proxy listening on ::ffff:127.0.0.1:53614
2026-01-26 16:44:45,503 - seleniumwire.handler - INFO - Capturing request: https://api.performfeeds.com/soccerdata/match/ft1tiv1inq7v1sk3y9tv12yh5/?_rt=c&tmcl=80zg2v1cuqcfhphn56u4qpyqc&live=yes&_pgSz=400&_lcl=en&_fmt=jsonp&sps=widgets&_clbk=W38c46802b1808b1f7876d1903445d1c709bb717a6
2026-01-26 16:44:45,515 - seleniumwire.handler - INFO - Capturing request: https://api.performfeeds.com/soccerdata/match/ft1tiv1inq7v1sk3y9tv12yh5/113wccwt50kebz0thqf0fxkpg?_rt=c&live=yes&_lcl=en&_fmt=jsonp&sps=widgets&_clbk=W346db7bdcd66167707df01b0c649c334e4922276e
2026-01-26 16:44:45,515 - seleniumwire.handler - INFO - Capturing request: https://api.performfeeds.com/soccerdata/matchevent/ft1tiv1inq7v1sk3y9tv12yh5/113wccwt50kebz0thqf0fxkpg?_rt=c&_lcl=en&_fmt=jsonp&sps=widgets&_clbk=W3a4e9273b17699ab4c4202fada08ccb1e73edda9c
2026-01-26 16:44:45,673 - seleniumwire.handler - INFO - Capturing response: https://api.performfeeds.com/soccerdata/match/ft1tiv1inq7v1sk3y9tv12yh5/113wccwt50kebz0thqf0fxkpg?_rt=c&live=yes&_lcl=en&_fmt=jsonp&sps=widgets&_clbk=W346db7bdcd66167707df01b0c649c334e4922276e 200 
2026-01-26 16:44:46,328 - seleniumwire.handler - INFO - Capturing response: https://api.performfeeds.com/soccerdata/matchevent/ft1tiv1inq7v1sk3y9tv12yh5/113wccwt50kebz0thqf0fxkpg?_rt=c&_lcl=en&_fmt=jsonp&sps=widgets&_clbk=W3a4e9273b17699ab4c4202fada08ccb1e73edda9c 200 
2026-01-26 16:44:46,473 - seleniumwire.handler - INFO - Capturing request: https://api.performfeeds.com/soccerdata/squads/ft1tiv1inq7v1sk3y9tv12yh5/?_rt=c&ctst=agh9ifb2mw3ivjusgedj7c3fe&tmcl=80zg2v1cuqcfhphn56u4qpyqc&_pgSz=200&_lcl=en&_fmt=jsonp&sps=widgets&_clbk=W320eedfa8f479c4d17673a4baff42dcfd46ee6b0d
2026-01-26 16:44:46,473 - seleniumwire.handler - INFO - Capturing request: https://api.performfeeds.com/soccerdata/squads/ft1tiv1inq7v1sk3y9tv12yh5/?_rt=c&ctst=4yg9ttzw0m51048doksv8uq5r&tmcl=80zg2v1cuqcfhphn56u4qpyqc&_pgSz=200&_lcl=en&_fmt=jsonp&sps=widgets&_clbk=W3e516add46af6a8b5b17dcb260715f5f96a816bd5
2026-01-26 16:44:46,548 - seleniumwire.handler - INFO - Capturing response: https://api.performfeeds.com/soccerdata/match/ft1tiv1inq7v1sk3y9tv12yh5/?_rt=c&tmcl=80zg2v1cuqcfhphn56u4qpyqc&live=yes&_pgSz=400&_lcl=en&_fmt=jsonp&sps=widgets&_clbk=W38c46802b1808b1f7876d1903445d1c709bb717a6 200 
2026-01-26 16:44:46,635 - seleniumwire.handler - INFO - Capturing response: https://api.performfeeds.com/soccerdata/squads/ft1tiv1inq7v1sk3y9tv12yh5/?_rt=c&ctst=agh9ifb2mw3ivjusgedj7c3fe&tmcl=80zg2v1cuqcfhphn56u4qpyqc&_pgSz=200&_lcl=en&_fmt=jsonp&sps=widgets&_clbk=W320eedfa8f479c4d17673a4baff42dcfd46ee6b0d 200 
2026-01-26 16:44:46,800 - seleniumwire.handler - INFO - Capturing response: https://api.performfeeds.com/soccerdata/squads/ft1tiv1inq7v1sk3y9tv12yh5/?_rt=c&ctst=4yg9ttzw0m51048doksv8uq5r&tmcl=80zg2v1cuqcfhphn56u4qpyqc&_pgSz=200&_lcl=en&_fmt=jsonp&sps=widgets&_clbk=W3e516add46af6a8b5b17dcb260715f5f96a816bd5 200 
2026-01-26 16:44:48,434 - seleniumwire.handler - INFO - Capturing request: https://api.performfeeds.com/soccerdata/nlgdynamicplayerbio/ft1tiv1inq7v1sk3y9tv12yh5?prsn=6ofu6yc2qwp5ii9cerdq1tk9h&_rt=c&_fmt=jsonp&_lcl=en-gb&_clbk=W3bbeb5ee2b9ff4805a73800f47e8275aa85fb4f92
2026-01-26 16:44:48,805 - seleniumwire.handler - INFO - Capturing response: https://api.performfeeds.com/soccerdata/nlgdynamicplayerbio/ft1tiv1inq7v1sk3y9tv12yh5?prsn=6ofu6yc2qwp5ii9cerdq1tk9h&_rt=c&_fmt=jsonp&_lcl=en-gb&_clbk=W3bbeb5ee2b9ff4805a73800f47e8275aa85fb4f92 200 
2026-01-26 16:45:29,639 - OptaPipeline - INFO -    ✅ Downloaded: 113wccwt50kebz0thqf0fxkpg.json (1618569 bytes, clean JSON)
2026-01-26 16:45:31,221 - OptaPipeline - INFO - [12/21] Match: ytxz0i1eppxxqupm27ktuln8
2026-01-26 16:45:31,222 - seleniumwire.storage - INFO - Using in-memory request storage
2026-01-26 16:45:31,225 - seleniumwire.backend - INFO - Created proxy listening on ::ffff:127.0.0.1:53730
2026-01-26 16:45:37,065 - seleniumwire.handler - INFO - Capturing request: https://api.performfeeds.com/soccerdata/match/ft1tiv1inq7v1sk3y9tv12yh5/?_rt=c&tmcl=80zg2v1cuqcfhphn56u4qpyqc&live=yes&_pgSz=400&_lcl=en&_fmt=jsonp&sps=widgets&_clbk=W38c46802b1808b1f7876d1903445d1c709bb717a6
2026-01-26 16:45:37,073 - seleniumwire.handler - INFO - Capturing request: https://api.performfeeds.com/soccerdata/matchevent/ft1tiv1inq7v1sk3y9tv12yh5/ytxz0i1eppxxqupm27ktuln8?_rt=c&_lcl=en&_fmt=jsonp&sps=widgets&_clbk=W3d3cceba2810ae66c2915000adbf3bc39fee76494
2026-01-26 16:45:37,073 - seleniumwire.handler - INFO - Capturing request: https://api.performfeeds.com/soccerdata/match/ft1tiv1inq7v1sk3y9tv12yh5/ytxz0i1eppxxqupm27ktuln8?_rt=c&live=yes&_lcl=en&_fmt=jsonp&sps=widgets&_clbk=W319595b40a4e1c99ad6c8fdf2c1cfea9eb7f543b0
2026-01-26 16:45:37,160 - seleniumwire.handler - INFO - Capturing response: https://api.performfeeds.com/soccerdata/match/ft1tiv1inq7v1sk3y9tv12yh5/ytxz0i1eppxxqupm27ktuln8?_rt=c&live=yes&_lcl=en&_fmt=jsonp&sps=widgets&_clbk=W319595b40a4e1c99ad6c8fdf2c1cfea9eb7f543b0 200 
2026-01-26 16:45:37,782 - seleniumwire.handler - INFO - Capturing response: https://api.performfeeds.com/soccerdata/matchevent/ft1tiv1inq7v1sk3y9tv12yh5/ytxz0i1eppxxqupm27ktuln8?_rt=c&_lcl=en&_fmt=jsonp&sps=widgets&_clbk=W3d3cceba2810ae66c2915000adbf3bc39fee76494 200 
2026-01-26 16:45:37,919 - seleniumwire.handler - INFO - Capturing request: https://api.performfeeds.com/soccerdata/squads/ft1tiv1inq7v1sk3y9tv12yh5/?_rt=c&ctst=3kq9cckrnlogidldtdie2fkbl&tmcl=80zg2v1cuqcfhphn56u4qpyqc&_pgSz=200&_lcl=en&_fmt=jsonp&sps=widgets&_clbk=W3ab0a3052c975107d01401ffe254d506c32cdc038
2026-01-26 16:45:37,921 - seleniumwire.handler - INFO - Capturing request: https://api.performfeeds.com/soccerdata/squads/ft1tiv1inq7v1sk3y9tv12yh5/?_rt=c&ctst=agh9ifb2mw3ivjusgedj7c3fe&tmcl=80zg2v1cuqcfhphn56u4qpyqc&_pgSz=200&_lcl=en&_fmt=jsonp&sps=widgets&_clbk=W320eedfa8f479c4d17673a4baff42dcfd46ee6b0d
2026-01-26 16:45:37,973 - seleniumwire.handler - INFO - Capturing response: https://api.performfeeds.com/soccerdata/squads/ft1tiv1inq7v1sk3y9tv12yh5/?_rt=c&ctst=agh9ifb2mw3ivjusgedj7c3fe&tmcl=80zg2v1cuqcfhphn56u4qpyqc&_pgSz=200&_lcl=en&_fmt=jsonp&sps=widgets&_clbk=W320eedfa8f479c4d17673a4baff42dcfd46ee6b0d 200 
2026-01-26 16:45:38,304 - seleniumwire.handler - INFO - Capturing response: https://api.performfeeds.com/soccerdata/squads/ft1tiv1inq7v1sk3y9tv12yh5/?_rt=c&ctst=3kq9cckrnlogidldtdie2fkbl&tmcl=80zg2v1cuqcfhphn56u4qpyqc&_pgSz=200&_lcl=en&_fmt=jsonp&sps=widgets&_clbk=W3ab0a3052c975107d01401ffe254d506c32cdc038 200 
2026-01-26 16:45:38,609 - seleniumwire.handler - INFO - Capturing response: https://api.performfeeds.com/soccerdata/match/ft1tiv1inq7v1sk3y9tv12yh5/?_rt=c&tmcl=80zg2v1cuqcfhphn56u4qpyqc&live=yes&_pgSz=400&_lcl=en&_fmt=jsonp&sps=widgets&_clbk=W38c46802b1808b1f7876d1903445d1c709bb717a6 200 
2026-01-26 16:45:39,587 - seleniumwire.handler - INFO - Capturing request: https://api.performfeeds.com/soccerdata/nlgdynamicplayerbio/ft1tiv1inq7v1sk3y9tv12yh5?prsn=6crmq7vzqts58wg196q48sc7p&_rt=c&_fmt=jsonp&_lcl=en-gb&_clbk=W3b2d184c2d2a21c19d9841b272b1316cc8592ba4c
2026-01-26 16:45:39,717 - seleniumwire.handler - INFO - Capturing response: https://api.performfeeds.com/soccerdata/nlgdynamicplayerbio/ft1tiv1inq7v1sk3y9tv12yh5?prsn=6crmq7vzqts58wg196q48sc7p&_rt=c&_fmt=jsonp&_lcl=en-gb&_clbk=W3b2d184c2d2a21c19d9841b272b1316cc8592ba4c 200 
2026-01-26 16:46:21,186 - OptaPipeline - INFO -    ✅ Downloaded: ytxz0i1eppxxqupm27ktuln8.json (1780502 bytes, clean JSON)
2026-01-26 16:46:22,771 - OptaPipeline - INFO - [13/21] Match: txn45zihl3cp2bv3lj5rmot0
2026-01-26 16:46:22,771 - seleniumwire.storage - INFO - Using in-memory request storage
2026-01-26 16:46:22,777 - seleniumwire.backend - INFO - Created proxy listening on ::ffff:127.0.0.1:53842
2026-01-26 16:46:28,418 - seleniumwire.handler - INFO - Capturing request: https://api.performfeeds.com/soccerdata/match/ft1tiv1inq7v1sk3y9tv12yh5/?_rt=c&tmcl=80zg2v1cuqcfhphn56u4qpyqc&live=yes&_pgSz=400&_lcl=en&_fmt=jsonp&sps=widgets&_clbk=W38c46802b1808b1f7876d1903445d1c709bb717a6
2026-01-26 16:46:28,425 - seleniumwire.handler - INFO - Capturing request: https://api.performfeeds.com/soccerdata/matchevent/ft1tiv1inq7v1sk3y9tv12yh5/txn45zihl3cp2bv3lj5rmot0?_rt=c&_lcl=en&_fmt=jsonp&sps=widgets&_clbk=W3be53305a115df36f1a55005c837d106ccc51a0fc
2026-01-26 16:46:28,425 - seleniumwire.handler - INFO - Capturing request: https://api.performfeeds.com/soccerdata/match/ft1tiv1inq7v1sk3y9tv12yh5/txn45zihl3cp2bv3lj5rmot0?_rt=c&live=yes&_lcl=en&_fmt=jsonp&sps=widgets&_clbk=W3ea598cc3ee7276132cb768bbdf2f1acae84d9567
2026-01-26 16:46:28,917 - seleniumwire.handler - INFO - Capturing response: https://api.performfeeds.com/soccerdata/match/ft1tiv1inq7v1sk3y9tv12yh5/txn45zihl3cp2bv3lj5rmot0?_rt=c&live=yes&_lcl=en&_fmt=jsonp&sps=widgets&_clbk=W3ea598cc3ee7276132cb768bbdf2f1acae84d9567 200 
2026-01-26 16:46:29,553 - seleniumwire.handler - INFO - Capturing response: https://api.performfeeds.com/soccerdata/match/ft1tiv1inq7v1sk3y9tv12yh5/?_rt=c&tmcl=80zg2v1cuqcfhphn56u4qpyqc&live=yes&_pgSz=400&_lcl=en&_fmt=jsonp&sps=widgets&_clbk=W38c46802b1808b1f7876d1903445d1c709bb717a6 200 
2026-01-26 16:46:29,670 - seleniumwire.handler - INFO - Capturing response: https://api.performfeeds.com/soccerdata/matchevent/ft1tiv1inq7v1sk3y9tv12yh5/txn45zihl3cp2bv3lj5rmot0?_rt=c&_lcl=en&_fmt=jsonp&sps=widgets&_clbk=W3be53305a115df36f1a55005c837d106ccc51a0fc 200 
2026-01-26 16:46:29,795 - seleniumwire.handler - INFO - Capturing request: https://api.performfeeds.com/soccerdata/squads/ft1tiv1inq7v1sk3y9tv12yh5/?_rt=c&ctst=agh9ifb2mw3ivjusgedj7c3fe&tmcl=80zg2v1cuqcfhphn56u4qpyqc&_pgSz=200&_lcl=en&_fmt=jsonp&sps=widgets&_clbk=W320eedfa8f479c4d17673a4baff42dcfd46ee6b0d
2026-01-26 16:46:29,795 - seleniumwire.handler - INFO - Capturing request: https://api.performfeeds.com/soccerdata/squads/ft1tiv1inq7v1sk3y9tv12yh5/?_rt=c&ctst=7h7eg7q7dbwvzww78h9d5eh0h&tmcl=80zg2v1cuqcfhphn56u4qpyqc&_pgSz=200&_lcl=en&_fmt=jsonp&sps=widgets&_clbk=W3fcd99d7262e66e2aa34e778fa5ce07d61624b82c
2026-01-26 16:46:29,810 - seleniumwire.handler - INFO - Capturing response: https://api.performfeeds.com/soccerdata/squads/ft1tiv1inq7v1sk3y9tv12yh5/?_rt=c&ctst=agh9ifb2mw3ivjusgedj7c3fe&tmcl=80zg2v1cuqcfhphn56u4qpyqc&_pgSz=200&_lcl=en&_fmt=jsonp&sps=widgets&_clbk=W320eedfa8f479c4d17673a4baff42dcfd46ee6b0d 200 
2026-01-26 16:46:29,919 - seleniumwire.handler - INFO - Capturing response: https://api.performfeeds.com/soccerdata/squads/ft1tiv1inq7v1sk3y9tv12yh5/?_rt=c&ctst=7h7eg7q7dbwvzww78h9d5eh0h&tmcl=80zg2v1cuqcfhphn56u4qpyqc&_pgSz=200&_lcl=en&_fmt=jsonp&sps=widgets&_clbk=W3fcd99d7262e66e2aa34e778fa5ce07d61624b82c 200 
2026-01-26 16:46:31,411 - seleniumwire.handler - INFO - Capturing request: https://api.performfeeds.com/soccerdata/nlgdynamicplayerbio/ft1tiv1inq7v1sk3y9tv12yh5?prsn=6ofu6yc2qwp5ii9cerdq1tk9h&_rt=c&_fmt=jsonp&_lcl=en-gb&_clbk=W3bbeb5ee2b9ff4805a73800f47e8275aa85fb4f92
2026-01-26 16:46:31,537 - seleniumwire.handler - INFO - Capturing response: https://api.performfeeds.com/soccerdata/nlgdynamicplayerbio/ft1tiv1inq7v1sk3y9tv12yh5?prsn=6ofu6yc2qwp5ii9cerdq1tk9h&_rt=c&_fmt=jsonp&_lcl=en-gb&_clbk=W3bbeb5ee2b9ff4805a73800f47e8275aa85fb4f92 200 
2026-01-26 16:47:12,717 - OptaPipeline - INFO -    ✅ Downloaded: txn45zihl3cp2bv3lj5rmot0.json (1782023 bytes, clean JSON)
2026-01-26 16:47:14,298 - OptaPipeline - INFO - [14/21] Match: rbyhgw1kyp0ghg2qpvznvvv8
2026-01-26 16:47:14,299 - seleniumwire.storage - INFO - Using in-memory request storage
2026-01-26 16:47:14,305 - seleniumwire.backend - INFO - Created proxy listening on ::ffff:127.0.0.1:53948
2026-01-26 16:47:19,983 - seleniumwire.handler - INFO - Capturing request: https://api.performfeeds.com/soccerdata/match/ft1tiv1inq7v1sk3y9tv12yh5/?_rt=c&tmcl=80zg2v1cuqcfhphn56u4qpyqc&live=yes&_pgSz=400&_lcl=en&_fmt=jsonp&sps=widgets&_clbk=W38c46802b1808b1f7876d1903445d1c709bb717a6
2026-01-26 16:47:19,992 - seleniumwire.handler - INFO - Capturing request: https://api.performfeeds.com/soccerdata/matchevent/ft1tiv1inq7v1sk3y9tv12yh5/rbyhgw1kyp0ghg2qpvznvvv8?_rt=c&_lcl=en&_fmt=jsonp&sps=widgets&_clbk=W3edee8a7f16c58fc17a22d2dac90f60ce125e263b
2026-01-26 16:47:19,994 - seleniumwire.handler - INFO - Capturing request: https://api.performfeeds.com/soccerdata/match/ft1tiv1inq7v1sk3y9tv12yh5/rbyhgw1kyp0ghg2qpvznvvv8?_rt=c&live=yes&_lcl=en&_fmt=jsonp&sps=widgets&_clbk=W3eaf2bea24301c87dfd8190e30708d30934497d99
2026-01-26 16:47:20,516 - seleniumwire.handler - INFO - Capturing response: https://api.performfeeds.com/soccerdata/matchevent/ft1tiv1inq7v1sk3y9tv12yh5/rbyhgw1kyp0ghg2qpvznvvv8?_rt=c&_lcl=en&_fmt=jsonp&sps=widgets&_clbk=W3edee8a7f16c58fc17a22d2dac90f60ce125e263b 200 
2026-01-26 16:47:20,582 - seleniumwire.handler - INFO - Capturing response: https://api.performfeeds.com/soccerdata/match/ft1tiv1inq7v1sk3y9tv12yh5/rbyhgw1kyp0ghg2qpvznvvv8?_rt=c&live=yes&_lcl=en&_fmt=jsonp&sps=widgets&_clbk=W3eaf2bea24301c87dfd8190e30708d30934497d99 200 
2026-01-26 16:47:20,766 - seleniumwire.handler - INFO - Capturing request: https://api.performfeeds.com/soccerdata/squads/ft1tiv1inq7v1sk3y9tv12yh5/?_rt=c&ctst=10eyb18v5puw4ez03ocaug09m&tmcl=80zg2v1cuqcfhphn56u4qpyqc&_pgSz=200&_lcl=en&_fmt=jsonp&sps=widgets&_clbk=W3cabd1317cbc83f74c173e47b4e0ec9c179800bc9
2026-01-26 16:47:20,771 - seleniumwire.handler - INFO - Capturing request: https://api.performfeeds.com/soccerdata/squads/ft1tiv1inq7v1sk3y9tv12yh5/?_rt=c&ctst=agh9ifb2mw3ivjusgedj7c3fe&tmcl=80zg2v1cuqcfhphn56u4qpyqc&_pgSz=200&_lcl=en&_fmt=jsonp&sps=widgets&_clbk=W320eedfa8f479c4d17673a4baff42dcfd46ee6b0d
2026-01-26 16:47:20,808 - seleniumwire.handler - INFO - Capturing response: https://api.performfeeds.com/soccerdata/squads/ft1tiv1inq7v1sk3y9tv12yh5/?_rt=c&ctst=agh9ifb2mw3ivjusgedj7c3fe&tmcl=80zg2v1cuqcfhphn56u4qpyqc&_pgSz=200&_lcl=en&_fmt=jsonp&sps=widgets&_clbk=W320eedfa8f479c4d17673a4baff42dcfd46ee6b0d 200 
2026-01-26 16:47:21,107 - seleniumwire.handler - INFO - Capturing response: https://api.performfeeds.com/soccerdata/squads/ft1tiv1inq7v1sk3y9tv12yh5/?_rt=c&ctst=10eyb18v5puw4ez03ocaug09m&tmcl=80zg2v1cuqcfhphn56u4qpyqc&_pgSz=200&_lcl=en&_fmt=jsonp&sps=widgets&_clbk=W3cabd1317cbc83f74c173e47b4e0ec9c179800bc9 200 
2026-01-26 16:47:21,322 - seleniumwire.handler - INFO - Capturing response: https://api.performfeeds.com/soccerdata/match/ft1tiv1inq7v1sk3y9tv12yh5/?_rt=c&tmcl=80zg2v1cuqcfhphn56u4qpyqc&live=yes&_pgSz=400&_lcl=en&_fmt=jsonp&sps=widgets&_clbk=W38c46802b1808b1f7876d1903445d1c709bb717a6 200 
2026-01-26 16:47:22,436 - seleniumwire.handler - INFO - Capturing request: https://api.performfeeds.com/soccerdata/nlgdynamicplayerbio/ft1tiv1inq7v1sk3y9tv12yh5?prsn=7jtc6yk5xu4cm1an97wrgozbp&_rt=c&_fmt=jsonp&_lcl=en-gb&_clbk=W3ccb1d2f3b7f2ab0e9302becbaf738763b30c7244
2026-01-26 16:47:23,103 - seleniumwire.handler - INFO - Capturing response: https://api.performfeeds.com/soccerdata/nlgdynamicplayerbio/ft1tiv1inq7v1sk3y9tv12yh5?prsn=7jtc6yk5xu4cm1an97wrgozbp&_rt=c&_fmt=jsonp&_lcl=en-gb&_clbk=W3ccb1d2f3b7f2ab0e9302becbaf738763b30c7244 200 
2026-01-26 16:48:04,178 - OptaPipeline - INFO -    ✅ Downloaded: rbyhgw1kyp0ghg2qpvznvvv8.json (1517992 bytes, clean JSON)
2026-01-26 16:48:05,762 - OptaPipeline - INFO - [15/21] Match: mh9g8wbjyoe3ub3ouu0nnsb8
2026-01-26 16:48:05,763 - seleniumwire.storage - INFO - Using in-memory request storage
2026-01-26 16:48:05,768 - seleniumwire.backend - INFO - Created proxy listening on ::ffff:127.0.0.1:54059
2026-01-26 16:48:07,024 - seleniumwire.handler - INFO - Capturing request: http://clients2.google.com/time/1/current?cup2key=9:1ASMTrqK6cnAT_h5m5ZzaGegiJ_mmj-pWvLxkAEwnMA&cup2hreq=e3b0c44298fc1c149afbf4c8996fb92427ae41e4649b934ca495991b7852b855
2026-01-26 16:48:07,096 - seleniumwire.handler - INFO - Capturing response: http://clients2.google.com/time/1/current?cup2key=9:1ASMTrqK6cnAT_h5m5ZzaGegiJ_mmj-pWvLxkAEwnMA&cup2hreq=e3b0c44298fc1c149afbf4c8996fb92427ae41e4649b934ca495991b7852b855 200 OK
2026-01-26 16:48:12,404 - seleniumwire.handler - INFO - Capturing request: https://api.performfeeds.com/soccerdata/match/ft1tiv1inq7v1sk3y9tv12yh5/?_rt=c&tmcl=80zg2v1cuqcfhphn56u4qpyqc&live=yes&_pgSz=400&_lcl=en&_fmt=jsonp&sps=widgets&_clbk=W38c46802b1808b1f7876d1903445d1c709bb717a6
2026-01-26 16:48:12,410 - seleniumwire.handler - INFO - Capturing request: https://api.performfeeds.com/soccerdata/match/ft1tiv1inq7v1sk3y9tv12yh5/mh9g8wbjyoe3ub3ouu0nnsb8?_rt=c&live=yes&_lcl=en&_fmt=jsonp&sps=widgets&_clbk=W301955cabb9d23956d4a1cec77554583ecfa7f7b1
2026-01-26 16:48:12,414 - seleniumwire.handler - INFO - Capturing request: https://api.performfeeds.com/soccerdata/matchevent/ft1tiv1inq7v1sk3y9tv12yh5/mh9g8wbjyoe3ub3ouu0nnsb8?_rt=c&_lcl=en&_fmt=jsonp&sps=widgets&_clbk=W380570a656959cb5546d7213fe93079fcd663b21a
2026-01-26 16:48:12,603 - seleniumwire.handler - INFO - Capturing response: https://api.performfeeds.com/soccerdata/match/ft1tiv1inq7v1sk3y9tv12yh5/mh9g8wbjyoe3ub3ouu0nnsb8?_rt=c&live=yes&_lcl=en&_fmt=jsonp&sps=widgets&_clbk=W301955cabb9d23956d4a1cec77554583ecfa7f7b1 200 
2026-01-26 16:48:13,284 - seleniumwire.handler - INFO - Capturing response: https://api.performfeeds.com/soccerdata/match/ft1tiv1inq7v1sk3y9tv12yh5/?_rt=c&tmcl=80zg2v1cuqcfhphn56u4qpyqc&live=yes&_pgSz=400&_lcl=en&_fmt=jsonp&sps=widgets&_clbk=W38c46802b1808b1f7876d1903445d1c709bb717a6 200 
2026-01-26 16:48:13,395 - seleniumwire.handler - INFO - Capturing response: https://api.performfeeds.com/soccerdata/matchevent/ft1tiv1inq7v1sk3y9tv12yh5/mh9g8wbjyoe3ub3ouu0nnsb8?_rt=c&_lcl=en&_fmt=jsonp&sps=widgets&_clbk=W380570a656959cb5546d7213fe93079fcd663b21a 200 
2026-01-26 16:48:13,518 - seleniumwire.handler - INFO - Capturing request: https://api.performfeeds.com/soccerdata/squads/ft1tiv1inq7v1sk3y9tv12yh5/?_rt=c&ctst=agh9ifb2mw3ivjusgedj7c3fe&tmcl=80zg2v1cuqcfhphn56u4qpyqc&_pgSz=200&_lcl=en&_fmt=jsonp&sps=widgets&_clbk=W320eedfa8f479c4d17673a4baff42dcfd46ee6b0d
2026-01-26 16:48:13,521 - seleniumwire.handler - INFO - Capturing request: https://api.performfeeds.com/soccerdata/squads/ft1tiv1inq7v1sk3y9tv12yh5/?_rt=c&ctst=63f5h8t5e9qm1fqmvfkb23ghh&tmcl=80zg2v1cuqcfhphn56u4qpyqc&_pgSz=200&_lcl=en&_fmt=jsonp&sps=widgets&_clbk=W3225b3c98926edb536e16bc22af8460cc3b73dd66
2026-01-26 16:48:13,534 - seleniumwire.handler - INFO - Capturing response: https://api.performfeeds.com/soccerdata/squads/ft1tiv1inq7v1sk3y9tv12yh5/?_rt=c&ctst=agh9ifb2mw3ivjusgedj7c3fe&tmcl=80zg2v1cuqcfhphn56u4qpyqc&_pgSz=200&_lcl=en&_fmt=jsonp&sps=widgets&_clbk=W320eedfa8f479c4d17673a4baff42dcfd46ee6b0d 200 
2026-01-26 16:48:13,548 - seleniumwire.handler - INFO - Capturing response: https://api.performfeeds.com/soccerdata/squads/ft1tiv1inq7v1sk3y9tv12yh5/?_rt=c&ctst=63f5h8t5e9qm1fqmvfkb23ghh&tmcl=80zg2v1cuqcfhphn56u4qpyqc&_pgSz=200&_lcl=en&_fmt=jsonp&sps=widgets&_clbk=W3225b3c98926edb536e16bc22af8460cc3b73dd66 200 
2026-01-26 16:48:15,145 - seleniumwire.handler - INFO - Capturing request: https://api.performfeeds.com/soccerdata/nlgdynamicplayerbio/ft1tiv1inq7v1sk3y9tv12yh5?prsn=6ofu6yc2qwp5ii9cerdq1tk9h&_rt=c&_fmt=jsonp&_lcl=en-gb&_clbk=W3bbeb5ee2b9ff4805a73800f47e8275aa85fb4f92
2026-01-26 16:48:15,462 - seleniumwire.handler - INFO - Capturing response: https://api.performfeeds.com/soccerdata/nlgdynamicplayerbio/ft1tiv1inq7v1sk3y9tv12yh5?prsn=6ofu6yc2qwp5ii9cerdq1tk9h&_rt=c&_fmt=jsonp&_lcl=en-gb&_clbk=W3bbeb5ee2b9ff4805a73800f47e8275aa85fb4f92 200 
2026-01-26 16:48:56,668 - OptaPipeline - INFO -    ✅ Downloaded: mh9g8wbjyoe3ub3ouu0nnsb8.json (1810654 bytes, clean JSON)
2026-01-26 16:48:58,251 - OptaPipeline - INFO - [16/21] Match: kkl8x55qltpl4g1v5260df6c
2026-01-26 16:48:58,252 - seleniumwire.storage - INFO - Using in-memory request storage
2026-01-26 16:48:58,258 - seleniumwire.backend - INFO - Created proxy listening on ::ffff:127.0.0.1:54167
2026-01-26 16:48:59,727 - seleniumwire.handler - INFO - Capturing request: http://clients2.google.com/time/1/current?cup2key=9:U4ThhuSpe-N63GQ3aSH6tZEzDNt1mRs462SDEqTI9_M&cup2hreq=e3b0c44298fc1c149afbf4c8996fb92427ae41e4649b934ca495991b7852b855
2026-01-26 16:48:59,781 - seleniumwire.handler - INFO - Capturing response: http://clients2.google.com/time/1/current?cup2key=9:U4ThhuSpe-N63GQ3aSH6tZEzDNt1mRs462SDEqTI9_M&cup2hreq=e3b0c44298fc1c149afbf4c8996fb92427ae41e4649b934ca495991b7852b855 200 OK
2026-01-26 16:49:04,135 - seleniumwire.handler - INFO - Capturing request: https://api.performfeeds.com/soccerdata/match/ft1tiv1inq7v1sk3y9tv12yh5/?_rt=c&tmcl=80zg2v1cuqcfhphn56u4qpyqc&live=yes&_pgSz=400&_lcl=en&_fmt=jsonp&sps=widgets&_clbk=W38c46802b1808b1f7876d1903445d1c709bb717a6
2026-01-26 16:49:04,141 - seleniumwire.handler - INFO - Capturing request: https://api.performfeeds.com/soccerdata/matchevent/ft1tiv1inq7v1sk3y9tv12yh5/kkl8x55qltpl4g1v5260df6c?_rt=c&_lcl=en&_fmt=jsonp&sps=widgets&_clbk=W3d569950e71d489c7cf8f10b97e330ed43ce00be2
2026-01-26 16:49:04,142 - seleniumwire.handler - INFO - Capturing request: https://api.performfeeds.com/soccerdata/match/ft1tiv1inq7v1sk3y9tv12yh5/kkl8x55qltpl4g1v5260df6c?_rt=c&live=yes&_lcl=en&_fmt=jsonp&sps=widgets&_clbk=W3052930fa973d20e63f4480777c2d0845b058c375
2026-01-26 16:49:04,258 - seleniumwire.handler - INFO - Capturing response: https://api.performfeeds.com/soccerdata/match/ft1tiv1inq7v1sk3y9tv12yh5/kkl8x55qltpl4g1v5260df6c?_rt=c&live=yes&_lcl=en&_fmt=jsonp&sps=widgets&_clbk=W3052930fa973d20e63f4480777c2d0845b058c375 200 
2026-01-26 16:49:04,731 - seleniumwire.handler - INFO - Capturing response: https://api.performfeeds.com/soccerdata/matchevent/ft1tiv1inq7v1sk3y9tv12yh5/kkl8x55qltpl4g1v5260df6c?_rt=c&_lcl=en&_fmt=jsonp&sps=widgets&_clbk=W3d569950e71d489c7cf8f10b97e330ed43ce00be2 200 
2026-01-26 16:49:04,856 - seleniumwire.handler - INFO - Capturing request: https://api.performfeeds.com/soccerdata/squads/ft1tiv1inq7v1sk3y9tv12yh5/?_rt=c&ctst=clo928vcczjp0mczavs5o7p5k&tmcl=80zg2v1cuqcfhphn56u4qpyqc&_pgSz=200&_lcl=en&_fmt=jsonp&sps=widgets&_clbk=W3a775b120a08ada3f1073fd09e62d665f7549abeb
2026-01-26 16:49:04,861 - seleniumwire.handler - INFO - Capturing request: https://api.performfeeds.com/soccerdata/squads/ft1tiv1inq7v1sk3y9tv12yh5/?_rt=c&ctst=agh9ifb2mw3ivjusgedj7c3fe&tmcl=80zg2v1cuqcfhphn56u4qpyqc&_pgSz=200&_lcl=en&_fmt=jsonp&sps=widgets&_clbk=W320eedfa8f479c4d17673a4baff42dcfd46ee6b0d
2026-01-26 16:49:04,919 - seleniumwire.handler - INFO - Capturing response: https://api.performfeeds.com/soccerdata/squads/ft1tiv1inq7v1sk3y9tv12yh5/?_rt=c&ctst=clo928vcczjp0mczavs5o7p5k&tmcl=80zg2v1cuqcfhphn56u4qpyqc&_pgSz=200&_lcl=en&_fmt=jsonp&sps=widgets&_clbk=W3a775b120a08ada3f1073fd09e62d665f7549abeb 200 
2026-01-26 16:49:05,039 - seleniumwire.handler - INFO - Capturing response: https://api.performfeeds.com/soccerdata/squads/ft1tiv1inq7v1sk3y9tv12yh5/?_rt=c&ctst=agh9ifb2mw3ivjusgedj7c3fe&tmcl=80zg2v1cuqcfhphn56u4qpyqc&_pgSz=200&_lcl=en&_fmt=jsonp&sps=widgets&_clbk=W320eedfa8f479c4d17673a4baff42dcfd46ee6b0d 200 
2026-01-26 16:49:05,406 - seleniumwire.handler - INFO - Capturing response: https://api.performfeeds.com/soccerdata/match/ft1tiv1inq7v1sk3y9tv12yh5/?_rt=c&tmcl=80zg2v1cuqcfhphn56u4qpyqc&live=yes&_pgSz=400&_lcl=en&_fmt=jsonp&sps=widgets&_clbk=W38c46802b1808b1f7876d1903445d1c709bb717a6 200 
2026-01-26 16:49:06,548 - seleniumwire.handler - INFO - Capturing request: https://api.performfeeds.com/soccerdata/nlgdynamicplayerbio/ft1tiv1inq7v1sk3y9tv12yh5?prsn=1j75xt37w8q04ixbyjwhtfh05&_rt=c&_fmt=jsonp&_lcl=en-gb&_clbk=W370718c20d17a07834a44135f50157af28991f7c5
2026-01-26 16:49:07,065 - seleniumwire.handler - INFO - Capturing response: https://api.performfeeds.com/soccerdata/nlgdynamicplayerbio/ft1tiv1inq7v1sk3y9tv12yh5?prsn=1j75xt37w8q04ixbyjwhtfh05&_rt=c&_fmt=jsonp&_lcl=en-gb&_clbk=W370718c20d17a07834a44135f50157af28991f7c5 200 
2026-01-26 16:49:48,427 - OptaPipeline - INFO -    ✅ Downloaded: kkl8x55qltpl4g1v5260df6c.json (1801051 bytes, clean JSON)
2026-01-26 16:49:50,011 - OptaPipeline - INFO - [17/21] Match: ekk0usjk6blgzpziu4ho01zo
2026-01-26 16:49:50,012 - seleniumwire.storage - INFO - Using in-memory request storage
2026-01-26 16:49:50,018 - seleniumwire.backend - INFO - Created proxy listening on ::ffff:127.0.0.1:54275
2026-01-26 16:49:55,687 - seleniumwire.handler - INFO - Capturing request: https://api.performfeeds.com/soccerdata/match/ft1tiv1inq7v1sk3y9tv12yh5/?_rt=c&tmcl=80zg2v1cuqcfhphn56u4qpyqc&live=yes&_pgSz=400&_lcl=en&_fmt=jsonp&sps=widgets&_clbk=W38c46802b1808b1f7876d1903445d1c709bb717a6
2026-01-26 16:49:55,693 - seleniumwire.handler - INFO - Capturing request: https://api.performfeeds.com/soccerdata/match/ft1tiv1inq7v1sk3y9tv12yh5/ekk0usjk6blgzpziu4ho01zo?_rt=c&live=yes&_lcl=en&_fmt=jsonp&sps=widgets&_clbk=W303e3002d039a418f32b5d5638445bb633abf3dbc
2026-01-26 16:49:55,693 - seleniumwire.handler - INFO - Capturing request: https://api.performfeeds.com/soccerdata/matchevent/ft1tiv1inq7v1sk3y9tv12yh5/ekk0usjk6blgzpziu4ho01zo?_rt=c&_lcl=en&_fmt=jsonp&sps=widgets&_clbk=W32244f30e4912c0db82c37b9b886ebe996b9751da
2026-01-26 16:49:55,925 - seleniumwire.handler - INFO - Capturing response: https://api.performfeeds.com/soccerdata/match/ft1tiv1inq7v1sk3y9tv12yh5/ekk0usjk6blgzpziu4ho01zo?_rt=c&live=yes&_lcl=en&_fmt=jsonp&sps=widgets&_clbk=W303e3002d039a418f32b5d5638445bb633abf3dbc 200 
2026-01-26 16:49:56,627 - seleniumwire.handler - INFO - Capturing response: https://api.performfeeds.com/soccerdata/matchevent/ft1tiv1inq7v1sk3y9tv12yh5/ekk0usjk6blgzpziu4ho01zo?_rt=c&_lcl=en&_fmt=jsonp&sps=widgets&_clbk=W32244f30e4912c0db82c37b9b886ebe996b9751da 200 
2026-01-26 16:49:56,773 - seleniumwire.handler - INFO - Capturing request: https://api.performfeeds.com/soccerdata/squads/ft1tiv1inq7v1sk3y9tv12yh5/?_rt=c&ctst=agh9ifb2mw3ivjusgedj7c3fe&tmcl=80zg2v1cuqcfhphn56u4qpyqc&_pgSz=200&_lcl=en&_fmt=jsonp&sps=widgets&_clbk=W320eedfa8f479c4d17673a4baff42dcfd46ee6b0d
2026-01-26 16:49:56,775 - seleniumwire.handler - INFO - Capturing request: https://api.performfeeds.com/soccerdata/squads/ft1tiv1inq7v1sk3y9tv12yh5/?_rt=c&ctst=1n1j0wsl763lq7ee1k0c11c02&tmcl=80zg2v1cuqcfhphn56u4qpyqc&_pgSz=200&_lcl=en&_fmt=jsonp&sps=widgets&_clbk=W3f4783a58c3f44ae763e2248a71d074f5b3a47494
2026-01-26 16:49:57,040 - seleniumwire.handler - INFO - Capturing response: https://api.performfeeds.com/soccerdata/squads/ft1tiv1inq7v1sk3y9tv12yh5/?_rt=c&ctst=agh9ifb2mw3ivjusgedj7c3fe&tmcl=80zg2v1cuqcfhphn56u4qpyqc&_pgSz=200&_lcl=en&_fmt=jsonp&sps=widgets&_clbk=W320eedfa8f479c4d17673a4baff42dcfd46ee6b0d 200 
2026-01-26 16:49:57,109 - seleniumwire.handler - INFO - Capturing response: https://api.performfeeds.com/soccerdata/squads/ft1tiv1inq7v1sk3y9tv12yh5/?_rt=c&ctst=1n1j0wsl763lq7ee1k0c11c02&tmcl=80zg2v1cuqcfhphn56u4qpyqc&_pgSz=200&_lcl=en&_fmt=jsonp&sps=widgets&_clbk=W3f4783a58c3f44ae763e2248a71d074f5b3a47494 200 
2026-01-26 16:49:57,249 - seleniumwire.handler - INFO - Capturing response: https://api.performfeeds.com/soccerdata/match/ft1tiv1inq7v1sk3y9tv12yh5/?_rt=c&tmcl=80zg2v1cuqcfhphn56u4qpyqc&live=yes&_pgSz=400&_lcl=en&_fmt=jsonp&sps=widgets&_clbk=W38c46802b1808b1f7876d1903445d1c709bb717a6 200 
2026-01-26 16:49:58,660 - seleniumwire.handler - INFO - Capturing request: https://api.performfeeds.com/soccerdata/nlgdynamicplayerbio/ft1tiv1inq7v1sk3y9tv12yh5?prsn=5f8kjgsaabn2li5r7bvpebbsa&_rt=c&_fmt=jsonp&_lcl=en-gb&_clbk=W3d842f21b34d63c57c26b5890406eaa3f86b38a41
2026-01-26 16:49:58,794 - seleniumwire.handler - INFO - Capturing response: https://api.performfeeds.com/soccerdata/nlgdynamicplayerbio/ft1tiv1inq7v1sk3y9tv12yh5?prsn=5f8kjgsaabn2li5r7bvpebbsa&_rt=c&_fmt=jsonp&_lcl=en-gb&_clbk=W3d842f21b34d63c57c26b5890406eaa3f86b38a41 200 
2026-01-26 16:50:40,038 - OptaPipeline - INFO -    ✅ Downloaded: ekk0usjk6blgzpziu4ho01zo.json (1832331 bytes, clean JSON)
2026-01-26 16:50:41,620 - OptaPipeline - INFO - [18/21] Match: b88u5e429cnb6ng0i5t4f9jo
2026-01-26 16:50:41,620 - seleniumwire.storage - INFO - Using in-memory request storage
2026-01-26 16:50:41,625 - seleniumwire.backend - INFO - Created proxy listening on ::ffff:127.0.0.1:54377
2026-01-26 16:50:47,673 - seleniumwire.handler - INFO - Capturing request: https://api.performfeeds.com/soccerdata/match/ft1tiv1inq7v1sk3y9tv12yh5/?_rt=c&tmcl=80zg2v1cuqcfhphn56u4qpyqc&live=yes&_pgSz=400&_lcl=en&_fmt=jsonp&sps=widgets&_clbk=W38c46802b1808b1f7876d1903445d1c709bb717a6
2026-01-26 16:50:47,679 - seleniumwire.handler - INFO - Capturing request: https://api.performfeeds.com/soccerdata/matchevent/ft1tiv1inq7v1sk3y9tv12yh5/b88u5e429cnb6ng0i5t4f9jo?_rt=c&_lcl=en&_fmt=jsonp&sps=widgets&_clbk=W36f77af7a08e8960e04dd6bd1f36ddde4de84be9b
2026-01-26 16:50:47,679 - seleniumwire.handler - INFO - Capturing request: https://api.performfeeds.com/soccerdata/match/ft1tiv1inq7v1sk3y9tv12yh5/b88u5e429cnb6ng0i5t4f9jo?_rt=c&live=yes&_lcl=en&_fmt=jsonp&sps=widgets&_clbk=W3408ad5b39ef3d86a1ba417de64d89dda0e8f5fae
2026-01-26 16:50:47,929 - seleniumwire.handler - INFO - Capturing response: https://api.performfeeds.com/soccerdata/match/ft1tiv1inq7v1sk3y9tv12yh5/b88u5e429cnb6ng0i5t4f9jo?_rt=c&live=yes&_lcl=en&_fmt=jsonp&sps=widgets&_clbk=W3408ad5b39ef3d86a1ba417de64d89dda0e8f5fae 200 
2026-01-26 16:50:48,533 - seleniumwire.handler - INFO - Capturing response: https://api.performfeeds.com/soccerdata/matchevent/ft1tiv1inq7v1sk3y9tv12yh5/b88u5e429cnb6ng0i5t4f9jo?_rt=c&_lcl=en&_fmt=jsonp&sps=widgets&_clbk=W36f77af7a08e8960e04dd6bd1f36ddde4de84be9b 200 
2026-01-26 16:50:48,668 - seleniumwire.handler - INFO - Capturing request: https://api.performfeeds.com/soccerdata/squads/ft1tiv1inq7v1sk3y9tv12yh5/?_rt=c&ctst=agh9ifb2mw3ivjusgedj7c3fe&tmcl=80zg2v1cuqcfhphn56u4qpyqc&_pgSz=200&_lcl=en&_fmt=jsonp&sps=widgets&_clbk=W320eedfa8f479c4d17673a4baff42dcfd46ee6b0d
2026-01-26 16:50:48,669 - seleniumwire.handler - INFO - Capturing request: https://api.performfeeds.com/soccerdata/squads/ft1tiv1inq7v1sk3y9tv12yh5/?_rt=c&ctst=ba5e91hjacvma2sjvixn00pjo&tmcl=80zg2v1cuqcfhphn56u4qpyqc&_pgSz=200&_lcl=en&_fmt=jsonp&sps=widgets&_clbk=W3bfce8ab0e24020a46b4b957373747166df97e410
2026-01-26 16:50:48,684 - seleniumwire.handler - INFO - Capturing response: https://api.performfeeds.com/soccerdata/squads/ft1tiv1inq7v1sk3y9tv12yh5/?_rt=c&ctst=agh9ifb2mw3ivjusgedj7c3fe&tmcl=80zg2v1cuqcfhphn56u4qpyqc&_pgSz=200&_lcl=en&_fmt=jsonp&sps=widgets&_clbk=W320eedfa8f479c4d17673a4baff42dcfd46ee6b0d 200 
2026-01-26 16:50:49,152 - seleniumwire.handler - INFO - Capturing response: https://api.performfeeds.com/soccerdata/squads/ft1tiv1inq7v1sk3y9tv12yh5/?_rt=c&ctst=ba5e91hjacvma2sjvixn00pjo&tmcl=80zg2v1cuqcfhphn56u4qpyqc&_pgSz=200&_lcl=en&_fmt=jsonp&sps=widgets&_clbk=W3bfce8ab0e24020a46b4b957373747166df97e410 200 
2026-01-26 16:50:49,438 - seleniumwire.handler - INFO - Capturing response: https://api.performfeeds.com/soccerdata/match/ft1tiv1inq7v1sk3y9tv12yh5/?_rt=c&tmcl=80zg2v1cuqcfhphn56u4qpyqc&live=yes&_pgSz=400&_lcl=en&_fmt=jsonp&sps=widgets&_clbk=W38c46802b1808b1f7876d1903445d1c709bb717a6 200 
2026-01-26 16:50:50,298 - seleniumwire.handler - INFO - Capturing request: https://api.performfeeds.com/soccerdata/nlgdynamicplayerbio/ft1tiv1inq7v1sk3y9tv12yh5?prsn=5f8kjgsaabn2li5r7bvpebbsa&_rt=c&_fmt=jsonp&_lcl=en-gb&_clbk=W3d842f21b34d63c57c26b5890406eaa3f86b38a41
2026-01-26 16:50:50,557 - seleniumwire.handler - INFO - Capturing response: https://api.performfeeds.com/soccerdata/nlgdynamicplayerbio/ft1tiv1inq7v1sk3y9tv12yh5?prsn=5f8kjgsaabn2li5r7bvpebbsa&_rt=c&_fmt=jsonp&_lcl=en-gb&_clbk=W3d842f21b34d63c57c26b5890406eaa3f86b38a41 200 
2026-01-26 16:51:31,606 - OptaPipeline - INFO -    ✅ Downloaded: b88u5e429cnb6ng0i5t4f9jo.json (1696022 bytes, clean JSON)
2026-01-26 16:51:33,188 - OptaPipeline - INFO - [19/21] Match: a4rapcrtfjbf1vihoi65rm6s
2026-01-26 16:51:33,189 - seleniumwire.storage - INFO - Using in-memory request storage
2026-01-26 16:51:33,193 - seleniumwire.backend - INFO - Created proxy listening on ::ffff:127.0.0.1:54484
2026-01-26 16:51:34,422 - seleniumwire.handler - INFO - Capturing request: http://clients2.google.com/time/1/current?cup2key=9:HYEO5Om1hUzEI5nobNIIYRKQWAfTUR3Tj_zTmKeYUQc&cup2hreq=e3b0c44298fc1c149afbf4c8996fb92427ae41e4649b934ca495991b7852b855
2026-01-26 16:51:34,494 - seleniumwire.handler - INFO - Capturing response: http://clients2.google.com/time/1/current?cup2key=9:HYEO5Om1hUzEI5nobNIIYRKQWAfTUR3Tj_zTmKeYUQc&cup2hreq=e3b0c44298fc1c149afbf4c8996fb92427ae41e4649b934ca495991b7852b855 200 OK
2026-01-26 16:51:38,511 - seleniumwire.handler - INFO - Capturing request: https://api.performfeeds.com/soccerdata/match/ft1tiv1inq7v1sk3y9tv12yh5/?_rt=c&tmcl=80zg2v1cuqcfhphn56u4qpyqc&live=yes&_pgSz=400&_lcl=en&_fmt=jsonp&sps=widgets&_clbk=W38c46802b1808b1f7876d1903445d1c709bb717a6
2026-01-26 16:51:38,524 - seleniumwire.handler - INFO - Capturing request: https://api.performfeeds.com/soccerdata/match/ft1tiv1inq7v1sk3y9tv12yh5/a4rapcrtfjbf1vihoi65rm6s?_rt=c&live=yes&_lcl=en&_fmt=jsonp&sps=widgets&_clbk=W3bf6b0fbbf8c4b01ccb7c3815d9c079277faf022b
2026-01-26 16:51:38,525 - seleniumwire.handler - INFO - Capturing request: https://api.performfeeds.com/soccerdata/matchevent/ft1tiv1inq7v1sk3y9tv12yh5/a4rapcrtfjbf1vihoi65rm6s?_rt=c&_lcl=en&_fmt=jsonp&sps=widgets&_clbk=W3b9f764cdf2f9e7b2d1c2a5b38aa41bd47490a360
2026-01-26 16:51:38,722 - seleniumwire.handler - INFO - Capturing response: https://api.performfeeds.com/soccerdata/match/ft1tiv1inq7v1sk3y9tv12yh5/a4rapcrtfjbf1vihoi65rm6s?_rt=c&live=yes&_lcl=en&_fmt=jsonp&sps=widgets&_clbk=W3bf6b0fbbf8c4b01ccb7c3815d9c079277faf022b 200 
2026-01-26 16:51:39,176 - seleniumwire.handler - INFO - Capturing response: https://api.performfeeds.com/soccerdata/matchevent/ft1tiv1inq7v1sk3y9tv12yh5/a4rapcrtfjbf1vihoi65rm6s?_rt=c&_lcl=en&_fmt=jsonp&sps=widgets&_clbk=W3b9f764cdf2f9e7b2d1c2a5b38aa41bd47490a360 200 
2026-01-26 16:51:39,306 - seleniumwire.handler - INFO - Capturing request: https://api.performfeeds.com/soccerdata/squads/ft1tiv1inq7v1sk3y9tv12yh5/?_rt=c&ctst=agh9ifb2mw3ivjusgedj7c3fe&tmcl=80zg2v1cuqcfhphn56u4qpyqc&_pgSz=200&_lcl=en&_fmt=jsonp&sps=widgets&_clbk=W320eedfa8f479c4d17673a4baff42dcfd46ee6b0d
2026-01-26 16:51:39,307 - seleniumwire.handler - INFO - Capturing request: https://api.performfeeds.com/soccerdata/squads/ft1tiv1inq7v1sk3y9tv12yh5/?_rt=c&ctst=3budh3j9xivsid3ptm8ptpy4k&tmcl=80zg2v1cuqcfhphn56u4qpyqc&_pgSz=200&_lcl=en&_fmt=jsonp&sps=widgets&_clbk=W39b54a772d5f12776b5363ffa84808287db12c7ea
2026-01-26 16:51:39,324 - seleniumwire.handler - INFO - Capturing response: https://api.performfeeds.com/soccerdata/squads/ft1tiv1inq7v1sk3y9tv12yh5/?_rt=c&ctst=agh9ifb2mw3ivjusgedj7c3fe&tmcl=80zg2v1cuqcfhphn56u4qpyqc&_pgSz=200&_lcl=en&_fmt=jsonp&sps=widgets&_clbk=W320eedfa8f479c4d17673a4baff42dcfd46ee6b0d 200 
2026-01-26 16:51:39,608 - seleniumwire.handler - INFO - Capturing response: https://api.performfeeds.com/soccerdata/squads/ft1tiv1inq7v1sk3y9tv12yh5/?_rt=c&ctst=3budh3j9xivsid3ptm8ptpy4k&tmcl=80zg2v1cuqcfhphn56u4qpyqc&_pgSz=200&_lcl=en&_fmt=jsonp&sps=widgets&_clbk=W39b54a772d5f12776b5363ffa84808287db12c7ea 200 
2026-01-26 16:51:39,902 - seleniumwire.handler - INFO - Capturing response: https://api.performfeeds.com/soccerdata/match/ft1tiv1inq7v1sk3y9tv12yh5/?_rt=c&tmcl=80zg2v1cuqcfhphn56u4qpyqc&live=yes&_pgSz=400&_lcl=en&_fmt=jsonp&sps=widgets&_clbk=W38c46802b1808b1f7876d1903445d1c709bb717a6 200 
2026-01-26 16:51:40,927 - seleniumwire.handler - INFO - Capturing request: https://api.performfeeds.com/soccerdata/nlgdynamicplayerbio/ft1tiv1inq7v1sk3y9tv12yh5?prsn=9h6xf4ac4rpsjpummcdx26z9&_rt=c&_fmt=jsonp&_lcl=en-gb&_clbk=W3388375f7996199fa07844701aa576ef0538f5b5d
2026-01-26 16:51:41,381 - seleniumwire.handler - INFO - Capturing response: https://api.performfeeds.com/soccerdata/nlgdynamicplayerbio/ft1tiv1inq7v1sk3y9tv12yh5?prsn=9h6xf4ac4rpsjpummcdx26z9&_rt=c&_fmt=jsonp&_lcl=en-gb&_clbk=W3388375f7996199fa07844701aa576ef0538f5b5d 200 
